<?xml version="1.0" encoding="UTF-8"?>
<testsuites>
  <testsuite name="" tests="459" assertions="889" errors="0" warnings="0" failures="2" skipped="0" time="6.191600">
    <testsuite name="unit" tests="459" assertions="889" errors="0" warnings="0" failures="2" skipped="0" time="6.191600">
      <testsuite name="Squingla\Test\Collections\Dictionary\ArrayDictionaryTest" file="/usr/src/collections/test/Dictionary/ArrayDictionaryTest.php" tests="121" assertions="432" errors="0" warnings="0" failures="0" skipped="0" time="2.294971">
        <testcase name="testCreateEmpty" class="Squingla\Test\Collections\Dictionary\ArrayDictionaryTest" classname="Squingla.Test.Collections.Dictionary.ArrayDictionaryTest" file="/usr/src/collections/test/Dictionary/ArrayDictionaryTest.php" line="25" assertions="1" time="0.375330"/>
        <testcase name="testCreateFromIndexedArray" class="Squingla\Test\Collections\Dictionary\ArrayDictionaryTest" classname="Squingla.Test.Collections.Dictionary.ArrayDictionaryTest" file="/usr/src/collections/test/Dictionary/ArrayDictionaryTest.php" line="30" assertions="5" time="0.034553"/>
        <testcase name="testCreateFromTuples" class="Squingla\Test\Collections\Dictionary\ArrayDictionaryTest" classname="Squingla.Test.Collections.Dictionary.ArrayDictionaryTest" file="/usr/src/collections/test/Dictionary/ArrayDictionaryTest.php" line="42" assertions="5" time="0.015571"/>
        <testcase name="testCreateFromTupleArrays" class="Squingla\Test\Collections\Dictionary\ArrayDictionaryTest" classname="Squingla.Test.Collections.Dictionary.ArrayDictionaryTest" file="/usr/src/collections/test/Dictionary/ArrayDictionaryTest.php" line="57" assertions="5" time="0.017218"/>
        <testsuite name="Squingla\Test\Collections\Dictionary\ArrayDictionaryTest::testGetLength" tests="4" assertions="4" errors="0" warnings="0" failures="0" skipped="0" time="0.034497">
          <testcase name="testGetLength with data set #0" class="Squingla\Test\Collections\Dictionary\ArrayDictionaryTest" classname="Squingla.Test.Collections.Dictionary.ArrayDictionaryTest" file="/usr/src/collections/test/Dictionary/ArrayDictionaryTest.php" line="19" assertions="1" time="0.008755"/>
          <testcase name="testGetLength with data set #1" class="Squingla\Test\Collections\Dictionary\ArrayDictionaryTest" classname="Squingla.Test.Collections.Dictionary.ArrayDictionaryTest" file="/usr/src/collections/test/Dictionary/ArrayDictionaryTest.php" line="19" assertions="1" time="0.008637"/>
          <testcase name="testGetLength with data set #2" class="Squingla\Test\Collections\Dictionary\ArrayDictionaryTest" classname="Squingla.Test.Collections.Dictionary.ArrayDictionaryTest" file="/usr/src/collections/test/Dictionary/ArrayDictionaryTest.php" line="19" assertions="1" time="0.009035"/>
          <testcase name="testGetLength with data set #3" class="Squingla\Test\Collections\Dictionary\ArrayDictionaryTest" classname="Squingla.Test.Collections.Dictionary.ArrayDictionaryTest" file="/usr/src/collections/test/Dictionary/ArrayDictionaryTest.php" line="19" assertions="1" time="0.008070"/>
        </testsuite>
        <testsuite name="Squingla\Test\Collections\Dictionary\ArrayDictionaryTest::testIsEmpty" tests="4" assertions="4" errors="0" warnings="0" failures="0" skipped="0" time="0.035571">
          <testcase name="testIsEmpty with data set #0" class="Squingla\Test\Collections\Dictionary\ArrayDictionaryTest" classname="Squingla.Test.Collections.Dictionary.ArrayDictionaryTest" file="/usr/src/collections/test/Dictionary/ArrayDictionaryTest.php" line="26" assertions="1" time="0.008989"/>
          <testcase name="testIsEmpty with data set #1" class="Squingla\Test\Collections\Dictionary\ArrayDictionaryTest" classname="Squingla.Test.Collections.Dictionary.ArrayDictionaryTest" file="/usr/src/collections/test/Dictionary/ArrayDictionaryTest.php" line="26" assertions="1" time="0.009097"/>
          <testcase name="testIsEmpty with data set #2" class="Squingla\Test\Collections\Dictionary\ArrayDictionaryTest" classname="Squingla.Test.Collections.Dictionary.ArrayDictionaryTest" file="/usr/src/collections/test/Dictionary/ArrayDictionaryTest.php" line="26" assertions="1" time="0.009622"/>
          <testcase name="testIsEmpty with data set #3" class="Squingla\Test\Collections\Dictionary\ArrayDictionaryTest" classname="Squingla.Test.Collections.Dictionary.ArrayDictionaryTest" file="/usr/src/collections/test/Dictionary/ArrayDictionaryTest.php" line="26" assertions="1" time="0.007864"/>
        </testsuite>
        <testsuite name="Squingla\Test\Collections\Dictionary\ArrayDictionaryTest::testNonEmpty" tests="4" assertions="4" errors="0" warnings="0" failures="0" skipped="0" time="0.035424">
          <testcase name="testNonEmpty with data set #0" class="Squingla\Test\Collections\Dictionary\ArrayDictionaryTest" classname="Squingla.Test.Collections.Dictionary.ArrayDictionaryTest" file="/usr/src/collections/test/Dictionary/ArrayDictionaryTest.php" line="33" assertions="1" time="0.008286"/>
          <testcase name="testNonEmpty with data set #1" class="Squingla\Test\Collections\Dictionary\ArrayDictionaryTest" classname="Squingla.Test.Collections.Dictionary.ArrayDictionaryTest" file="/usr/src/collections/test/Dictionary/ArrayDictionaryTest.php" line="33" assertions="1" time="0.008914"/>
          <testcase name="testNonEmpty with data set #2" class="Squingla\Test\Collections\Dictionary\ArrayDictionaryTest" classname="Squingla.Test.Collections.Dictionary.ArrayDictionaryTest" file="/usr/src/collections/test/Dictionary/ArrayDictionaryTest.php" line="33" assertions="1" time="0.009372"/>
          <testcase name="testNonEmpty with data set #3" class="Squingla\Test\Collections\Dictionary\ArrayDictionaryTest" classname="Squingla.Test.Collections.Dictionary.ArrayDictionaryTest" file="/usr/src/collections/test/Dictionary/ArrayDictionaryTest.php" line="33" assertions="1" time="0.008853"/>
        </testsuite>
        <testsuite name="Squingla\Test\Collections\Dictionary\ArrayDictionaryTest::testForEach" tests="4" assertions="13" errors="0" warnings="0" failures="0" skipped="0" time="0.052380">
          <testcase name="testForEach with data set #0" class="Squingla\Test\Collections\Dictionary\ArrayDictionaryTest" classname="Squingla.Test.Collections.Dictionary.ArrayDictionaryTest" file="/usr/src/collections/test/Dictionary/ArrayDictionaryTest.php" line="40" assertions="4" time="0.015174"/>
          <testcase name="testForEach with data set #1" class="Squingla\Test\Collections\Dictionary\ArrayDictionaryTest" classname="Squingla.Test.Collections.Dictionary.ArrayDictionaryTest" file="/usr/src/collections/test/Dictionary/ArrayDictionaryTest.php" line="40" assertions="4" time="0.014899"/>
          <testcase name="testForEach with data set #2" class="Squingla\Test\Collections\Dictionary\ArrayDictionaryTest" classname="Squingla.Test.Collections.Dictionary.ArrayDictionaryTest" file="/usr/src/collections/test/Dictionary/ArrayDictionaryTest.php" line="40" assertions="4" time="0.015792"/>
          <testcase name="testForEach with data set #3" class="Squingla\Test\Collections\Dictionary\ArrayDictionaryTest" classname="Squingla.Test.Collections.Dictionary.ArrayDictionaryTest" file="/usr/src/collections/test/Dictionary/ArrayDictionaryTest.php" line="40" assertions="1" time="0.006515"/>
        </testsuite>
        <testsuite name="Squingla\Test\Collections\Dictionary\ArrayDictionaryTest::testFilter" tests="3" assertions="12" errors="0" warnings="0" failures="0" skipped="0" time="0.067921">
          <testcase name="testFilter with data set #0" class="Squingla\Test\Collections\Dictionary\ArrayDictionaryTest" classname="Squingla.Test.Collections.Dictionary.ArrayDictionaryTest" file="/usr/src/collections/test/Dictionary/ArrayDictionaryTest.php" line="80" assertions="6" time="0.043229"/>
          <testcase name="testFilter with data set #1" class="Squingla\Test\Collections\Dictionary\ArrayDictionaryTest" classname="Squingla.Test.Collections.Dictionary.ArrayDictionaryTest" file="/usr/src/collections/test/Dictionary/ArrayDictionaryTest.php" line="80" assertions="4" time="0.015166"/>
          <testcase name="testFilter with data set #2" class="Squingla\Test\Collections\Dictionary\ArrayDictionaryTest" classname="Squingla.Test.Collections.Dictionary.ArrayDictionaryTest" file="/usr/src/collections/test/Dictionary/ArrayDictionaryTest.php" line="80" assertions="2" time="0.009525"/>
        </testsuite>
        <testsuite name="Squingla\Test\Collections\Dictionary\ArrayDictionaryTest::testCount" tests="3" assertions="3" errors="0" warnings="0" failures="0" skipped="0" time="0.028911">
          <testcase name="testCount with data set #0" class="Squingla\Test\Collections\Dictionary\ArrayDictionaryTest" classname="Squingla.Test.Collections.Dictionary.ArrayDictionaryTest" file="/usr/src/collections/test/Dictionary/ArrayDictionaryTest.php" line="98" assertions="1" time="0.009732"/>
          <testcase name="testCount with data set #1" class="Squingla\Test\Collections\Dictionary\ArrayDictionaryTest" classname="Squingla.Test.Collections.Dictionary.ArrayDictionaryTest" file="/usr/src/collections/test/Dictionary/ArrayDictionaryTest.php" line="98" assertions="1" time="0.010163"/>
          <testcase name="testCount with data set #2" class="Squingla\Test\Collections\Dictionary\ArrayDictionaryTest" classname="Squingla.Test.Collections.Dictionary.ArrayDictionaryTest" file="/usr/src/collections/test/Dictionary/ArrayDictionaryTest.php" line="98" assertions="1" time="0.009016"/>
        </testsuite>
        <testsuite name="Squingla\Test\Collections\Dictionary\ArrayDictionaryTest::testFilterNot" tests="3" assertions="12" errors="0" warnings="0" failures="0" skipped="0" time="0.048935">
          <testcase name="testFilterNot with data set #0" class="Squingla\Test\Collections\Dictionary\ArrayDictionaryTest" classname="Squingla.Test.Collections.Dictionary.ArrayDictionaryTest" file="/usr/src/collections/test/Dictionary/ArrayDictionaryTest.php" line="147" assertions="4" time="0.021775"/>
          <testcase name="testFilterNot with data set #1" class="Squingla\Test\Collections\Dictionary\ArrayDictionaryTest" classname="Squingla.Test.Collections.Dictionary.ArrayDictionaryTest" file="/usr/src/collections/test/Dictionary/ArrayDictionaryTest.php" line="147" assertions="6" time="0.019422"/>
          <testcase name="testFilterNot with data set #2" class="Squingla\Test\Collections\Dictionary\ArrayDictionaryTest" classname="Squingla.Test.Collections.Dictionary.ArrayDictionaryTest" file="/usr/src/collections/test/Dictionary/ArrayDictionaryTest.php" line="147" assertions="2" time="0.007737"/>
        </testsuite>
        <testsuite name="Squingla\Test\Collections\Dictionary\ArrayDictionaryTest::testExists" tests="4" assertions="4" errors="0" warnings="0" failures="0" skipped="0" time="0.050350">
          <testcase name="testExists with data set #0" class="Squingla\Test\Collections\Dictionary\ArrayDictionaryTest" classname="Squingla.Test.Collections.Dictionary.ArrayDictionaryTest" file="/usr/src/collections/test/Dictionary/ArrayDictionaryTest.php" line="204" assertions="1" time="0.013094"/>
          <testcase name="testExists with data set #1" class="Squingla\Test\Collections\Dictionary\ArrayDictionaryTest" classname="Squingla.Test.Collections.Dictionary.ArrayDictionaryTest" file="/usr/src/collections/test/Dictionary/ArrayDictionaryTest.php" line="204" assertions="1" time="0.009936"/>
          <testcase name="testExists with data set #2" class="Squingla\Test\Collections\Dictionary\ArrayDictionaryTest" classname="Squingla.Test.Collections.Dictionary.ArrayDictionaryTest" file="/usr/src/collections/test/Dictionary/ArrayDictionaryTest.php" line="204" assertions="1" time="0.009892"/>
          <testcase name="testExists with data set #3" class="Squingla\Test\Collections\Dictionary\ArrayDictionaryTest" classname="Squingla.Test.Collections.Dictionary.ArrayDictionaryTest" file="/usr/src/collections/test/Dictionary/ArrayDictionaryTest.php" line="204" assertions="1" time="0.017428"/>
        </testsuite>
        <testsuite name="Squingla\Test\Collections\Dictionary\ArrayDictionaryTest::testForAll" tests="4" assertions="4" errors="0" warnings="0" failures="0" skipped="0" time="0.040326">
          <testcase name="testForAll with data set #0" class="Squingla\Test\Collections\Dictionary\ArrayDictionaryTest" classname="Squingla.Test.Collections.Dictionary.ArrayDictionaryTest" file="/usr/src/collections/test/Dictionary/ArrayDictionaryTest.php" line="214" assertions="1" time="0.012225"/>
          <testcase name="testForAll with data set #1" class="Squingla\Test\Collections\Dictionary\ArrayDictionaryTest" classname="Squingla.Test.Collections.Dictionary.ArrayDictionaryTest" file="/usr/src/collections/test/Dictionary/ArrayDictionaryTest.php" line="214" assertions="1" time="0.009527"/>
          <testcase name="testForAll with data set #2" class="Squingla\Test\Collections\Dictionary\ArrayDictionaryTest" classname="Squingla.Test.Collections.Dictionary.ArrayDictionaryTest" file="/usr/src/collections/test/Dictionary/ArrayDictionaryTest.php" line="214" assertions="1" time="0.009474"/>
          <testcase name="testForAll with data set #3" class="Squingla\Test\Collections\Dictionary\ArrayDictionaryTest" classname="Squingla.Test.Collections.Dictionary.ArrayDictionaryTest" file="/usr/src/collections/test/Dictionary/ArrayDictionaryTest.php" line="214" assertions="1" time="0.009100"/>
        </testsuite>
        <testcase name="testMap" class="Squingla\Test\Collections\Dictionary\ArrayDictionaryTest" classname="Squingla.Test.Collections.Dictionary.ArrayDictionaryTest" file="/usr/src/collections/test/Dictionary/ArrayDictionaryTest.php" line="267" assertions="1" time="0.012568"/>
        <testcase name="testFlatMap" class="Squingla\Test\Collections\Dictionary\ArrayDictionaryTest" classname="Squingla.Test.Collections.Dictionary.ArrayDictionaryTest" file="/usr/src/collections/test/Dictionary/ArrayDictionaryTest.php" line="289" assertions="1" time="0.013948"/>
        <testcase name="testFoldLeft" class="Squingla\Test\Collections\Dictionary\ArrayDictionaryTest" classname="Squingla.Test.Collections.Dictionary.ArrayDictionaryTest" file="/usr/src/collections/test/Dictionary/ArrayDictionaryTest.php" line="321" assertions="1" time="0.012032"/>
        <testcase name="testFoldRight" class="Squingla\Test\Collections\Dictionary\ArrayDictionaryTest" classname="Squingla.Test.Collections.Dictionary.ArrayDictionaryTest" file="/usr/src/collections/test/Dictionary/ArrayDictionaryTest.php" line="337" assertions="1" time="0.011360"/>
        <testsuite name="Squingla\Test\Collections\Dictionary\ArrayDictionaryTest::testReduceLeftOption" tests="3" assertions="9" errors="0" warnings="0" failures="0" skipped="0" time="0.040189">
          <testcase name="testReduceLeftOption with data set #0" class="Squingla\Test\Collections\Dictionary\ArrayDictionaryTest" classname="Squingla.Test.Collections.Dictionary.ArrayDictionaryTest" file="/usr/src/collections/test/Dictionary/ArrayDictionaryTest.php" line="354" assertions="3" time="0.018429"/>
          <testcase name="testReduceLeftOption with data set #1" class="Squingla\Test\Collections\Dictionary\ArrayDictionaryTest" classname="Squingla.Test.Collections.Dictionary.ArrayDictionaryTest" file="/usr/src/collections/test/Dictionary/ArrayDictionaryTest.php" line="354" assertions="3" time="0.010887"/>
          <testcase name="testReduceLeftOption with data set #2" class="Squingla\Test\Collections\Dictionary\ArrayDictionaryTest" classname="Squingla.Test.Collections.Dictionary.ArrayDictionaryTest" file="/usr/src/collections/test/Dictionary/ArrayDictionaryTest.php" line="354" assertions="3" time="0.010873"/>
        </testsuite>
        <testsuite name="Squingla\Test\Collections\Dictionary\ArrayDictionaryTest::testReduceRightOption" tests="3" assertions="9" errors="0" warnings="0" failures="0" skipped="0" time="0.041443">
          <testcase name="testReduceRightOption with data set #0" class="Squingla\Test\Collections\Dictionary\ArrayDictionaryTest" classname="Squingla.Test.Collections.Dictionary.ArrayDictionaryTest" file="/usr/src/collections/test/Dictionary/ArrayDictionaryTest.php" line="369" assertions="3" time="0.016415"/>
          <testcase name="testReduceRightOption with data set #1" class="Squingla\Test\Collections\Dictionary\ArrayDictionaryTest" classname="Squingla.Test.Collections.Dictionary.ArrayDictionaryTest" file="/usr/src/collections/test/Dictionary/ArrayDictionaryTest.php" line="369" assertions="3" time="0.014511"/>
          <testcase name="testReduceRightOption with data set #2" class="Squingla\Test\Collections\Dictionary\ArrayDictionaryTest" classname="Squingla.Test.Collections.Dictionary.ArrayDictionaryTest" file="/usr/src/collections/test/Dictionary/ArrayDictionaryTest.php" line="369" assertions="3" time="0.010517"/>
        </testsuite>
        <testsuite name="Squingla\Test\Collections\Dictionary\ArrayDictionaryTest::testReduceLeft" tests="3" assertions="5" errors="0" warnings="0" failures="0" skipped="0" time="0.087362">
          <testcase name="testReduceLeft with data set #0" class="Squingla\Test\Collections\Dictionary\ArrayDictionaryTest" classname="Squingla.Test.Collections.Dictionary.ArrayDictionaryTest" file="/usr/src/collections/test/Dictionary/ArrayDictionaryTest.php" line="384" assertions="2" time="0.013821"/>
          <testcase name="testReduceLeft with data set #1" class="Squingla\Test\Collections\Dictionary\ArrayDictionaryTest" classname="Squingla.Test.Collections.Dictionary.ArrayDictionaryTest" file="/usr/src/collections/test/Dictionary/ArrayDictionaryTest.php" line="384" assertions="2" time="0.008897"/>
          <testcase name="testReduceLeft with data set #2" class="Squingla\Test\Collections\Dictionary\ArrayDictionaryTest" classname="Squingla.Test.Collections.Dictionary.ArrayDictionaryTest" file="/usr/src/collections/test/Dictionary/ArrayDictionaryTest.php" line="384" assertions="1" time="0.064645"/>
        </testsuite>
        <testsuite name="Squingla\Test\Collections\Dictionary\ArrayDictionaryTest::testReduceRight" tests="3" assertions="5" errors="0" warnings="0" failures="0" skipped="0" time="0.035844">
          <testcase name="testReduceRight with data set #0" class="Squingla\Test\Collections\Dictionary\ArrayDictionaryTest" classname="Squingla.Test.Collections.Dictionary.ArrayDictionaryTest" file="/usr/src/collections/test/Dictionary/ArrayDictionaryTest.php" line="403" assertions="2" time="0.014117"/>
          <testcase name="testReduceRight with data set #1" class="Squingla\Test\Collections\Dictionary\ArrayDictionaryTest" classname="Squingla.Test.Collections.Dictionary.ArrayDictionaryTest" file="/usr/src/collections/test/Dictionary/ArrayDictionaryTest.php" line="403" assertions="2" time="0.012125"/>
          <testcase name="testReduceRight with data set #2" class="Squingla\Test\Collections\Dictionary\ArrayDictionaryTest" classname="Squingla.Test.Collections.Dictionary.ArrayDictionaryTest" file="/usr/src/collections/test/Dictionary/ArrayDictionaryTest.php" line="403" assertions="1" time="0.009601"/>
        </testsuite>
        <testsuite name="Squingla\Test\Collections\Dictionary\ArrayDictionaryTest::testGet" tests="5" assertions="16" errors="0" warnings="0" failures="0" skipped="0" time="0.091358">
          <testcase name="testGet with data set #0" class="Squingla\Test\Collections\Dictionary\ArrayDictionaryTest" classname="Squingla.Test.Collections.Dictionary.ArrayDictionaryTest" file="/usr/src/collections/test/Dictionary/ArrayDictionaryTest.php" line="22" assertions="4" time="0.029637"/>
          <testcase name="testGet with data set #1" class="Squingla\Test\Collections\Dictionary\ArrayDictionaryTest" classname="Squingla.Test.Collections.Dictionary.ArrayDictionaryTest" file="/usr/src/collections/test/Dictionary/ArrayDictionaryTest.php" line="22" assertions="4" time="0.019088"/>
          <testcase name="testGet with data set #2" class="Squingla\Test\Collections\Dictionary\ArrayDictionaryTest" classname="Squingla.Test.Collections.Dictionary.ArrayDictionaryTest" file="/usr/src/collections/test/Dictionary/ArrayDictionaryTest.php" line="22" assertions="4" time="0.016179"/>
          <testcase name="testGet with data set #3" class="Squingla\Test\Collections\Dictionary\ArrayDictionaryTest" classname="Squingla.Test.Collections.Dictionary.ArrayDictionaryTest" file="/usr/src/collections/test/Dictionary/ArrayDictionaryTest.php" line="22" assertions="1" time="0.011463"/>
          <testcase name="testGet with data set #4" class="Squingla\Test\Collections\Dictionary\ArrayDictionaryTest" classname="Squingla.Test.Collections.Dictionary.ArrayDictionaryTest" file="/usr/src/collections/test/Dictionary/ArrayDictionaryTest.php" line="22" assertions="3" time="0.014990"/>
        </testsuite>
        <testsuite name="Squingla\Test\Collections\Dictionary\ArrayDictionaryTest::testArrayAccess" tests="5" assertions="32" errors="0" warnings="0" failures="0" skipped="0" time="0.120195">
          <testcase name="testArrayAccess with data set #0" class="Squingla\Test\Collections\Dictionary\ArrayDictionaryTest" classname="Squingla.Test.Collections.Dictionary.ArrayDictionaryTest" file="/usr/src/collections/test/Dictionary/ArrayDictionaryTest.php" line="35" assertions="8" time="0.044523"/>
          <testcase name="testArrayAccess with data set #1" class="Squingla\Test\Collections\Dictionary\ArrayDictionaryTest" classname="Squingla.Test.Collections.Dictionary.ArrayDictionaryTest" file="/usr/src/collections/test/Dictionary/ArrayDictionaryTest.php" line="35" assertions="8" time="0.023472"/>
          <testcase name="testArrayAccess with data set #2" class="Squingla\Test\Collections\Dictionary\ArrayDictionaryTest" classname="Squingla.Test.Collections.Dictionary.ArrayDictionaryTest" file="/usr/src/collections/test/Dictionary/ArrayDictionaryTest.php" line="35" assertions="8" time="0.022227"/>
          <testcase name="testArrayAccess with data set #3" class="Squingla\Test\Collections\Dictionary\ArrayDictionaryTest" classname="Squingla.Test.Collections.Dictionary.ArrayDictionaryTest" file="/usr/src/collections/test/Dictionary/ArrayDictionaryTest.php" line="35" assertions="2" time="0.010894"/>
          <testcase name="testArrayAccess with data set #4" class="Squingla\Test\Collections\Dictionary\ArrayDictionaryTest" classname="Squingla.Test.Collections.Dictionary.ArrayDictionaryTest" file="/usr/src/collections/test/Dictionary/ArrayDictionaryTest.php" line="35" assertions="6" time="0.019078"/>
        </testsuite>
        <testsuite name="Squingla\Test\Collections\Dictionary\ArrayDictionaryTest::testInvoke" tests="5" assertions="16" errors="0" warnings="0" failures="0" skipped="0" time="0.083724">
          <testcase name="testInvoke with data set #0" class="Squingla\Test\Collections\Dictionary\ArrayDictionaryTest" classname="Squingla.Test.Collections.Dictionary.ArrayDictionaryTest" file="/usr/src/collections/test/Dictionary/ArrayDictionaryTest.php" line="50" assertions="4" time="0.019523"/>
          <testcase name="testInvoke with data set #1" class="Squingla\Test\Collections\Dictionary\ArrayDictionaryTest" classname="Squingla.Test.Collections.Dictionary.ArrayDictionaryTest" file="/usr/src/collections/test/Dictionary/ArrayDictionaryTest.php" line="50" assertions="4" time="0.018497"/>
          <testcase name="testInvoke with data set #2" class="Squingla\Test\Collections\Dictionary\ArrayDictionaryTest" classname="Squingla.Test.Collections.Dictionary.ArrayDictionaryTest" file="/usr/src/collections/test/Dictionary/ArrayDictionaryTest.php" line="50" assertions="4" time="0.020716"/>
          <testcase name="testInvoke with data set #3" class="Squingla\Test\Collections\Dictionary\ArrayDictionaryTest" classname="Squingla.Test.Collections.Dictionary.ArrayDictionaryTest" file="/usr/src/collections/test/Dictionary/ArrayDictionaryTest.php" line="50" assertions="1" time="0.008853"/>
          <testcase name="testInvoke with data set #4" class="Squingla\Test\Collections\Dictionary\ArrayDictionaryTest" classname="Squingla.Test.Collections.Dictionary.ArrayDictionaryTest" file="/usr/src/collections/test/Dictionary/ArrayDictionaryTest.php" line="50" assertions="3" time="0.016136"/>
        </testsuite>
        <testsuite name="Squingla\Test\Collections\Dictionary\ArrayDictionaryTest::testGetOption" tests="5" assertions="27" errors="0" warnings="0" failures="0" skipped="0" time="0.090389">
          <testcase name="testGetOption with data set #0" class="Squingla\Test\Collections\Dictionary\ArrayDictionaryTest" classname="Squingla.Test.Collections.Dictionary.ArrayDictionaryTest" file="/usr/src/collections/test/Dictionary/ArrayDictionaryTest.php" line="63" assertions="7" time="0.022802"/>
          <testcase name="testGetOption with data set #1" class="Squingla\Test\Collections\Dictionary\ArrayDictionaryTest" classname="Squingla.Test.Collections.Dictionary.ArrayDictionaryTest" file="/usr/src/collections/test/Dictionary/ArrayDictionaryTest.php" line="63" assertions="7" time="0.020197"/>
          <testcase name="testGetOption with data set #2" class="Squingla\Test\Collections\Dictionary\ArrayDictionaryTest" classname="Squingla.Test.Collections.Dictionary.ArrayDictionaryTest" file="/usr/src/collections/test/Dictionary/ArrayDictionaryTest.php" line="63" assertions="7" time="0.019752"/>
          <testcase name="testGetOption with data set #3" class="Squingla\Test\Collections\Dictionary\ArrayDictionaryTest" classname="Squingla.Test.Collections.Dictionary.ArrayDictionaryTest" file="/usr/src/collections/test/Dictionary/ArrayDictionaryTest.php" line="63" assertions="1" time="0.007514"/>
          <testcase name="testGetOption with data set #4" class="Squingla\Test\Collections\Dictionary\ArrayDictionaryTest" classname="Squingla.Test.Collections.Dictionary.ArrayDictionaryTest" file="/usr/src/collections/test/Dictionary/ArrayDictionaryTest.php" line="63" assertions="5" time="0.020125"/>
        </testsuite>
        <testsuite name="Squingla\Test\Collections\Dictionary\ArrayDictionaryTest::testHasKey" tests="5" assertions="16" errors="0" warnings="0" failures="0" skipped="0" time="0.058494">
          <testcase name="testHasKey with data set #0" class="Squingla\Test\Collections\Dictionary\ArrayDictionaryTest" classname="Squingla.Test.Collections.Dictionary.ArrayDictionaryTest" file="/usr/src/collections/test/Dictionary/ArrayDictionaryTest.php" line="77" assertions="4" time="0.012685"/>
          <testcase name="testHasKey with data set #1" class="Squingla\Test\Collections\Dictionary\ArrayDictionaryTest" classname="Squingla.Test.Collections.Dictionary.ArrayDictionaryTest" file="/usr/src/collections/test/Dictionary/ArrayDictionaryTest.php" line="77" assertions="4" time="0.012997"/>
          <testcase name="testHasKey with data set #2" class="Squingla\Test\Collections\Dictionary\ArrayDictionaryTest" classname="Squingla.Test.Collections.Dictionary.ArrayDictionaryTest" file="/usr/src/collections/test/Dictionary/ArrayDictionaryTest.php" line="77" assertions="4" time="0.014003"/>
          <testcase name="testHasKey with data set #3" class="Squingla\Test\Collections\Dictionary\ArrayDictionaryTest" classname="Squingla.Test.Collections.Dictionary.ArrayDictionaryTest" file="/usr/src/collections/test/Dictionary/ArrayDictionaryTest.php" line="77" assertions="1" time="0.006998"/>
          <testcase name="testHasKey with data set #4" class="Squingla\Test\Collections\Dictionary\ArrayDictionaryTest" classname="Squingla.Test.Collections.Dictionary.ArrayDictionaryTest" file="/usr/src/collections/test/Dictionary/ArrayDictionaryTest.php" line="77" assertions="3" time="0.011812"/>
        </testsuite>
        <testsuite name="Squingla\Test\Collections\Dictionary\ArrayDictionaryTest::testHasValue" tests="5" assertions="16" errors="0" warnings="0" failures="0" skipped="0" time="0.074363">
          <testcase name="testHasValue with data set #0" class="Squingla\Test\Collections\Dictionary\ArrayDictionaryTest" classname="Squingla.Test.Collections.Dictionary.ArrayDictionaryTest" file="/usr/src/collections/test/Dictionary/ArrayDictionaryTest.php" line="89" assertions="4" time="0.016141"/>
          <testcase name="testHasValue with data set #1" class="Squingla\Test\Collections\Dictionary\ArrayDictionaryTest" classname="Squingla.Test.Collections.Dictionary.ArrayDictionaryTest" file="/usr/src/collections/test/Dictionary/ArrayDictionaryTest.php" line="89" assertions="4" time="0.015575"/>
          <testcase name="testHasValue with data set #2" class="Squingla\Test\Collections\Dictionary\ArrayDictionaryTest" classname="Squingla.Test.Collections.Dictionary.ArrayDictionaryTest" file="/usr/src/collections/test/Dictionary/ArrayDictionaryTest.php" line="89" assertions="4" time="0.017071"/>
          <testcase name="testHasValue with data set #3" class="Squingla\Test\Collections\Dictionary\ArrayDictionaryTest" classname="Squingla.Test.Collections.Dictionary.ArrayDictionaryTest" file="/usr/src/collections/test/Dictionary/ArrayDictionaryTest.php" line="89" assertions="1" time="0.010234"/>
          <testcase name="testHasValue with data set #4" class="Squingla\Test\Collections\Dictionary\ArrayDictionaryTest" classname="Squingla.Test.Collections.Dictionary.ArrayDictionaryTest" file="/usr/src/collections/test/Dictionary/ArrayDictionaryTest.php" line="89" assertions="3" time="0.015341"/>
        </testsuite>
        <testsuite name="Squingla\Test\Collections\Dictionary\ArrayDictionaryTest::testPut" tests="3" assertions="19" errors="0" warnings="0" failures="0" skipped="0" time="0.071635">
          <testcase name="testPut with data set #0" class="Squingla\Test\Collections\Dictionary\ArrayDictionaryTest" classname="Squingla.Test.Collections.Dictionary.ArrayDictionaryTest" file="/usr/src/collections/test/Dictionary/ArrayDictionaryTest.php" line="149" assertions="9" time="0.037439"/>
          <testcase name="testPut with data set #1" class="Squingla\Test\Collections\Dictionary\ArrayDictionaryTest" classname="Squingla.Test.Collections.Dictionary.ArrayDictionaryTest" file="/usr/src/collections/test/Dictionary/ArrayDictionaryTest.php" line="149" assertions="7" time="0.021930"/>
          <testcase name="testPut with data set #2" class="Squingla\Test\Collections\Dictionary\ArrayDictionaryTest" classname="Squingla.Test.Collections.Dictionary.ArrayDictionaryTest" file="/usr/src/collections/test/Dictionary/ArrayDictionaryTest.php" line="149" assertions="3" time="0.012266"/>
        </testsuite>
        <testsuite name="Squingla\Test\Collections\Dictionary\ArrayDictionaryTest::testSet" tests="3" assertions="19" errors="0" warnings="0" failures="0" skipped="0" time="0.061033">
          <testcase name="testSet with data set #0" class="Squingla\Test\Collections\Dictionary\ArrayDictionaryTest" classname="Squingla.Test.Collections.Dictionary.ArrayDictionaryTest" file="/usr/src/collections/test/Dictionary/ArrayDictionaryTest.php" line="167" assertions="9" time="0.025988"/>
          <testcase name="testSet with data set #1" class="Squingla\Test\Collections\Dictionary\ArrayDictionaryTest" classname="Squingla.Test.Collections.Dictionary.ArrayDictionaryTest" file="/usr/src/collections/test/Dictionary/ArrayDictionaryTest.php" line="167" assertions="7" time="0.023766"/>
          <testcase name="testSet with data set #2" class="Squingla\Test\Collections\Dictionary\ArrayDictionaryTest" classname="Squingla.Test.Collections.Dictionary.ArrayDictionaryTest" file="/usr/src/collections/test/Dictionary/ArrayDictionaryTest.php" line="167" assertions="3" time="0.011279"/>
        </testsuite>
        <testsuite name="Squingla\Test\Collections\Dictionary\ArrayDictionaryTest::testAppended" tests="3" assertions="20" errors="0" warnings="0" failures="0" skipped="0" time="0.061599">
          <testcase name="testAppended with data set #0" class="Squingla\Test\Collections\Dictionary\ArrayDictionaryTest" classname="Squingla.Test.Collections.Dictionary.ArrayDictionaryTest" file="/usr/src/collections/test/Dictionary/ArrayDictionaryTest.php" line="17" assertions="8" time="0.024985"/>
          <testcase name="testAppended with data set #1" class="Squingla\Test\Collections\Dictionary\ArrayDictionaryTest" classname="Squingla.Test.Collections.Dictionary.ArrayDictionaryTest" file="/usr/src/collections/test/Dictionary/ArrayDictionaryTest.php" line="17" assertions="4" time="0.014478"/>
          <testcase name="testAppended with data set #2" class="Squingla\Test\Collections\Dictionary\ArrayDictionaryTest" classname="Squingla.Test.Collections.Dictionary.ArrayDictionaryTest" file="/usr/src/collections/test/Dictionary/ArrayDictionaryTest.php" line="17" assertions="8" time="0.022136"/>
        </testsuite>
        <testsuite name="Squingla\Test\Collections\Dictionary\ArrayDictionaryTest::testPrepended" tests="3" assertions="20" errors="0" warnings="0" failures="0" skipped="0" time="0.061630">
          <testcase name="testPrepended with data set #0" class="Squingla\Test\Collections\Dictionary\ArrayDictionaryTest" classname="Squingla.Test.Collections.Dictionary.ArrayDictionaryTest" file="/usr/src/collections/test/Dictionary/ArrayDictionaryTest.php" line="31" assertions="8" time="0.020970"/>
          <testcase name="testPrepended with data set #1" class="Squingla\Test\Collections\Dictionary\ArrayDictionaryTest" classname="Squingla.Test.Collections.Dictionary.ArrayDictionaryTest" file="/usr/src/collections/test/Dictionary/ArrayDictionaryTest.php" line="31" assertions="4" time="0.013102"/>
          <testcase name="testPrepended with data set #2" class="Squingla\Test\Collections\Dictionary\ArrayDictionaryTest" classname="Squingla.Test.Collections.Dictionary.ArrayDictionaryTest" file="/usr/src/collections/test/Dictionary/ArrayDictionaryTest.php" line="31" assertions="8" time="0.027558"/>
        </testsuite>
        <testsuite name="Squingla\Test\Collections\Dictionary\ArrayDictionaryTest::testConcat" tests="2" assertions="20" errors="0" warnings="0" failures="0" skipped="0" time="0.067650">
          <testcase name="testConcat with data set #0" class="Squingla\Test\Collections\Dictionary\ArrayDictionaryTest" classname="Squingla.Test.Collections.Dictionary.ArrayDictionaryTest" file="/usr/src/collections/test/Dictionary/ArrayDictionaryTest.php" line="81" assertions="10" time="0.036975"/>
          <testcase name="testConcat with data set #1" class="Squingla\Test\Collections\Dictionary\ArrayDictionaryTest" classname="Squingla.Test.Collections.Dictionary.ArrayDictionaryTest" file="/usr/src/collections/test/Dictionary/ArrayDictionaryTest.php" line="81" assertions="10" time="0.030676"/>
        </testsuite>
        <testsuite name="Squingla\Test\Collections\Dictionary\ArrayDictionaryTest::testHead" tests="4" assertions="7" errors="0" warnings="0" failures="0" skipped="0" time="0.057770">
          <testcase name="testHead with data set #0" class="Squingla\Test\Collections\Dictionary\ArrayDictionaryTest" classname="Squingla.Test.Collections.Dictionary.ArrayDictionaryTest" file="/usr/src/collections/test/Dictionary/ArrayDictionaryTest.php" line="133" assertions="2" time="0.027773"/>
          <testcase name="testHead with data set #1" class="Squingla\Test\Collections\Dictionary\ArrayDictionaryTest" classname="Squingla.Test.Collections.Dictionary.ArrayDictionaryTest" file="/usr/src/collections/test/Dictionary/ArrayDictionaryTest.php" line="133" assertions="2" time="0.009807"/>
          <testcase name="testHead with data set #2" class="Squingla\Test\Collections\Dictionary\ArrayDictionaryTest" classname="Squingla.Test.Collections.Dictionary.ArrayDictionaryTest" file="/usr/src/collections/test/Dictionary/ArrayDictionaryTest.php" line="133" assertions="2" time="0.011324"/>
          <testcase name="testHead with data set #3" class="Squingla\Test\Collections\Dictionary\ArrayDictionaryTest" classname="Squingla.Test.Collections.Dictionary.ArrayDictionaryTest" file="/usr/src/collections/test/Dictionary/ArrayDictionaryTest.php" line="133" assertions="1" time="0.008866"/>
        </testsuite>
        <testsuite name="Squingla\Test\Collections\Dictionary\ArrayDictionaryTest::testHeadOption" tests="4" assertions="10" errors="0" warnings="0" failures="0" skipped="0" time="0.041737">
          <testcase name="testHeadOption with data set #0" class="Squingla\Test\Collections\Dictionary\ArrayDictionaryTest" classname="Squingla.Test.Collections.Dictionary.ArrayDictionaryTest" file="/usr/src/collections/test/Dictionary/ArrayDictionaryTest.php" line="158" assertions="3" time="0.011348"/>
          <testcase name="testHeadOption with data set #1" class="Squingla\Test\Collections\Dictionary\ArrayDictionaryTest" classname="Squingla.Test.Collections.Dictionary.ArrayDictionaryTest" file="/usr/src/collections/test/Dictionary/ArrayDictionaryTest.php" line="158" assertions="3" time="0.009942"/>
          <testcase name="testHeadOption with data set #2" class="Squingla\Test\Collections\Dictionary\ArrayDictionaryTest" classname="Squingla.Test.Collections.Dictionary.ArrayDictionaryTest" file="/usr/src/collections/test/Dictionary/ArrayDictionaryTest.php" line="158" assertions="3" time="0.011457"/>
          <testcase name="testHeadOption with data set #3" class="Squingla\Test\Collections\Dictionary\ArrayDictionaryTest" classname="Squingla.Test.Collections.Dictionary.ArrayDictionaryTest" file="/usr/src/collections/test/Dictionary/ArrayDictionaryTest.php" line="158" assertions="1" time="0.008990"/>
        </testsuite>
        <testsuite name="Squingla\Test\Collections\Dictionary\ArrayDictionaryTest::testTail" tests="4" assertions="4" errors="0" warnings="0" failures="0" skipped="0" time="0.039422">
          <testcase name="testTail with data set #0" class="Squingla\Test\Collections\Dictionary\ArrayDictionaryTest" classname="Squingla.Test.Collections.Dictionary.ArrayDictionaryTest" file="/usr/src/collections/test/Dictionary/ArrayDictionaryTest.php" line="184" assertions="1" time="0.010528"/>
          <testcase name="testTail with data set #1" class="Squingla\Test\Collections\Dictionary\ArrayDictionaryTest" classname="Squingla.Test.Collections.Dictionary.ArrayDictionaryTest" file="/usr/src/collections/test/Dictionary/ArrayDictionaryTest.php" line="184" assertions="1" time="0.009803"/>
          <testcase name="testTail with data set #2" class="Squingla\Test\Collections\Dictionary\ArrayDictionaryTest" classname="Squingla.Test.Collections.Dictionary.ArrayDictionaryTest" file="/usr/src/collections/test/Dictionary/ArrayDictionaryTest.php" line="184" assertions="1" time="0.010837"/>
          <testcase name="testTail with data set #3" class="Squingla\Test\Collections\Dictionary\ArrayDictionaryTest" classname="Squingla.Test.Collections.Dictionary.ArrayDictionaryTest" file="/usr/src/collections/test/Dictionary/ArrayDictionaryTest.php" line="184" assertions="1" time="0.008254"/>
        </testsuite>
        <testsuite name="Squingla\Test\Collections\Dictionary\ArrayDictionaryTest::testDeconstruct" tests="4" assertions="28" errors="0" warnings="0" failures="0" skipped="0" time="0.107993">
          <testcase name="testDeconstruct with data set #0" class="Squingla\Test\Collections\Dictionary\ArrayDictionaryTest" classname="Squingla.Test.Collections.Dictionary.ArrayDictionaryTest" file="/usr/src/collections/test/Dictionary/ArrayDictionaryTest.php" line="192" assertions="9" time="0.064720"/>
          <testcase name="testDeconstruct with data set #1" class="Squingla\Test\Collections\Dictionary\ArrayDictionaryTest" classname="Squingla.Test.Collections.Dictionary.ArrayDictionaryTest" file="/usr/src/collections/test/Dictionary/ArrayDictionaryTest.php" line="192" assertions="9" time="0.016132"/>
          <testcase name="testDeconstruct with data set #2" class="Squingla\Test\Collections\Dictionary\ArrayDictionaryTest" classname="Squingla.Test.Collections.Dictionary.ArrayDictionaryTest" file="/usr/src/collections/test/Dictionary/ArrayDictionaryTest.php" line="192" assertions="9" time="0.018466"/>
          <testcase name="testDeconstruct with data set #3" class="Squingla\Test\Collections\Dictionary\ArrayDictionaryTest" classname="Squingla.Test.Collections.Dictionary.ArrayDictionaryTest" file="/usr/src/collections/test/Dictionary/ArrayDictionaryTest.php" line="192" assertions="1" time="0.008675"/>
        </testsuite>
        <testsuite name="Squingla\Test\Collections\Dictionary\ArrayDictionaryTest::testDeconstructOption" tests="4" assertions="32" errors="0" warnings="0" failures="0" skipped="0" time="0.063967">
          <testcase name="testDeconstructOption with data set #0" class="Squingla\Test\Collections\Dictionary\ArrayDictionaryTest" classname="Squingla.Test.Collections.Dictionary.ArrayDictionaryTest" file="/usr/src/collections/test/Dictionary/ArrayDictionaryTest.php" line="230" assertions="10" time="0.017730"/>
          <testcase name="testDeconstructOption with data set #1" class="Squingla\Test\Collections\Dictionary\ArrayDictionaryTest" classname="Squingla.Test.Collections.Dictionary.ArrayDictionaryTest" file="/usr/src/collections/test/Dictionary/ArrayDictionaryTest.php" line="230" assertions="10" time="0.019231"/>
          <testcase name="testDeconstructOption with data set #2" class="Squingla\Test\Collections\Dictionary\ArrayDictionaryTest" classname="Squingla.Test.Collections.Dictionary.ArrayDictionaryTest" file="/usr/src/collections/test/Dictionary/ArrayDictionaryTest.php" line="230" assertions="10" time="0.017758"/>
          <testcase name="testDeconstructOption with data set #3" class="Squingla\Test\Collections\Dictionary\ArrayDictionaryTest" classname="Squingla.Test.Collections.Dictionary.ArrayDictionaryTest" file="/usr/src/collections/test/Dictionary/ArrayDictionaryTest.php" line="230" assertions="2" time="0.009247"/>
        </testsuite>
        <testsuite name="Squingla\Test\Collections\Dictionary\ArrayDictionaryTest::testToNative" tests="4" assertions="22" errors="0" warnings="0" failures="0" skipped="0" time="0.050279">
          <testcase name="testToNative with data set #0" class="Squingla\Test\Collections\Dictionary\ArrayDictionaryTest" classname="Squingla.Test.Collections.Dictionary.ArrayDictionaryTest" file="/usr/src/collections/test/Dictionary/ArrayDictionaryTest.php" line="269" assertions="7" time="0.014582"/>
          <testcase name="testToNative with data set #1" class="Squingla\Test\Collections\Dictionary\ArrayDictionaryTest" classname="Squingla.Test.Collections.Dictionary.ArrayDictionaryTest" file="/usr/src/collections/test/Dictionary/ArrayDictionaryTest.php" line="269" assertions="7" time="0.014108"/>
          <testcase name="testToNative with data set #2" class="Squingla\Test\Collections\Dictionary\ArrayDictionaryTest" classname="Squingla.Test.Collections.Dictionary.ArrayDictionaryTest" file="/usr/src/collections/test/Dictionary/ArrayDictionaryTest.php" line="269" assertions="7" time="0.013318"/>
          <testcase name="testToNative with data set #3" class="Squingla\Test\Collections\Dictionary\ArrayDictionaryTest" classname="Squingla.Test.Collections.Dictionary.ArrayDictionaryTest" file="/usr/src/collections/test/Dictionary/ArrayDictionaryTest.php" line="269" assertions="1" time="0.008271"/>
        </testsuite>
      </testsuite>
      <testsuite name="Squingla\Test\Collections\Dictionary\Tuple\SimpleTupleTest" file="/usr/src/collections/test/Dictionary/Tuple/SimpleTupleTest.php" tests="6" assertions="6" errors="0" warnings="0" failures="1" skipped="0" time="0.081136">
        <testsuite name="Squingla\Test\Collections\Dictionary\Tuple\SimpleTupleTest::testGetKey" tests="3" assertions="3" errors="0" warnings="0" failures="0" skipped="0" time="0.024648">
          <testcase name="testGetKey with data set #0" class="Squingla\Test\Collections\Dictionary\Tuple\SimpleTupleTest" classname="Squingla.Test.Collections.Dictionary.Tuple.SimpleTupleTest" file="/usr/src/collections/test/Dictionary/Tuple/SimpleTupleTest.php" line="18" assertions="1" time="0.010031"/>
          <testcase name="testGetKey with data set #1" class="Squingla\Test\Collections\Dictionary\Tuple\SimpleTupleTest" classname="Squingla.Test.Collections.Dictionary.Tuple.SimpleTupleTest" file="/usr/src/collections/test/Dictionary/Tuple/SimpleTupleTest.php" line="18" assertions="1" time="0.006518"/>
          <testcase name="testGetKey with data set #2" class="Squingla\Test\Collections\Dictionary\Tuple\SimpleTupleTest" classname="Squingla.Test.Collections.Dictionary.Tuple.SimpleTupleTest" file="/usr/src/collections/test/Dictionary/Tuple/SimpleTupleTest.php" line="18" assertions="1" time="0.008100"/>
        </testsuite>
        <testsuite name="Squingla\Test\Collections\Dictionary\Tuple\SimpleTupleTest::testGetValue" tests="3" assertions="3" errors="0" warnings="0" failures="1" skipped="0" time="0.056488">
          <testcase name="testGetValue with data set #0" class="Squingla\Test\Collections\Dictionary\Tuple\SimpleTupleTest" classname="Squingla.Test.Collections.Dictionary.Tuple.SimpleTupleTest" file="/usr/src/collections/test/Dictionary/Tuple/SimpleTupleTest.php" line="34" assertions="1" time="0.042939">
            <failure type="PHPUnit\Framework\ExpectationFailedException">Squingla\Test\Collections\Dictionary\Tuple\SimpleTupleTest::testGetValue with data set #0 (15, 34, Squingla\Collections\Dictionary\Tuple\SimpleTuple Object (...))
Failed asserting that 33 is identical to 34.

/usr/src/collections/test/Dictionary/Tuple/SimpleTupleTest.php:39
phpvfscomposer:///usr/src/collections/vendor/phpunit/phpunit/phpunit:97</failure>
          </testcase>
          <testcase name="testGetValue with data set #1" class="Squingla\Test\Collections\Dictionary\Tuple\SimpleTupleTest" classname="Squingla.Test.Collections.Dictionary.Tuple.SimpleTupleTest" file="/usr/src/collections/test/Dictionary/Tuple/SimpleTupleTest.php" line="34" assertions="1" time="0.006694"/>
          <testcase name="testGetValue with data set #2" class="Squingla\Test\Collections\Dictionary\Tuple\SimpleTupleTest" classname="Squingla.Test.Collections.Dictionary.Tuple.SimpleTupleTest" file="/usr/src/collections/test/Dictionary/Tuple/SimpleTupleTest.php" line="34" assertions="1" time="0.006855"/>
        </testsuite>
      </testsuite>
      <testsuite name="Squingla\Test\Collections\Lists\ArrayListTest" file="/usr/src/collections/test/Lists/ArrayListTest.php" tests="141" assertions="194" errors="0" warnings="0" failures="0" skipped="0" time="1.440734">
        <testsuite name="Squingla\Test\Collections\Lists\ArrayListTest::testGet" tests="5" assertions="5" errors="0" warnings="0" failures="0" skipped="0" time="0.045076">
          <testcase name="testGet with data set #0" class="Squingla\Test\Collections\Lists\ArrayListTest" classname="Squingla.Test.Collections.Lists.ArrayListTest" file="/usr/src/collections/test/Lists/ArrayListTest.php" line="25" assertions="1" time="0.010190"/>
          <testcase name="testGet with data set #1" class="Squingla\Test\Collections\Lists\ArrayListTest" classname="Squingla.Test.Collections.Lists.ArrayListTest" file="/usr/src/collections/test/Lists/ArrayListTest.php" line="25" assertions="1" time="0.008217"/>
          <testcase name="testGet with data set #2" class="Squingla\Test\Collections\Lists\ArrayListTest" classname="Squingla.Test.Collections.Lists.ArrayListTest" file="/usr/src/collections/test/Lists/ArrayListTest.php" line="25" assertions="1" time="0.008897"/>
          <testcase name="testGet with data set #3" class="Squingla\Test\Collections\Lists\ArrayListTest" classname="Squingla.Test.Collections.Lists.ArrayListTest" file="/usr/src/collections/test/Lists/ArrayListTest.php" line="25" assertions="1" time="0.008521"/>
          <testcase name="testGet with data set #4" class="Squingla\Test\Collections\Lists\ArrayListTest" classname="Squingla.Test.Collections.Lists.ArrayListTest" file="/usr/src/collections/test/Lists/ArrayListTest.php" line="25" assertions="1" time="0.009251"/>
        </testsuite>
        <testsuite name="Squingla\Test\Collections\Lists\ArrayListTest::testGetOption" tests="5" assertions="10" errors="0" warnings="0" failures="0" skipped="0" time="0.061103">
          <testcase name="testGetOption with data set #0" class="Squingla\Test\Collections\Lists\ArrayListTest" classname="Squingla.Test.Collections.Lists.ArrayListTest" file="/usr/src/collections/test/Lists/ArrayListTest.php" line="39" assertions="2" time="0.013411"/>
          <testcase name="testGetOption with data set #1" class="Squingla\Test\Collections\Lists\ArrayListTest" classname="Squingla.Test.Collections.Lists.ArrayListTest" file="/usr/src/collections/test/Lists/ArrayListTest.php" line="39" assertions="2" time="0.011590"/>
          <testcase name="testGetOption with data set #2" class="Squingla\Test\Collections\Lists\ArrayListTest" classname="Squingla.Test.Collections.Lists.ArrayListTest" file="/usr/src/collections/test/Lists/ArrayListTest.php" line="39" assertions="2" time="0.011517"/>
          <testcase name="testGetOption with data set #3" class="Squingla\Test\Collections\Lists\ArrayListTest" classname="Squingla.Test.Collections.Lists.ArrayListTest" file="/usr/src/collections/test/Lists/ArrayListTest.php" line="39" assertions="2" time="0.012053"/>
          <testcase name="testGetOption with data set #4" class="Squingla\Test\Collections\Lists\ArrayListTest" classname="Squingla.Test.Collections.Lists.ArrayListTest" file="/usr/src/collections/test/Lists/ArrayListTest.php" line="39" assertions="2" time="0.012533"/>
        </testsuite>
        <testsuite name="Squingla\Test\Collections\Lists\ArrayListTest::testArrayAccess" tests="5" assertions="10" errors="0" warnings="0" failures="0" skipped="0" time="0.053565">
          <testcase name="testArrayAccess with data set #0" class="Squingla\Test\Collections\Lists\ArrayListTest" classname="Squingla.Test.Collections.Lists.ArrayListTest" file="/usr/src/collections/test/Lists/ArrayListTest.php" line="54" assertions="2" time="0.012097"/>
          <testcase name="testArrayAccess with data set #1" class="Squingla\Test\Collections\Lists\ArrayListTest" classname="Squingla.Test.Collections.Lists.ArrayListTest" file="/usr/src/collections/test/Lists/ArrayListTest.php" line="54" assertions="2" time="0.010953"/>
          <testcase name="testArrayAccess with data set #2" class="Squingla\Test\Collections\Lists\ArrayListTest" classname="Squingla.Test.Collections.Lists.ArrayListTest" file="/usr/src/collections/test/Lists/ArrayListTest.php" line="54" assertions="2" time="0.010742"/>
          <testcase name="testArrayAccess with data set #3" class="Squingla\Test\Collections\Lists\ArrayListTest" classname="Squingla.Test.Collections.Lists.ArrayListTest" file="/usr/src/collections/test/Lists/ArrayListTest.php" line="54" assertions="2" time="0.009929"/>
          <testcase name="testArrayAccess with data set #4" class="Squingla\Test\Collections\Lists\ArrayListTest" classname="Squingla.Test.Collections.Lists.ArrayListTest" file="/usr/src/collections/test/Lists/ArrayListTest.php" line="54" assertions="2" time="0.009843"/>
        </testsuite>
        <testsuite name="Squingla\Test\Collections\Lists\ArrayListTest::testInvoke" tests="5" assertions="5" errors="0" warnings="0" failures="0" skipped="0" time="0.051849">
          <testcase name="testInvoke with data set #0" class="Squingla\Test\Collections\Lists\ArrayListTest" classname="Squingla.Test.Collections.Lists.ArrayListTest" file="/usr/src/collections/test/Lists/ArrayListTest.php" line="68" assertions="1" time="0.011541"/>
          <testcase name="testInvoke with data set #1" class="Squingla\Test\Collections\Lists\ArrayListTest" classname="Squingla.Test.Collections.Lists.ArrayListTest" file="/usr/src/collections/test/Lists/ArrayListTest.php" line="68" assertions="1" time="0.010296"/>
          <testcase name="testInvoke with data set #2" class="Squingla\Test\Collections\Lists\ArrayListTest" classname="Squingla.Test.Collections.Lists.ArrayListTest" file="/usr/src/collections/test/Lists/ArrayListTest.php" line="68" assertions="1" time="0.009832"/>
          <testcase name="testInvoke with data set #3" class="Squingla\Test\Collections\Lists\ArrayListTest" classname="Squingla.Test.Collections.Lists.ArrayListTest" file="/usr/src/collections/test/Lists/ArrayListTest.php" line="68" assertions="1" time="0.009143"/>
          <testcase name="testInvoke with data set #4" class="Squingla\Test\Collections\Lists\ArrayListTest" classname="Squingla.Test.Collections.Lists.ArrayListTest" file="/usr/src/collections/test/Lists/ArrayListTest.php" line="68" assertions="1" time="0.011037"/>
        </testsuite>
        <testcase name="testGetInvalidIndex" class="Squingla\Test\Collections\Lists\ArrayListTest" classname="Squingla.Test.Collections.Lists.ArrayListTest" file="/usr/src/collections/test/Lists/ArrayListTest.php" line="86" assertions="1" time="0.010129"/>
        <testcase name="testGetIndexOutOfBounds" class="Squingla\Test\Collections\Lists\ArrayListTest" classname="Squingla.Test.Collections.Lists.ArrayListTest" file="/usr/src/collections/test/Lists/ArrayListTest.php" line="94" assertions="1" time="0.010309"/>
        <testcase name="testGetOptionInvalidIndex" class="Squingla\Test\Collections\Lists\ArrayListTest" classname="Squingla.Test.Collections.Lists.ArrayListTest" file="/usr/src/collections/test/Lists/ArrayListTest.php" line="102" assertions="1" time="0.011287"/>
        <testcase name="testGetOptionIndexOutOfBounds" class="Squingla\Test\Collections\Lists\ArrayListTest" classname="Squingla.Test.Collections.Lists.ArrayListTest" file="/usr/src/collections/test/Lists/ArrayListTest.php" line="109" assertions="1" time="0.011924"/>
        <testsuite name="Squingla\Test\Collections\Lists\ArrayListTest::testDrop" tests="8" assertions="8" errors="0" warnings="0" failures="0" skipped="0" time="0.083047">
          <testcase name="testDrop with data set #0" class="Squingla\Test\Collections\Lists\ArrayListTest" classname="Squingla.Test.Collections.Lists.ArrayListTest" file="/usr/src/collections/test/Lists/ArrayListTest.php" line="122" assertions="1" time="0.014906"/>
          <testcase name="testDrop with data set #1" class="Squingla\Test\Collections\Lists\ArrayListTest" classname="Squingla.Test.Collections.Lists.ArrayListTest" file="/usr/src/collections/test/Lists/ArrayListTest.php" line="122" assertions="1" time="0.008863"/>
          <testcase name="testDrop with data set #2" class="Squingla\Test\Collections\Lists\ArrayListTest" classname="Squingla.Test.Collections.Lists.ArrayListTest" file="/usr/src/collections/test/Lists/ArrayListTest.php" line="122" assertions="1" time="0.012086"/>
          <testcase name="testDrop with data set #3" class="Squingla\Test\Collections\Lists\ArrayListTest" classname="Squingla.Test.Collections.Lists.ArrayListTest" file="/usr/src/collections/test/Lists/ArrayListTest.php" line="122" assertions="1" time="0.008740"/>
          <testcase name="testDrop with data set #4" class="Squingla\Test\Collections\Lists\ArrayListTest" classname="Squingla.Test.Collections.Lists.ArrayListTest" file="/usr/src/collections/test/Lists/ArrayListTest.php" line="122" assertions="1" time="0.009285"/>
          <testcase name="testDrop with data set #5" class="Squingla\Test\Collections\Lists\ArrayListTest" classname="Squingla.Test.Collections.Lists.ArrayListTest" file="/usr/src/collections/test/Lists/ArrayListTest.php" line="122" assertions="1" time="0.010767"/>
          <testcase name="testDrop with data set #6" class="Squingla\Test\Collections\Lists\ArrayListTest" classname="Squingla.Test.Collections.Lists.ArrayListTest" file="/usr/src/collections/test/Lists/ArrayListTest.php" line="122" assertions="1" time="0.010043"/>
          <testcase name="testDrop with data set #7" class="Squingla\Test\Collections\Lists\ArrayListTest" classname="Squingla.Test.Collections.Lists.ArrayListTest" file="/usr/src/collections/test/Lists/ArrayListTest.php" line="122" assertions="1" time="0.008357"/>
        </testsuite>
        <testsuite name="Squingla\Test\Collections\Lists\ArrayListTest::testDropRight" tests="8" assertions="8" errors="0" warnings="0" failures="0" skipped="0" time="0.068269">
          <testcase name="testDropRight with data set #0" class="Squingla\Test\Collections\Lists\ArrayListTest" classname="Squingla.Test.Collections.Lists.ArrayListTest" file="/usr/src/collections/test/Lists/ArrayListTest.php" line="150" assertions="1" time="0.009193"/>
          <testcase name="testDropRight with data set #1" class="Squingla\Test\Collections\Lists\ArrayListTest" classname="Squingla.Test.Collections.Lists.ArrayListTest" file="/usr/src/collections/test/Lists/ArrayListTest.php" line="150" assertions="1" time="0.007185"/>
          <testcase name="testDropRight with data set #2" class="Squingla\Test\Collections\Lists\ArrayListTest" classname="Squingla.Test.Collections.Lists.ArrayListTest" file="/usr/src/collections/test/Lists/ArrayListTest.php" line="150" assertions="1" time="0.008238"/>
          <testcase name="testDropRight with data set #3" class="Squingla\Test\Collections\Lists\ArrayListTest" classname="Squingla.Test.Collections.Lists.ArrayListTest" file="/usr/src/collections/test/Lists/ArrayListTest.php" line="150" assertions="1" time="0.007604"/>
          <testcase name="testDropRight with data set #4" class="Squingla\Test\Collections\Lists\ArrayListTest" classname="Squingla.Test.Collections.Lists.ArrayListTest" file="/usr/src/collections/test/Lists/ArrayListTest.php" line="150" assertions="1" time="0.008035"/>
          <testcase name="testDropRight with data set #5" class="Squingla\Test\Collections\Lists\ArrayListTest" classname="Squingla.Test.Collections.Lists.ArrayListTest" file="/usr/src/collections/test/Lists/ArrayListTest.php" line="150" assertions="1" time="0.009771"/>
          <testcase name="testDropRight with data set #6" class="Squingla\Test\Collections\Lists\ArrayListTest" classname="Squingla.Test.Collections.Lists.ArrayListTest" file="/usr/src/collections/test/Lists/ArrayListTest.php" line="150" assertions="1" time="0.008992"/>
          <testcase name="testDropRight with data set #7" class="Squingla\Test\Collections\Lists\ArrayListTest" classname="Squingla.Test.Collections.Lists.ArrayListTest" file="/usr/src/collections/test/Lists/ArrayListTest.php" line="150" assertions="1" time="0.009250"/>
        </testsuite>
        <testsuite name="Squingla\Test\Collections\Lists\ArrayListTest::testReverse" tests="4" assertions="4" errors="0" warnings="0" failures="0" skipped="0" time="0.032194">
          <testcase name="testReverse with data set #0" class="Squingla\Test\Collections\Lists\ArrayListTest" classname="Squingla.Test.Collections.Lists.ArrayListTest" file="/usr/src/collections/test/Lists/ArrayListTest.php" line="178" assertions="1" time="0.010072"/>
          <testcase name="testReverse with data set #1" class="Squingla\Test\Collections\Lists\ArrayListTest" classname="Squingla.Test.Collections.Lists.ArrayListTest" file="/usr/src/collections/test/Lists/ArrayListTest.php" line="178" assertions="1" time="0.007819"/>
          <testcase name="testReverse with data set #2" class="Squingla\Test\Collections\Lists\ArrayListTest" classname="Squingla.Test.Collections.Lists.ArrayListTest" file="/usr/src/collections/test/Lists/ArrayListTest.php" line="178" assertions="1" time="0.008281"/>
          <testcase name="testReverse with data set #3" class="Squingla\Test\Collections\Lists\ArrayListTest" classname="Squingla.Test.Collections.Lists.ArrayListTest" file="/usr/src/collections/test/Lists/ArrayListTest.php" line="178" assertions="1" time="0.006022"/>
        </testsuite>
        <testsuite name="Squingla\Test\Collections\Lists\ArrayListTest::testIndexOf" tests="10" assertions="10" errors="0" warnings="0" failures="0" skipped="0" time="0.079924">
          <testcase name="testIndexOf with data set #0" class="Squingla\Test\Collections\Lists\ArrayListTest" classname="Squingla.Test.Collections.Lists.ArrayListTest" file="/usr/src/collections/test/Lists/ArrayListTest.php" line="199" assertions="1" time="0.010876"/>
          <testcase name="testIndexOf with data set #1" class="Squingla\Test\Collections\Lists\ArrayListTest" classname="Squingla.Test.Collections.Lists.ArrayListTest" file="/usr/src/collections/test/Lists/ArrayListTest.php" line="199" assertions="1" time="0.006670"/>
          <testcase name="testIndexOf with data set #2" class="Squingla\Test\Collections\Lists\ArrayListTest" classname="Squingla.Test.Collections.Lists.ArrayListTest" file="/usr/src/collections/test/Lists/ArrayListTest.php" line="199" assertions="1" time="0.007872"/>
          <testcase name="testIndexOf with data set #3" class="Squingla\Test\Collections\Lists\ArrayListTest" classname="Squingla.Test.Collections.Lists.ArrayListTest" file="/usr/src/collections/test/Lists/ArrayListTest.php" line="199" assertions="1" time="0.007488"/>
          <testcase name="testIndexOf with data set #4" class="Squingla\Test\Collections\Lists\ArrayListTest" classname="Squingla.Test.Collections.Lists.ArrayListTest" file="/usr/src/collections/test/Lists/ArrayListTest.php" line="199" assertions="1" time="0.007940"/>
          <testcase name="testIndexOf with data set #5" class="Squingla\Test\Collections\Lists\ArrayListTest" classname="Squingla.Test.Collections.Lists.ArrayListTest" file="/usr/src/collections/test/Lists/ArrayListTest.php" line="199" assertions="1" time="0.007182"/>
          <testcase name="testIndexOf with data set #6" class="Squingla\Test\Collections\Lists\ArrayListTest" classname="Squingla.Test.Collections.Lists.ArrayListTest" file="/usr/src/collections/test/Lists/ArrayListTest.php" line="199" assertions="1" time="0.007297"/>
          <testcase name="testIndexOf with data set #7" class="Squingla\Test\Collections\Lists\ArrayListTest" classname="Squingla.Test.Collections.Lists.ArrayListTest" file="/usr/src/collections/test/Lists/ArrayListTest.php" line="199" assertions="1" time="0.008255"/>
          <testcase name="testIndexOf with data set #8" class="Squingla\Test\Collections\Lists\ArrayListTest" classname="Squingla.Test.Collections.Lists.ArrayListTest" file="/usr/src/collections/test/Lists/ArrayListTest.php" line="199" assertions="1" time="0.007306"/>
          <testcase name="testIndexOf with data set #9" class="Squingla\Test\Collections\Lists\ArrayListTest" classname="Squingla.Test.Collections.Lists.ArrayListTest" file="/usr/src/collections/test/Lists/ArrayListTest.php" line="199" assertions="1" time="0.009038"/>
        </testsuite>
        <testsuite name="Squingla\Test\Collections\Lists\ArrayListTest::testIndexWhere" tests="4" assertions="4" errors="0" warnings="0" failures="0" skipped="0" time="0.034240">
          <testcase name="testIndexWhere with data set #0" class="Squingla\Test\Collections\Lists\ArrayListTest" classname="Squingla.Test.Collections.Lists.ArrayListTest" file="/usr/src/collections/test/Lists/ArrayListTest.php" line="230" assertions="1" time="0.009523"/>
          <testcase name="testIndexWhere with data set #1" class="Squingla\Test\Collections\Lists\ArrayListTest" classname="Squingla.Test.Collections.Lists.ArrayListTest" file="/usr/src/collections/test/Lists/ArrayListTest.php" line="230" assertions="1" time="0.007610"/>
          <testcase name="testIndexWhere with data set #2" class="Squingla\Test\Collections\Lists\ArrayListTest" classname="Squingla.Test.Collections.Lists.ArrayListTest" file="/usr/src/collections/test/Lists/ArrayListTest.php" line="230" assertions="1" time="0.008302"/>
          <testcase name="testIndexWhere with data set #3" class="Squingla\Test\Collections\Lists\ArrayListTest" classname="Squingla.Test.Collections.Lists.ArrayListTest" file="/usr/src/collections/test/Lists/ArrayListTest.php" line="230" assertions="1" time="0.008805"/>
        </testsuite>
        <testsuite name="Squingla\Test\Collections\Lists\ArrayListTest::testSlice" tests="8" assertions="8" errors="0" warnings="0" failures="0" skipped="0" time="0.072153">
          <testcase name="testSlice with data set #0" class="Squingla\Test\Collections\Lists\ArrayListTest" classname="Squingla.Test.Collections.Lists.ArrayListTest" file="/usr/src/collections/test/Lists/ArrayListTest.php" line="254" assertions="1" time="0.010806"/>
          <testcase name="testSlice with data set #1" class="Squingla\Test\Collections\Lists\ArrayListTest" classname="Squingla.Test.Collections.Lists.ArrayListTest" file="/usr/src/collections/test/Lists/ArrayListTest.php" line="254" assertions="1" time="0.008363"/>
          <testcase name="testSlice with data set #2" class="Squingla\Test\Collections\Lists\ArrayListTest" classname="Squingla.Test.Collections.Lists.ArrayListTest" file="/usr/src/collections/test/Lists/ArrayListTest.php" line="254" assertions="1" time="0.011049"/>
          <testcase name="testSlice with data set #3" class="Squingla\Test\Collections\Lists\ArrayListTest" classname="Squingla.Test.Collections.Lists.ArrayListTest" file="/usr/src/collections/test/Lists/ArrayListTest.php" line="254" assertions="1" time="0.008945"/>
          <testcase name="testSlice with data set #4" class="Squingla\Test\Collections\Lists\ArrayListTest" classname="Squingla.Test.Collections.Lists.ArrayListTest" file="/usr/src/collections/test/Lists/ArrayListTest.php" line="254" assertions="1" time="0.008831"/>
          <testcase name="testSlice with data set #5" class="Squingla\Test\Collections\Lists\ArrayListTest" classname="Squingla.Test.Collections.Lists.ArrayListTest" file="/usr/src/collections/test/Lists/ArrayListTest.php" line="254" assertions="1" time="0.008774"/>
          <testcase name="testSlice with data set #6" class="Squingla\Test\Collections\Lists\ArrayListTest" classname="Squingla.Test.Collections.Lists.ArrayListTest" file="/usr/src/collections/test/Lists/ArrayListTest.php" line="254" assertions="1" time="0.007434"/>
          <testcase name="testSlice with data set #7" class="Squingla\Test\Collections\Lists\ArrayListTest" classname="Squingla.Test.Collections.Lists.ArrayListTest" file="/usr/src/collections/test/Lists/ArrayListTest.php" line="254" assertions="1" time="0.007952"/>
        </testsuite>
        <testsuite name="Squingla\Test\Collections\Lists\ArrayListTest::testSort" tests="4" assertions="4" errors="0" warnings="0" failures="0" skipped="0" time="0.037601">
          <testcase name="testSort with data set #0" class="Squingla\Test\Collections\Lists\ArrayListTest" classname="Squingla.Test.Collections.Lists.ArrayListTest" file="/usr/src/collections/test/Lists/ArrayListTest.php" line="283" assertions="1" time="0.009792"/>
          <testcase name="testSort with data set #1" class="Squingla\Test\Collections\Lists\ArrayListTest" classname="Squingla.Test.Collections.Lists.ArrayListTest" file="/usr/src/collections/test/Lists/ArrayListTest.php" line="283" assertions="1" time="0.008993"/>
          <testcase name="testSort with data set #2" class="Squingla\Test\Collections\Lists\ArrayListTest" classname="Squingla.Test.Collections.Lists.ArrayListTest" file="/usr/src/collections/test/Lists/ArrayListTest.php" line="283" assertions="1" time="0.010650"/>
          <testcase name="testSort with data set #3" class="Squingla\Test\Collections\Lists\ArrayListTest" classname="Squingla.Test.Collections.Lists.ArrayListTest" file="/usr/src/collections/test/Lists/ArrayListTest.php" line="283" assertions="1" time="0.008167"/>
        </testsuite>
        <testsuite name="Squingla\Test\Collections\Lists\ArrayListTest::testSplitAt" tests="9" assertions="36" errors="0" warnings="0" failures="0" skipped="0" time="0.133312">
          <testcase name="testSplitAt with data set #0" class="Squingla\Test\Collections\Lists\ArrayListTest" classname="Squingla.Test.Collections.Lists.ArrayListTest" file="/usr/src/collections/test/Lists/ArrayListTest.php" line="307" assertions="4" time="0.017155"/>
          <testcase name="testSplitAt with data set #1" class="Squingla\Test\Collections\Lists\ArrayListTest" classname="Squingla.Test.Collections.Lists.ArrayListTest" file="/usr/src/collections/test/Lists/ArrayListTest.php" line="307" assertions="4" time="0.015012"/>
          <testcase name="testSplitAt with data set #2" class="Squingla\Test\Collections\Lists\ArrayListTest" classname="Squingla.Test.Collections.Lists.ArrayListTest" file="/usr/src/collections/test/Lists/ArrayListTest.php" line="307" assertions="4" time="0.013878"/>
          <testcase name="testSplitAt with data set #3" class="Squingla\Test\Collections\Lists\ArrayListTest" classname="Squingla.Test.Collections.Lists.ArrayListTest" file="/usr/src/collections/test/Lists/ArrayListTest.php" line="307" assertions="4" time="0.015662"/>
          <testcase name="testSplitAt with data set #4" class="Squingla\Test\Collections\Lists\ArrayListTest" classname="Squingla.Test.Collections.Lists.ArrayListTest" file="/usr/src/collections/test/Lists/ArrayListTest.php" line="307" assertions="4" time="0.015186"/>
          <testcase name="testSplitAt with data set #5" class="Squingla\Test\Collections\Lists\ArrayListTest" classname="Squingla.Test.Collections.Lists.ArrayListTest" file="/usr/src/collections/test/Lists/ArrayListTest.php" line="307" assertions="4" time="0.014464"/>
          <testcase name="testSplitAt with data set #6" class="Squingla\Test\Collections\Lists\ArrayListTest" classname="Squingla.Test.Collections.Lists.ArrayListTest" file="/usr/src/collections/test/Lists/ArrayListTest.php" line="307" assertions="4" time="0.015345"/>
          <testcase name="testSplitAt with data set #7" class="Squingla\Test\Collections\Lists\ArrayListTest" classname="Squingla.Test.Collections.Lists.ArrayListTest" file="/usr/src/collections/test/Lists/ArrayListTest.php" line="307" assertions="4" time="0.013722"/>
          <testcase name="testSplitAt with data set #8" class="Squingla\Test\Collections\Lists\ArrayListTest" classname="Squingla.Test.Collections.Lists.ArrayListTest" file="/usr/src/collections/test/Lists/ArrayListTest.php" line="307" assertions="4" time="0.012889"/>
        </testsuite>
        <testsuite name="Squingla\Test\Collections\Lists\ArrayListTest::testTake" tests="9" assertions="9" errors="0" warnings="0" failures="0" skipped="0" time="0.076371">
          <testcase name="testTake with data set #0" class="Squingla\Test\Collections\Lists\ArrayListTest" classname="Squingla.Test.Collections.Lists.ArrayListTest" file="/usr/src/collections/test/Lists/ArrayListTest.php" line="327" assertions="1" time="0.010155"/>
          <testcase name="testTake with data set #1" class="Squingla\Test\Collections\Lists\ArrayListTest" classname="Squingla.Test.Collections.Lists.ArrayListTest" file="/usr/src/collections/test/Lists/ArrayListTest.php" line="327" assertions="1" time="0.008010"/>
          <testcase name="testTake with data set #2" class="Squingla\Test\Collections\Lists\ArrayListTest" classname="Squingla.Test.Collections.Lists.ArrayListTest" file="/usr/src/collections/test/Lists/ArrayListTest.php" line="327" assertions="1" time="0.008672"/>
          <testcase name="testTake with data set #3" class="Squingla\Test\Collections\Lists\ArrayListTest" classname="Squingla.Test.Collections.Lists.ArrayListTest" file="/usr/src/collections/test/Lists/ArrayListTest.php" line="327" assertions="1" time="0.009636"/>
          <testcase name="testTake with data set #4" class="Squingla\Test\Collections\Lists\ArrayListTest" classname="Squingla.Test.Collections.Lists.ArrayListTest" file="/usr/src/collections/test/Lists/ArrayListTest.php" line="327" assertions="1" time="0.006980"/>
          <testcase name="testTake with data set #5" class="Squingla\Test\Collections\Lists\ArrayListTest" classname="Squingla.Test.Collections.Lists.ArrayListTest" file="/usr/src/collections/test/Lists/ArrayListTest.php" line="327" assertions="1" time="0.007721"/>
          <testcase name="testTake with data set #6" class="Squingla\Test\Collections\Lists\ArrayListTest" classname="Squingla.Test.Collections.Lists.ArrayListTest" file="/usr/src/collections/test/Lists/ArrayListTest.php" line="327" assertions="1" time="0.008474"/>
          <testcase name="testTake with data set #7" class="Squingla\Test\Collections\Lists\ArrayListTest" classname="Squingla.Test.Collections.Lists.ArrayListTest" file="/usr/src/collections/test/Lists/ArrayListTest.php" line="327" assertions="1" time="0.008254"/>
          <testcase name="testTake with data set #8" class="Squingla\Test\Collections\Lists\ArrayListTest" classname="Squingla.Test.Collections.Lists.ArrayListTest" file="/usr/src/collections/test/Lists/ArrayListTest.php" line="327" assertions="1" time="0.008468"/>
        </testsuite>
        <testsuite name="Squingla\Test\Collections\Lists\ArrayListTest::testTakeRight" tests="9" assertions="9" errors="0" warnings="0" failures="0" skipped="0" time="0.081239">
          <testcase name="testTakeRight with data set #0" class="Squingla\Test\Collections\Lists\ArrayListTest" classname="Squingla.Test.Collections.Lists.ArrayListTest" file="/usr/src/collections/test/Lists/ArrayListTest.php" line="356" assertions="1" time="0.009424"/>
          <testcase name="testTakeRight with data set #1" class="Squingla\Test\Collections\Lists\ArrayListTest" classname="Squingla.Test.Collections.Lists.ArrayListTest" file="/usr/src/collections/test/Lists/ArrayListTest.php" line="356" assertions="1" time="0.007943"/>
          <testcase name="testTakeRight with data set #2" class="Squingla\Test\Collections\Lists\ArrayListTest" classname="Squingla.Test.Collections.Lists.ArrayListTest" file="/usr/src/collections/test/Lists/ArrayListTest.php" line="356" assertions="1" time="0.010306"/>
          <testcase name="testTakeRight with data set #3" class="Squingla\Test\Collections\Lists\ArrayListTest" classname="Squingla.Test.Collections.Lists.ArrayListTest" file="/usr/src/collections/test/Lists/ArrayListTest.php" line="356" assertions="1" time="0.008844"/>
          <testcase name="testTakeRight with data set #4" class="Squingla\Test\Collections\Lists\ArrayListTest" classname="Squingla.Test.Collections.Lists.ArrayListTest" file="/usr/src/collections/test/Lists/ArrayListTest.php" line="356" assertions="1" time="0.009193"/>
          <testcase name="testTakeRight with data set #5" class="Squingla\Test\Collections\Lists\ArrayListTest" classname="Squingla.Test.Collections.Lists.ArrayListTest" file="/usr/src/collections/test/Lists/ArrayListTest.php" line="356" assertions="1" time="0.008555"/>
          <testcase name="testTakeRight with data set #6" class="Squingla\Test\Collections\Lists\ArrayListTest" classname="Squingla.Test.Collections.Lists.ArrayListTest" file="/usr/src/collections/test/Lists/ArrayListTest.php" line="356" assertions="1" time="0.009524"/>
          <testcase name="testTakeRight with data set #7" class="Squingla\Test\Collections\Lists\ArrayListTest" classname="Squingla.Test.Collections.Lists.ArrayListTest" file="/usr/src/collections/test/Lists/ArrayListTest.php" line="356" assertions="1" time="0.008795"/>
          <testcase name="testTakeRight with data set #8" class="Squingla\Test\Collections\Lists\ArrayListTest" classname="Squingla.Test.Collections.Lists.ArrayListTest" file="/usr/src/collections/test/Lists/ArrayListTest.php" line="356" assertions="1" time="0.008656"/>
        </testsuite>
        <testsuite name="Squingla\Test\Collections\Lists\ArrayListTest::testTakeWhile" tests="3" assertions="3" errors="0" warnings="0" failures="0" skipped="0" time="0.025278">
          <testcase name="testTakeWhile with data set #0" class="Squingla\Test\Collections\Lists\ArrayListTest" classname="Squingla.Test.Collections.Lists.ArrayListTest" file="/usr/src/collections/test/Lists/ArrayListTest.php" line="385" assertions="1" time="0.011001"/>
          <testcase name="testTakeWhile with data set #1" class="Squingla\Test\Collections\Lists\ArrayListTest" classname="Squingla.Test.Collections.Lists.ArrayListTest" file="/usr/src/collections/test/Lists/ArrayListTest.php" line="385" assertions="1" time="0.007328"/>
          <testcase name="testTakeWhile with data set #2" class="Squingla\Test\Collections\Lists\ArrayListTest" classname="Squingla.Test.Collections.Lists.ArrayListTest" file="/usr/src/collections/test/Lists/ArrayListTest.php" line="385" assertions="1" time="0.006949"/>
        </testsuite>
        <testcase name="testAppended" class="Squingla\Test\Collections\Lists\ArrayListTest" classname="Squingla.Test.Collections.Lists.ArrayListTest" file="/usr/src/collections/test/Lists/ArrayListTest.php" line="22" assertions="1" time="0.009728"/>
        <testcase name="testAppendedEmpty" class="Squingla\Test\Collections\Lists\ArrayListTest" classname="Squingla.Test.Collections.Lists.ArrayListTest" file="/usr/src/collections/test/Lists/ArrayListTest.php" line="31" assertions="1" time="0.008849"/>
        <testcase name="testPrepended" class="Squingla\Test\Collections\Lists\ArrayListTest" classname="Squingla.Test.Collections.Lists.ArrayListTest" file="/usr/src/collections/test/Lists/ArrayListTest.php" line="40" assertions="1" time="0.008720"/>
        <testcase name="testPrependedEmpty" class="Squingla\Test\Collections\Lists\ArrayListTest" classname="Squingla.Test.Collections.Lists.ArrayListTest" file="/usr/src/collections/test/Lists/ArrayListTest.php" line="49" assertions="1" time="0.009017"/>
        <testcase name="testConcat" class="Squingla\Test\Collections\Lists\ArrayListTest" classname="Squingla.Test.Collections.Lists.ArrayListTest" file="/usr/src/collections/test/Lists/ArrayListTest.php" line="58" assertions="1" time="0.008612"/>
        <testcase name="testHead" class="Squingla\Test\Collections\Lists\ArrayListTest" classname="Squingla.Test.Collections.Lists.ArrayListTest" file="/usr/src/collections/test/Lists/ArrayListTest.php" line="69" assertions="1" time="0.010637"/>
        <testcase name="testHeadOption" class="Squingla\Test\Collections\Lists\ArrayListTest" classname="Squingla.Test.Collections.Lists.ArrayListTest" file="/usr/src/collections/test/Lists/ArrayListTest.php" line="76" assertions="1" time="0.010598"/>
        <testcase name="testHeadEmpty" class="Squingla\Test\Collections\Lists\ArrayListTest" classname="Squingla.Test.Collections.Lists.ArrayListTest" file="/usr/src/collections/test/Lists/ArrayListTest.php" line="83" assertions="1" time="0.009948"/>
        <testcase name="testHeadOptionEmpty" class="Squingla\Test\Collections\Lists\ArrayListTest" classname="Squingla.Test.Collections.Lists.ArrayListTest" file="/usr/src/collections/test/Lists/ArrayListTest.php" line="91" assertions="1" time="0.010217"/>
        <testcase name="testTail" class="Squingla\Test\Collections\Lists\ArrayListTest" classname="Squingla.Test.Collections.Lists.ArrayListTest" file="/usr/src/collections/test/Lists/ArrayListTest.php" line="98" assertions="1" time="0.007939"/>
        <testcase name="testTailEmpty" class="Squingla\Test\Collections\Lists\ArrayListTest" classname="Squingla.Test.Collections.Lists.ArrayListTest" file="/usr/src/collections/test/Lists/ArrayListTest.php" line="106" assertions="1" time="0.010260"/>
        <testcase name="testDeconstruct" class="Squingla\Test\Collections\Lists\ArrayListTest" classname="Squingla.Test.Collections.Lists.ArrayListTest" file="/usr/src/collections/test/Lists/ArrayListTest.php" line="114" assertions="3" time="0.013083"/>
        <testcase name="testDeconstructOption" class="Squingla\Test\Collections\Lists\ArrayListTest" classname="Squingla.Test.Collections.Lists.ArrayListTest" file="/usr/src/collections/test/Lists/ArrayListTest.php" line="124" assertions="4" time="0.012341"/>
        <testcase name="testDeconstructEmpty" class="Squingla\Test\Collections\Lists\ArrayListTest" classname="Squingla.Test.Collections.Lists.ArrayListTest" file="/usr/src/collections/test/Lists/ArrayListTest.php" line="137" assertions="1" time="0.011159"/>
[...]
        <testcase name="testDeconstructOption" class="Squingla\Test\Collections\Lists\LinkedListTest" classname="Squingla.Test.Collections.Lists.LinkedListTest" file="/usr/src/collections/test/Lists/LinkedListTest.php" line="124" assertions="4" time="0.012272"/>
        <testcase name="testDeconstructEmpty" class="Squingla\Test\Collections\Lists\LinkedListTest" classname="Squingla.Test.Collections.Lists.LinkedListTest" file="/usr/src/collections/test/Lists/LinkedListTest.php" line="137" assertions="1" time="0.013991"/>
        <testcase name="testDeconstructOptionEmpty" class="Squingla\Test\Collections\Lists\LinkedListTest" classname="Squingla.Test.Collections.Lists.LinkedListTest" file="/usr/src/collections/test/Lists/LinkedListTest.php" line="145" assertions="4" time="0.012907"/>
        <testcase name="testToNative" class="Squingla\Test\Collections\Lists\LinkedListTest" classname="Squingla.Test.Collections.Lists.LinkedListTest" file="/usr/src/collections/test/Lists/LinkedListTest.php" line="158" assertions="1" time="0.011898"/>
        <testcase name="testToNativeEmpty" class="Squingla\Test\Collections\Lists\LinkedListTest" classname="Squingla.Test.Collections.Lists.LinkedListTest" file="/usr/src/collections/test/Lists/LinkedListTest.php" line="166" assertions="1" time="0.007019"/>
        <testcase name="testGetLength" class="Squingla\Test\Collections\Lists\LinkedListTest" classname="Squingla.Test.Collections.Lists.LinkedListTest" file="/usr/src/collections/test/Lists/LinkedListTest.php" line="20" assertions="3" time="0.011744"/>
        <testcase name="testIsEmpty" class="Squingla\Test\Collections\Lists\LinkedListTest" classname="Squingla.Test.Collections.Lists.LinkedListTest" file="/usr/src/collections/test/Lists/LinkedListTest.php" line="27" assertions="2" time="0.009789"/>
        <testcase name="testNonEmpty" class="Squingla\Test\Collections\Lists\LinkedListTest" classname="Squingla.Test.Collections.Lists.LinkedListTest" file="/usr/src/collections/test/Lists/LinkedListTest.php" line="33" assertions="2" time="0.010628"/>
        <testcase name="testCount" class="Squingla\Test\Collections\Lists\LinkedListTest" classname="Squingla.Test.Collections.Lists.LinkedListTest" file="/usr/src/collections/test/Lists/LinkedListTest.php" line="39" assertions="1" time="0.015041"/>
        <testcase name="testFilter" class="Squingla\Test\Collections\Lists\LinkedListTest" classname="Squingla.Test.Collections.Lists.LinkedListTest" file="/usr/src/collections/test/Lists/LinkedListTest.php" line="46" assertions="1" time="0.013578"/>
        <testcase name="testFilterNot" class="Squingla\Test\Collections\Lists\LinkedListTest" classname="Squingla.Test.Collections.Lists.LinkedListTest" file="/usr/src/collections/test/Lists/LinkedListTest.php" line="59" assertions="1" time="0.009176"/>
        <testcase name="testExists" class="Squingla\Test\Collections\Lists\LinkedListTest" classname="Squingla.Test.Collections.Lists.LinkedListTest" file="/usr/src/collections/test/Lists/LinkedListTest.php" line="72" assertions="3" time="0.016223"/>
        <testcase name="testForAll" class="Squingla\Test\Collections\Lists\LinkedListTest" classname="Squingla.Test.Collections.Lists.LinkedListTest" file="/usr/src/collections/test/Lists/LinkedListTest.php" line="79" assertions="3" time="0.014429"/>
        <testcase name="testMap" class="Squingla\Test\Collections\Lists\LinkedListTest" classname="Squingla.Test.Collections.Lists.LinkedListTest" file="/usr/src/collections/test/Lists/LinkedListTest.php" line="86" assertions="1" time="0.011730"/>
        <testcase name="testFlatMap" class="Squingla\Test\Collections\Lists\LinkedListTest" classname="Squingla.Test.Collections.Lists.LinkedListTest" file="/usr/src/collections/test/Lists/LinkedListTest.php" line="100" assertions="1" time="0.019329"/>
        <testcase name="testFoldLeft" class="Squingla\Test\Collections\Lists\LinkedListTest" classname="Squingla.Test.Collections.Lists.LinkedListTest" file="/usr/src/collections/test/Lists/LinkedListTest.php" line="114" assertions="1" time="0.010022"/>
        <testcase name="testFoldLeftEmpty" class="Squingla\Test\Collections\Lists\LinkedListTest" classname="Squingla.Test.Collections.Lists.LinkedListTest" file="/usr/src/collections/test/Lists/LinkedListTest.php" line="121" assertions="1" time="0.011487"/>
        <testcase name="testFoldRight" class="Squingla\Test\Collections\Lists\LinkedListTest" classname="Squingla.Test.Collections.Lists.LinkedListTest" file="/usr/src/collections/test/Lists/LinkedListTest.php" line="129" assertions="1" time="0.010767"/>
        <testcase name="testFoldRightEmpty" class="Squingla\Test\Collections\Lists\LinkedListTest" classname="Squingla.Test.Collections.Lists.LinkedListTest" file="/usr/src/collections/test/Lists/LinkedListTest.php" line="136" assertions="1" time="0.007485"/>
        <testcase name="testForEach" class="Squingla\Test\Collections\Lists\LinkedListTest" classname="Squingla.Test.Collections.Lists.LinkedListTest" file="/usr/src/collections/test/Lists/LinkedListTest.php" line="144" assertions="1" time="0.010939"/>
        <testcase name="testForEachEmpty" class="Squingla\Test\Collections\Lists\LinkedListTest" classname="Squingla.Test.Collections.Lists.LinkedListTest" file="/usr/src/collections/test/Lists/LinkedListTest.php" line="157" assertions="1" time="0.010532"/>
        <testcase name="testReduceLeft" class="Squingla\Test\Collections\Lists\LinkedListTest" classname="Squingla.Test.Collections.Lists.LinkedListTest" file="/usr/src/collections/test/Lists/LinkedListTest.php" line="170" assertions="1" time="0.016586"/>
        <testcase name="testReduceRight" class="Squingla\Test\Collections\Lists\LinkedListTest" classname="Squingla.Test.Collections.Lists.LinkedListTest" file="/usr/src/collections/test/Lists/LinkedListTest.php" line="178" assertions="1" time="0.013254"/>
        <testcase name="testReduceLeftOption" class="Squingla\Test\Collections\Lists\LinkedListTest" classname="Squingla.Test.Collections.Lists.LinkedListTest" file="/usr/src/collections/test/Lists/LinkedListTest.php" line="186" assertions="1" time="0.015274"/>
        <testcase name="testReduceRightOption" class="Squingla\Test\Collections\Lists\LinkedListTest" classname="Squingla.Test.Collections.Lists.LinkedListTest" file="/usr/src/collections/test/Lists/LinkedListTest.php" line="194" assertions="1" time="0.016083"/>
        <testcase name="testReduceLeftEmpty" class="Squingla\Test\Collections\Lists\LinkedListTest" classname="Squingla.Test.Collections.Lists.LinkedListTest" file="/usr/src/collections/test/Lists/LinkedListTest.php" line="202" assertions="1" time="0.010808"/>
        <testcase name="testReduceRightEmpty" class="Squingla\Test\Collections\Lists\LinkedListTest" classname="Squingla.Test.Collections.Lists.LinkedListTest" file="/usr/src/collections/test/Lists/LinkedListTest.php" line="210" assertions="1" time="0.010731"/>
        <testcase name="testReduceLeftOptionEmpty" class="Squingla\Test\Collections\Lists\LinkedListTest" classname="Squingla.Test.Collections.Lists.LinkedListTest" file="/usr/src/collections/test/Lists/LinkedListTest.php" line="218" assertions="1" time="0.010054"/>
        <testcase name="testReduceRightOptionEmpty" class="Squingla\Test\Collections\Lists\LinkedListTest" classname="Squingla.Test.Collections.Lists.LinkedListTest" file="/usr/src/collections/test/Lists/LinkedListTest.php" line="226" assertions="1" time="0.009510"/>
      </testsuite>
      <testsuite name="Squingla\Test\Collections\OptionalNoneTest" file="/usr/src/collections/test/OptionalNoneTest.php" tests="24" assertions="25" errors="0" warnings="0" failures="0" skipped="0" time="0.396632">
        <testcase name="testIteration" class="Squingla\Test\Collections\OptionalNoneTest" classname="Squingla.Test.Collections.OptionalNoneTest" file="/usr/src/collections/test/OptionalNoneTest.php" line="12" assertions="1" time="0.032529"/>
        <testcase name="testGetLength" class="Squingla\Test\Collections\OptionalNoneTest" classname="Squingla.Test.Collections.OptionalNoneTest" file="/usr/src/collections/test/OptionalNoneTest.php" line="24" assertions="1" time="0.008155"/>
        <testcase name="testIsEmpty" class="Squingla\Test\Collections\OptionalNoneTest" classname="Squingla.Test.Collections.OptionalNoneTest" file="/usr/src/collections/test/OptionalNoneTest.php" line="29" assertions="1" time="0.011803"/>
        <testcase name="testNonEmpty" class="Squingla\Test\Collections\OptionalNoneTest" classname="Squingla.Test.Collections.OptionalNoneTest" file="/usr/src/collections/test/OptionalNoneTest.php" line="34" assertions="1" time="0.008146"/>
        <testcase name="testCount" class="Squingla\Test\Collections\OptionalNoneTest" classname="Squingla.Test.Collections.OptionalNoneTest" file="/usr/src/collections/test/OptionalNoneTest.php" line="39" assertions="1" time="0.010230"/>
        <testcase name="testFilter" class="Squingla\Test\Collections\OptionalNoneTest" classname="Squingla.Test.Collections.OptionalNoneTest" file="/usr/src/collections/test/OptionalNoneTest.php" line="44" assertions="1" time="0.009703"/>
        <testcase name="testFilterNot" class="Squingla\Test\Collections\OptionalNoneTest" classname="Squingla.Test.Collections.OptionalNoneTest" file="/usr/src/collections/test/OptionalNoneTest.php" line="49" assertions="1" time="0.012608"/>
        <testcase name="testExists" class="Squingla\Test\Collections\OptionalNoneTest" classname="Squingla.Test.Collections.OptionalNoneTest" file="/usr/src/collections/test/OptionalNoneTest.php" line="54" assertions="1" time="0.013333"/>
        <testcase name="testForAll" class="Squingla\Test\Collections\OptionalNoneTest" classname="Squingla.Test.Collections.OptionalNoneTest" file="/usr/src/collections/test/OptionalNoneTest.php" line="59" assertions="1" time="0.010456"/>
        <testcase name="testMap" class="Squingla\Test\Collections\OptionalNoneTest" classname="Squingla.Test.Collections.OptionalNoneTest" file="/usr/src/collections/test/OptionalNoneTest.php" line="64" assertions="1" time="0.008845"/>
        <testcase name="testFlatMap" class="Squingla\Test\Collections\OptionalNoneTest" classname="Squingla.Test.Collections.OptionalNoneTest" file="/usr/src/collections/test/OptionalNoneTest.php" line="69" assertions="1" time="0.011280"/>
        <testcase name="testFoldLeft" class="Squingla\Test\Collections\OptionalNoneTest" classname="Squingla.Test.Collections.OptionalNoneTest" file="/usr/src/collections/test/OptionalNoneTest.php" line="74" assertions="1" time="0.010023"/>
        <testcase name="testFoldRight" class="Squingla\Test\Collections\OptionalNoneTest" classname="Squingla.Test.Collections.OptionalNoneTest" file="/usr/src/collections/test/OptionalNoneTest.php" line="82" assertions="1" time="0.008717"/>
        <testcase name="testForEach" class="Squingla\Test\Collections\OptionalNoneTest" classname="Squingla.Test.Collections.OptionalNoneTest" file="/usr/src/collections/test/OptionalNoneTest.php" line="90" assertions="1" time="0.017250"/>
        <testcase name="testReduceLeft" class="Squingla\Test\Collections\OptionalNoneTest" classname="Squingla.Test.Collections.OptionalNoneTest" file="/usr/src/collections/test/OptionalNoneTest.php" line="102" assertions="1" time="0.012852"/>
        <testcase name="testReduceLeftOption" class="Squingla\Test\Collections\OptionalNoneTest" classname="Squingla.Test.Collections.OptionalNoneTest" file="/usr/src/collections/test/OptionalNoneTest.php" line="110" assertions="1" time="0.011830"/>
        <testcase name="testReduceRight" class="Squingla\Test\Collections\OptionalNoneTest" classname="Squingla.Test.Collections.OptionalNoneTest" file="/usr/src/collections/test/OptionalNoneTest.php" line="118" assertions="1" time="0.012706"/>
        <testcase name="testReduceRightOption" class="Squingla\Test\Collections\OptionalNoneTest" classname="Squingla.Test.Collections.OptionalNoneTest" file="/usr/src/collections/test/OptionalNoneTest.php" line="126" assertions="1" time="0.010096"/>
        <testcase name="testGet" class="Squingla\Test\Collections\OptionalNoneTest" classname="Squingla.Test.Collections.OptionalNoneTest" file="/usr/src/collections/test/OptionalNoneTest.php" line="134" assertions="1" time="0.010708"/>
        <testcase name="testGetOrNull" class="Squingla\Test\Collections\OptionalNoneTest" classname="Squingla.Test.Collections.OptionalNoneTest" file="/usr/src/collections/test/OptionalNoneTest.php" line="140" assertions="1" time="0.060986"/>
        <testcase name="testGetOrElse" class="Squingla\Test\Collections\OptionalNoneTest" classname="Squingla.Test.Collections.OptionalNoneTest" file="/usr/src/collections/test/OptionalNoneTest.php" line="145" assertions="1" time="0.015396"/>
        <testcase name="testOrElse" class="Squingla\Test\Collections\OptionalNoneTest" classname="Squingla.Test.Collections.OptionalNoneTest" file="/usr/src/collections/test/OptionalNoneTest.php" line="152" assertions="2" time="0.035787"/>
        <testcase name="testIfSet" class="Squingla\Test\Collections\OptionalNoneTest" classname="Squingla.Test.Collections.OptionalNoneTest" file="/usr/src/collections/test/OptionalNoneTest.php" line="161" assertions="1" time="0.026555"/>
        <testcase name="testIfEmpty" class="Squingla\Test\Collections\OptionalNoneTest" classname="Squingla.Test.Collections.OptionalNoneTest" file="/usr/src/collections/test/OptionalNoneTest.php" line="176" assertions="1" time="0.026636"/>
      </testsuite>
      <testsuite name="Squingla\Test\Collections\OptionalSomeTest" file="/usr/src/collections/test/OptionalSomeTest.php" tests="24" assertions="36" errors="0" warnings="0" failures="1" skipped="0" time="0.255322">
        <testcase name="testIteration" class="Squingla\Test\Collections\OptionalSomeTest" classname="Squingla.Test.Collections.OptionalSomeTest" file="/usr/src/collections/test/OptionalSomeTest.php" line="10" assertions="1" time="0.008463"/>
        <testcase name="testGetLength" class="Squingla\Test\Collections\OptionalSomeTest" classname="Squingla.Test.Collections.OptionalSomeTest" file="/usr/src/collections/test/OptionalSomeTest.php" line="22" assertions="1" time="0.008801"/>
        <testcase name="testIsEmpty" class="Squingla\Test\Collections\OptionalSomeTest" classname="Squingla.Test.Collections.OptionalSomeTest" file="/usr/src/collections/test/OptionalSomeTest.php" line="27" assertions="1" time="0.010134"/>
        <testcase name="testNonEmpty" class="Squingla\Test\Collections\OptionalSomeTest" classname="Squingla.Test.Collections.OptionalSomeTest" file="/usr/src/collections/test/OptionalSomeTest.php" line="32" assertions="1" time="0.012321"/>
        <testcase name="testCount" class="Squingla\Test\Collections\OptionalSomeTest" classname="Squingla.Test.Collections.OptionalSomeTest" file="/usr/src/collections/test/OptionalSomeTest.php" line="37" assertions="2" time="0.019680"/>
        <testcase name="testFilter" class="Squingla\Test\Collections\OptionalSomeTest" classname="Squingla.Test.Collections.OptionalSomeTest" file="/usr/src/collections/test/OptionalSomeTest.php" line="43" assertions="2" time="0.017089"/>
        <testcase name="testFilterNot" class="Squingla\Test\Collections\OptionalSomeTest" classname="Squingla.Test.Collections.OptionalSomeTest" file="/usr/src/collections/test/OptionalSomeTest.php" line="51" assertions="2" time="0.012769"/>
        <testcase name="testExists" class="Squingla\Test\Collections\OptionalSomeTest" classname="Squingla.Test.Collections.OptionalSomeTest" file="/usr/src/collections/test/OptionalSomeTest.php" line="59" assertions="2" time="0.011764"/>
        <testcase name="testForAll" class="Squingla\Test\Collections\OptionalSomeTest" classname="Squingla.Test.Collections.OptionalSomeTest" file="/usr/src/collections/test/OptionalSomeTest.php" line="67" assertions="2" time="0.009573"/>
        <testcase name="testMap" class="Squingla\Test\Collections\OptionalSomeTest" classname="Squingla.Test.Collections.OptionalSomeTest" file="/usr/src/collections/test/OptionalSomeTest.php" line="75" assertions="2" time="0.011366"/>
        <testcase name="testFlatMap" class="Squingla\Test\Collections\OptionalSomeTest" classname="Squingla.Test.Collections.OptionalSomeTest" file="/usr/src/collections/test/OptionalSomeTest.php" line="84" assertions="3" time="0.010828"/>
        <testcase name="testFoldLeft" class="Squingla\Test\Collections\OptionalSomeTest" classname="Squingla.Test.Collections.OptionalSomeTest" file="/usr/src/collections/test/OptionalSomeTest.php" line="95" assertions="1" time="0.010300"/>
        <testcase name="testFoldRight" class="Squingla\Test\Collections\OptionalSomeTest" classname="Squingla.Test.Collections.OptionalSomeTest" file="/usr/src/collections/test/OptionalSomeTest.php" line="102" assertions="1" time="0.008105"/>
        <testcase name="testForEach" class="Squingla\Test\Collections\OptionalSomeTest" classname="Squingla.Test.Collections.OptionalSomeTest" file="/usr/src/collections/test/OptionalSomeTest.php" line="109" assertions="1" time="0.008435"/>
        <testcase name="testReduceLeft" class="Squingla\Test\Collections\OptionalSomeTest" classname="Squingla.Test.Collections.OptionalSomeTest" file="/usr/src/collections/test/OptionalSomeTest.php" line="121" assertions="1" time="0.009707"/>
        <testcase name="testReduceLeftOption" class="Squingla\Test\Collections\OptionalSomeTest" classname="Squingla.Test.Collections.OptionalSomeTest" file="/usr/src/collections/test/OptionalSomeTest.php" line="128" assertions="2" time="0.009962"/>
        <testcase name="testReduceRight" class="Squingla\Test\Collections\OptionalSomeTest" classname="Squingla.Test.Collections.OptionalSomeTest" file="/usr/src/collections/test/OptionalSomeTest.php" line="136" assertions="1" time="0.009262"/>
        <testcase name="testReduceRightOption" class="Squingla\Test\Collections\OptionalSomeTest" classname="Squingla.Test.Collections.OptionalSomeTest" file="/usr/src/collections/test/OptionalSomeTest.php" line="143" assertions="2" time="0.009561"/>
        <testcase name="testGet" class="Squingla\Test\Collections\OptionalSomeTest" classname="Squingla.Test.Collections.OptionalSomeTest" file="/usr/src/collections/test/OptionalSomeTest.php" line="151" assertions="1" time="0.007775"/>
        <testcase name="testGetOrNull" class="Squingla\Test\Collections\OptionalSomeTest" classname="Squingla.Test.Collections.OptionalSomeTest" file="/usr/src/collections/test/OptionalSomeTest.php" line="157" assertions="1" time="0.008293"/>
        <testcase name="testGetOrElse" class="Squingla\Test\Collections\OptionalSomeTest" classname="Squingla.Test.Collections.OptionalSomeTest" file="/usr/src/collections/test/OptionalSomeTest.php" line="163" assertions="1" time="0.008614"/>
        <testcase name="testOrElse" class="Squingla\Test\Collections\OptionalSomeTest" classname="Squingla.Test.Collections.OptionalSomeTest" file="/usr/src/collections/test/OptionalSomeTest.php" line="169" assertions="2" time="0.011531"/>
        <testcase name="testIfSet" class="Squingla\Test\Collections\OptionalSomeTest" classname="Squingla.Test.Collections.OptionalSomeTest" file="/usr/src/collections/test/OptionalSomeTest.php" line="177" assertions="2" time="0.012553">
          <failure type="PHPUnit\Framework\ExpectationFailedException">Squingla\Test\Collections\OptionalSomeTest::testIfSet
Failed asserting that 13 is identical to 14.

/usr/src/collections/test/OptionalSomeTest.php:192
phpvfscomposer:///usr/src/collections/vendor/phpunit/phpunit/phpunit:97</failure>
        </testcase>
        <testcase name="testIfEmpty" class="Squingla\Test\Collections\OptionalSomeTest" classname="Squingla.Test.Collections.OptionalSomeTest" file="/usr/src/collections/test/OptionalSomeTest.php" line="195" assertions="1" time="0.008436"/>
      </testsuite>
    </testsuite>
  </testsuite>
</testsuites>
