<?xml version="1.0" encoding="UTF-8"?>
<testsuites>
  <testsuite name="" tests="455" assertions="884" errors="0" warnings="0" failures="0" skipped="0" time="5.970710">
    <testsuite name="unit" tests="455" assertions="884" errors="0" warnings="0" failures="0" skipped="0" time="5.970710">
      <testsuite name="Squingla\Test\Collections\Dictionary\ArrayDictionaryTest" file="/usr/src/collections/test/Dictionary/ArrayDictionaryTest.php" tests="121" assertions="432" errors="0" warnings="0" failures="0" skipped="0" time="2.433490">
        <testcase name="testCreateEmpty" class="Squingla\Test\Collections\Dictionary\ArrayDictionaryTest" classname="Squingla.Test.Collections.Dictionary.ArrayDictionaryTest" file="/usr/src/collections/test/Dictionary/ArrayDictionaryTest.php" line="25" assertions="1" time="0.377303"/>
        <testcase name="testCreateFromIndexedArray" class="Squingla\Test\Collections\Dictionary\ArrayDictionaryTest" classname="Squingla.Test.Collections.Dictionary.ArrayDictionaryTest" file="/usr/src/collections/test/Dictionary/ArrayDictionaryTest.php" line="30" assertions="5" time="0.035801"/>
        <testcase name="testCreateFromTuples" class="Squingla\Test\Collections\Dictionary\ArrayDictionaryTest" classname="Squingla.Test.Collections.Dictionary.ArrayDictionaryTest" file="/usr/src/collections/test/Dictionary/ArrayDictionaryTest.php" line="42" assertions="5" time="0.019691"/>
        <testcase name="testCreateFromTupleArrays" class="Squingla\Test\Collections\Dictionary\ArrayDictionaryTest" classname="Squingla.Test.Collections.Dictionary.ArrayDictionaryTest" file="/usr/src/collections/test/Dictionary/ArrayDictionaryTest.php" line="57" assertions="5" time="0.016714"/>
        <testsuite name="Squingla\Test\Collections\Dictionary\ArrayDictionaryTest::testGetLength" tests="4" assertions="4" errors="0" warnings="0" failures="0" skipped="0" time="0.033950">
          <testcase name="testGetLength with data set #0" class="Squingla\Test\Collections\Dictionary\ArrayDictionaryTest" classname="Squingla.Test.Collections.Dictionary.ArrayDictionaryTest" file="/usr/src/collections/test/Dictionary/ArrayDictionaryTest.php" line="19" assertions="1" time="0.009018"/>
          <testcase name="testGetLength with data set #1" class="Squingla\Test\Collections\Dictionary\ArrayDictionaryTest" classname="Squingla.Test.Collections.Dictionary.ArrayDictionaryTest" file="/usr/src/collections/test/Dictionary/ArrayDictionaryTest.php" line="19" assertions="1" time="0.008296"/>
          <testcase name="testGetLength with data set #2" class="Squingla\Test\Collections\Dictionary\ArrayDictionaryTest" classname="Squingla.Test.Collections.Dictionary.ArrayDictionaryTest" file="/usr/src/collections/test/Dictionary/ArrayDictionaryTest.php" line="19" assertions="1" time="0.008466"/>
          <testcase name="testGetLength with data set #3" class="Squingla\Test\Collections\Dictionary\ArrayDictionaryTest" classname="Squingla.Test.Collections.Dictionary.ArrayDictionaryTest" file="/usr/src/collections/test/Dictionary/ArrayDictionaryTest.php" line="19" assertions="1" time="0.008170"/>
        </testsuite>
        <testsuite name="Squingla\Test\Collections\Dictionary\ArrayDictionaryTest::testIsEmpty" tests="4" assertions="4" errors="0" warnings="0" failures="0" skipped="0" time="0.033909">
          <testcase name="testIsEmpty with data set #0" class="Squingla\Test\Collections\Dictionary\ArrayDictionaryTest" classname="Squingla.Test.Collections.Dictionary.ArrayDictionaryTest" file="/usr/src/collections/test/Dictionary/ArrayDictionaryTest.php" line="26" assertions="1" time="0.008844"/>
          <testcase name="testIsEmpty with data set #1" class="Squingla\Test\Collections\Dictionary\ArrayDictionaryTest" classname="Squingla.Test.Collections.Dictionary.ArrayDictionaryTest" file="/usr/src/collections/test/Dictionary/ArrayDictionaryTest.php" line="26" assertions="1" time="0.008100"/>
          <testcase name="testIsEmpty with data set #2" class="Squingla\Test\Collections\Dictionary\ArrayDictionaryTest" classname="Squingla.Test.Collections.Dictionary.ArrayDictionaryTest" file="/usr/src/collections/test/Dictionary/ArrayDictionaryTest.php" line="26" assertions="1" time="0.009004"/>
          <testcase name="testIsEmpty with data set #3" class="Squingla\Test\Collections\Dictionary\ArrayDictionaryTest" classname="Squingla.Test.Collections.Dictionary.ArrayDictionaryTest" file="/usr/src/collections/test/Dictionary/ArrayDictionaryTest.php" line="26" assertions="1" time="0.007961"/>
        </testsuite>
        <testsuite name="Squingla\Test\Collections\Dictionary\ArrayDictionaryTest::testNonEmpty" tests="4" assertions="4" errors="0" warnings="0" failures="0" skipped="0" time="0.046963">
          <testcase name="testNonEmpty with data set #0" class="Squingla\Test\Collections\Dictionary\ArrayDictionaryTest" classname="Squingla.Test.Collections.Dictionary.ArrayDictionaryTest" file="/usr/src/collections/test/Dictionary/ArrayDictionaryTest.php" line="33" assertions="1" time="0.008238"/>
          <testcase name="testNonEmpty with data set #1" class="Squingla\Test\Collections\Dictionary\ArrayDictionaryTest" classname="Squingla.Test.Collections.Dictionary.ArrayDictionaryTest" file="/usr/src/collections/test/Dictionary/ArrayDictionaryTest.php" line="33" assertions="1" time="0.010496"/>
          <testcase name="testNonEmpty with data set #2" class="Squingla\Test\Collections\Dictionary\ArrayDictionaryTest" classname="Squingla.Test.Collections.Dictionary.ArrayDictionaryTest" file="/usr/src/collections/test/Dictionary/ArrayDictionaryTest.php" line="33" assertions="1" time="0.012786"/>
          <testcase name="testNonEmpty with data set #3" class="Squingla\Test\Collections\Dictionary\ArrayDictionaryTest" classname="Squingla.Test.Collections.Dictionary.ArrayDictionaryTest" file="/usr/src/collections/test/Dictionary/ArrayDictionaryTest.php" line="33" assertions="1" time="0.015444"/>
        </testsuite>
        <testsuite name="Squingla\Test\Collections\Dictionary\ArrayDictionaryTest::testForEach" tests="4" assertions="13" errors="0" warnings="0" failures="0" skipped="0" time="0.099157">
          <testcase name="testForEach with data set #0" class="Squingla\Test\Collections\Dictionary\ArrayDictionaryTest" classname="Squingla.Test.Collections.Dictionary.ArrayDictionaryTest" file="/usr/src/collections/test/Dictionary/ArrayDictionaryTest.php" line="40" assertions="4" time="0.036685"/>
          <testcase name="testForEach with data set #1" class="Squingla\Test\Collections\Dictionary\ArrayDictionaryTest" classname="Squingla.Test.Collections.Dictionary.ArrayDictionaryTest" file="/usr/src/collections/test/Dictionary/ArrayDictionaryTest.php" line="40" assertions="4" time="0.034705"/>
          <testcase name="testForEach with data set #2" class="Squingla\Test\Collections\Dictionary\ArrayDictionaryTest" classname="Squingla.Test.Collections.Dictionary.ArrayDictionaryTest" file="/usr/src/collections/test/Dictionary/ArrayDictionaryTest.php" line="40" assertions="4" time="0.020298"/>
          <testcase name="testForEach with data set #3" class="Squingla\Test\Collections\Dictionary\ArrayDictionaryTest" classname="Squingla.Test.Collections.Dictionary.ArrayDictionaryTest" file="/usr/src/collections/test/Dictionary/ArrayDictionaryTest.php" line="40" assertions="1" time="0.007469"/>
        </testsuite>
        <testsuite name="Squingla\Test\Collections\Dictionary\ArrayDictionaryTest::testFilter" tests="3" assertions="12" errors="0" warnings="0" failures="0" skipped="0" time="0.067133">
          <testcase name="testFilter with data set #0" class="Squingla\Test\Collections\Dictionary\ArrayDictionaryTest" classname="Squingla.Test.Collections.Dictionary.ArrayDictionaryTest" file="/usr/src/collections/test/Dictionary/ArrayDictionaryTest.php" line="80" assertions="6" time="0.043360"/>
          <testcase name="testFilter with data set #1" class="Squingla\Test\Collections\Dictionary\ArrayDictionaryTest" classname="Squingla.Test.Collections.Dictionary.ArrayDictionaryTest" file="/usr/src/collections/test/Dictionary/ArrayDictionaryTest.php" line="80" assertions="4" time="0.015298"/>
          <testcase name="testFilter with data set #2" class="Squingla\Test\Collections\Dictionary\ArrayDictionaryTest" classname="Squingla.Test.Collections.Dictionary.ArrayDictionaryTest" file="/usr/src/collections/test/Dictionary/ArrayDictionaryTest.php" line="80" assertions="2" time="0.008475"/>
        </testsuite>
        <testsuite name="Squingla\Test\Collections\Dictionary\ArrayDictionaryTest::testCount" tests="3" assertions="3" errors="0" warnings="0" failures="0" skipped="0" time="0.034710">
          <testcase name="testCount with data set #0" class="Squingla\Test\Collections\Dictionary\ArrayDictionaryTest" classname="Squingla.Test.Collections.Dictionary.ArrayDictionaryTest" file="/usr/src/collections/test/Dictionary/ArrayDictionaryTest.php" line="98" assertions="1" time="0.015138"/>
          <testcase name="testCount with data set #1" class="Squingla\Test\Collections\Dictionary\ArrayDictionaryTest" classname="Squingla.Test.Collections.Dictionary.ArrayDictionaryTest" file="/usr/src/collections/test/Dictionary/ArrayDictionaryTest.php" line="98" assertions="1" time="0.010305"/>
          <testcase name="testCount with data set #2" class="Squingla\Test\Collections\Dictionary\ArrayDictionaryTest" classname="Squingla.Test.Collections.Dictionary.ArrayDictionaryTest" file="/usr/src/collections/test/Dictionary/ArrayDictionaryTest.php" line="98" assertions="1" time="0.009267"/>
        </testsuite>
        <testsuite name="Squingla\Test\Collections\Dictionary\ArrayDictionaryTest::testFilterNot" tests="3" assertions="12" errors="0" warnings="0" failures="0" skipped="0" time="0.046413">
          <testcase name="testFilterNot with data set #0" class="Squingla\Test\Collections\Dictionary\ArrayDictionaryTest" classname="Squingla.Test.Collections.Dictionary.ArrayDictionaryTest" file="/usr/src/collections/test/Dictionary/ArrayDictionaryTest.php" line="147" assertions="4" time="0.017489"/>
          <testcase name="testFilterNot with data set #1" class="Squingla\Test\Collections\Dictionary\ArrayDictionaryTest" classname="Squingla.Test.Collections.Dictionary.ArrayDictionaryTest" file="/usr/src/collections/test/Dictionary/ArrayDictionaryTest.php" line="147" assertions="6" time="0.019863"/>
          <testcase name="testFilterNot with data set #2" class="Squingla\Test\Collections\Dictionary\ArrayDictionaryTest" classname="Squingla.Test.Collections.Dictionary.ArrayDictionaryTest" file="/usr/src/collections/test/Dictionary/ArrayDictionaryTest.php" line="147" assertions="2" time="0.009061"/>
        </testsuite>
        <testsuite name="Squingla\Test\Collections\Dictionary\ArrayDictionaryTest::testExists" tests="4" assertions="4" errors="0" warnings="0" failures="0" skipped="0" time="0.040194">
          <testcase name="testExists with data set #0" class="Squingla\Test\Collections\Dictionary\ArrayDictionaryTest" classname="Squingla.Test.Collections.Dictionary.ArrayDictionaryTest" file="/usr/src/collections/test/Dictionary/ArrayDictionaryTest.php" line="204" assertions="1" time="0.010249"/>
          <testcase name="testExists with data set #1" class="Squingla\Test\Collections\Dictionary\ArrayDictionaryTest" classname="Squingla.Test.Collections.Dictionary.ArrayDictionaryTest" file="/usr/src/collections/test/Dictionary/ArrayDictionaryTest.php" line="204" assertions="1" time="0.010632"/>
          <testcase name="testExists with data set #2" class="Squingla\Test\Collections\Dictionary\ArrayDictionaryTest" classname="Squingla.Test.Collections.Dictionary.ArrayDictionaryTest" file="/usr/src/collections/test/Dictionary/ArrayDictionaryTest.php" line="204" assertions="1" time="0.010634"/>
          <testcase name="testExists with data set #3" class="Squingla\Test\Collections\Dictionary\ArrayDictionaryTest" classname="Squingla.Test.Collections.Dictionary.ArrayDictionaryTest" file="/usr/src/collections/test/Dictionary/ArrayDictionaryTest.php" line="204" assertions="1" time="0.008679"/>
        </testsuite>
        <testsuite name="Squingla\Test\Collections\Dictionary\ArrayDictionaryTest::testForAll" tests="4" assertions="4" errors="0" warnings="0" failures="0" skipped="0" time="0.041517">
          <testcase name="testForAll with data set #0" class="Squingla\Test\Collections\Dictionary\ArrayDictionaryTest" classname="Squingla.Test.Collections.Dictionary.ArrayDictionaryTest" file="/usr/src/collections/test/Dictionary/ArrayDictionaryTest.php" line="214" assertions="1" time="0.012044"/>
          <testcase name="testForAll with data set #1" class="Squingla\Test\Collections\Dictionary\ArrayDictionaryTest" classname="Squingla.Test.Collections.Dictionary.ArrayDictionaryTest" file="/usr/src/collections/test/Dictionary/ArrayDictionaryTest.php" line="214" assertions="1" time="0.010129"/>
          <testcase name="testForAll with data set #2" class="Squingla\Test\Collections\Dictionary\ArrayDictionaryTest" classname="Squingla.Test.Collections.Dictionary.ArrayDictionaryTest" file="/usr/src/collections/test/Dictionary/ArrayDictionaryTest.php" line="214" assertions="1" time="0.010908"/>
          <testcase name="testForAll with data set #3" class="Squingla\Test\Collections\Dictionary\ArrayDictionaryTest" classname="Squingla.Test.Collections.Dictionary.ArrayDictionaryTest" file="/usr/src/collections/test/Dictionary/ArrayDictionaryTest.php" line="214" assertions="1" time="0.008437"/>
        </testsuite>
        <testcase name="testMap" class="Squingla\Test\Collections\Dictionary\ArrayDictionaryTest" classname="Squingla.Test.Collections.Dictionary.ArrayDictionaryTest" file="/usr/src/collections/test/Dictionary/ArrayDictionaryTest.php" line="267" assertions="1" time="0.016123"/>
        <testcase name="testFlatMap" class="Squingla\Test\Collections\Dictionary\ArrayDictionaryTest" classname="Squingla.Test.Collections.Dictionary.ArrayDictionaryTest" file="/usr/src/collections/test/Dictionary/ArrayDictionaryTest.php" line="289" assertions="1" time="0.013724"/>
        <testcase name="testFoldLeft" class="Squingla\Test\Collections\Dictionary\ArrayDictionaryTest" classname="Squingla.Test.Collections.Dictionary.ArrayDictionaryTest" file="/usr/src/collections/test/Dictionary/ArrayDictionaryTest.php" line="321" assertions="1" time="0.019782"/>
        <testcase name="testFoldRight" class="Squingla\Test\Collections\Dictionary\ArrayDictionaryTest" classname="Squingla.Test.Collections.Dictionary.ArrayDictionaryTest" file="/usr/src/collections/test/Dictionary/ArrayDictionaryTest.php" line="337" assertions="1" time="0.010269"/>
        <testsuite name="Squingla\Test\Collections\Dictionary\ArrayDictionaryTest::testReduceLeftOption" tests="3" assertions="9" errors="0" warnings="0" failures="0" skipped="0" time="0.040384">
          <testcase name="testReduceLeftOption with data set #0" class="Squingla\Test\Collections\Dictionary\ArrayDictionaryTest" classname="Squingla.Test.Collections.Dictionary.ArrayDictionaryTest" file="/usr/src/collections/test/Dictionary/ArrayDictionaryTest.php" line="354" assertions="3" time="0.017148"/>
          <testcase name="testReduceLeftOption with data set #1" class="Squingla\Test\Collections\Dictionary\ArrayDictionaryTest" classname="Squingla.Test.Collections.Dictionary.ArrayDictionaryTest" file="/usr/src/collections/test/Dictionary/ArrayDictionaryTest.php" line="354" assertions="3" time="0.013150"/>
          <testcase name="testReduceLeftOption with data set #2" class="Squingla\Test\Collections\Dictionary\ArrayDictionaryTest" classname="Squingla.Test.Collections.Dictionary.ArrayDictionaryTest" file="/usr/src/collections/test/Dictionary/ArrayDictionaryTest.php" line="354" assertions="3" time="0.010085"/>
        </testsuite>
        <testsuite name="Squingla\Test\Collections\Dictionary\ArrayDictionaryTest::testReduceRightOption" tests="3" assertions="9" errors="0" warnings="0" failures="0" skipped="0" time="0.038475">
          <testcase name="testReduceRightOption with data set #0" class="Squingla\Test\Collections\Dictionary\ArrayDictionaryTest" classname="Squingla.Test.Collections.Dictionary.ArrayDictionaryTest" file="/usr/src/collections/test/Dictionary/ArrayDictionaryTest.php" line="369" assertions="3" time="0.014965"/>
          <testcase name="testReduceRightOption with data set #1" class="Squingla\Test\Collections\Dictionary\ArrayDictionaryTest" classname="Squingla.Test.Collections.Dictionary.ArrayDictionaryTest" file="/usr/src/collections/test/Dictionary/ArrayDictionaryTest.php" line="369" assertions="3" time="0.011776"/>
          <testcase name="testReduceRightOption with data set #2" class="Squingla\Test\Collections\Dictionary\ArrayDictionaryTest" classname="Squingla.Test.Collections.Dictionary.ArrayDictionaryTest" file="/usr/src/collections/test/Dictionary/ArrayDictionaryTest.php" line="369" assertions="3" time="0.011733"/>
        </testsuite>
        <testsuite name="Squingla\Test\Collections\Dictionary\ArrayDictionaryTest::testReduceLeft" tests="3" assertions="5" errors="0" warnings="0" failures="0" skipped="0" time="0.096240">
          <testcase name="testReduceLeft with data set #0" class="Squingla\Test\Collections\Dictionary\ArrayDictionaryTest" classname="Squingla.Test.Collections.Dictionary.ArrayDictionaryTest" file="/usr/src/collections/test/Dictionary/ArrayDictionaryTest.php" line="384" assertions="2" time="0.015385"/>
          <testcase name="testReduceLeft with data set #1" class="Squingla\Test\Collections\Dictionary\ArrayDictionaryTest" classname="Squingla.Test.Collections.Dictionary.ArrayDictionaryTest" file="/usr/src/collections/test/Dictionary/ArrayDictionaryTest.php" line="384" assertions="2" time="0.016466"/>
          <testcase name="testReduceLeft with data set #2" class="Squingla\Test\Collections\Dictionary\ArrayDictionaryTest" classname="Squingla.Test.Collections.Dictionary.ArrayDictionaryTest" file="/usr/src/collections/test/Dictionary/ArrayDictionaryTest.php" line="384" assertions="1" time="0.064389"/>
        </testsuite>
        <testsuite name="Squingla\Test\Collections\Dictionary\ArrayDictionaryTest::testReduceRight" tests="3" assertions="5" errors="0" warnings="0" failures="0" skipped="0" time="0.034729">
          <testcase name="testReduceRight with data set #0" class="Squingla\Test\Collections\Dictionary\ArrayDictionaryTest" classname="Squingla.Test.Collections.Dictionary.ArrayDictionaryTest" file="/usr/src/collections/test/Dictionary/ArrayDictionaryTest.php" line="403" assertions="2" time="0.014033"/>
          <testcase name="testReduceRight with data set #1" class="Squingla\Test\Collections\Dictionary\ArrayDictionaryTest" classname="Squingla.Test.Collections.Dictionary.ArrayDictionaryTest" file="/usr/src/collections/test/Dictionary/ArrayDictionaryTest.php" line="403" assertions="2" time="0.011525"/>
          <testcase name="testReduceRight with data set #2" class="Squingla\Test\Collections\Dictionary\ArrayDictionaryTest" classname="Squingla.Test.Collections.Dictionary.ArrayDictionaryTest" file="/usr/src/collections/test/Dictionary/ArrayDictionaryTest.php" line="403" assertions="1" time="0.009171"/>
        </testsuite>
        <testsuite name="Squingla\Test\Collections\Dictionary\ArrayDictionaryTest::testGet" tests="5" assertions="16" errors="0" warnings="0" failures="0" skipped="0" time="0.093008">
          <testcase name="testGet with data set #0" class="Squingla\Test\Collections\Dictionary\ArrayDictionaryTest" classname="Squingla.Test.Collections.Dictionary.ArrayDictionaryTest" file="/usr/src/collections/test/Dictionary/ArrayDictionaryTest.php" line="22" assertions="4" time="0.030705"/>
          <testcase name="testGet with data set #1" class="Squingla\Test\Collections\Dictionary\ArrayDictionaryTest" classname="Squingla.Test.Collections.Dictionary.ArrayDictionaryTest" file="/usr/src/collections/test/Dictionary/ArrayDictionaryTest.php" line="22" assertions="4" time="0.017924"/>
          <testcase name="testGet with data set #2" class="Squingla\Test\Collections\Dictionary\ArrayDictionaryTest" classname="Squingla.Test.Collections.Dictionary.ArrayDictionaryTest" file="/usr/src/collections/test/Dictionary/ArrayDictionaryTest.php" line="22" assertions="4" time="0.018719"/>
          <testcase name="testGet with data set #3" class="Squingla\Test\Collections\Dictionary\ArrayDictionaryTest" classname="Squingla.Test.Collections.Dictionary.ArrayDictionaryTest" file="/usr/src/collections/test/Dictionary/ArrayDictionaryTest.php" line="22" assertions="1" time="0.010306"/>
          <testcase name="testGet with data set #4" class="Squingla\Test\Collections\Dictionary\ArrayDictionaryTest" classname="Squingla.Test.Collections.Dictionary.ArrayDictionaryTest" file="/usr/src/collections/test/Dictionary/ArrayDictionaryTest.php" line="22" assertions="3" time="0.015354"/>
        </testsuite>
        <testsuite name="Squingla\Test\Collections\Dictionary\ArrayDictionaryTest::testArrayAccess" tests="5" assertions="32" errors="0" warnings="0" failures="0" skipped="0" time="0.123458">
          <testcase name="testArrayAccess with data set #0" class="Squingla\Test\Collections\Dictionary\ArrayDictionaryTest" classname="Squingla.Test.Collections.Dictionary.ArrayDictionaryTest" file="/usr/src/collections/test/Dictionary/ArrayDictionaryTest.php" line="35" assertions="8" time="0.040186"/>
          <testcase name="testArrayAccess with data set #1" class="Squingla\Test\Collections\Dictionary\ArrayDictionaryTest" classname="Squingla.Test.Collections.Dictionary.ArrayDictionaryTest" file="/usr/src/collections/test/Dictionary/ArrayDictionaryTest.php" line="35" assertions="8" time="0.021899"/>
          <testcase name="testArrayAccess with data set #2" class="Squingla\Test\Collections\Dictionary\ArrayDictionaryTest" classname="Squingla.Test.Collections.Dictionary.ArrayDictionaryTest" file="/usr/src/collections/test/Dictionary/ArrayDictionaryTest.php" line="35" assertions="8" time="0.024257"/>
          <testcase name="testArrayAccess with data set #3" class="Squingla\Test\Collections\Dictionary\ArrayDictionaryTest" classname="Squingla.Test.Collections.Dictionary.ArrayDictionaryTest" file="/usr/src/collections/test/Dictionary/ArrayDictionaryTest.php" line="35" assertions="2" time="0.013454"/>
          <testcase name="testArrayAccess with data set #4" class="Squingla\Test\Collections\Dictionary\ArrayDictionaryTest" classname="Squingla.Test.Collections.Dictionary.ArrayDictionaryTest" file="/usr/src/collections/test/Dictionary/ArrayDictionaryTest.php" line="35" assertions="6" time="0.023663"/>
        </testsuite>
        <testsuite name="Squingla\Test\Collections\Dictionary\ArrayDictionaryTest::testInvoke" tests="5" assertions="16" errors="0" warnings="0" failures="0" skipped="0" time="0.087066">
          <testcase name="testInvoke with data set #0" class="Squingla\Test\Collections\Dictionary\ArrayDictionaryTest" classname="Squingla.Test.Collections.Dictionary.ArrayDictionaryTest" file="/usr/src/collections/test/Dictionary/ArrayDictionaryTest.php" line="50" assertions="4" time="0.024488"/>
          <testcase name="testInvoke with data set #1" class="Squingla\Test\Collections\Dictionary\ArrayDictionaryTest" classname="Squingla.Test.Collections.Dictionary.ArrayDictionaryTest" file="/usr/src/collections/test/Dictionary/ArrayDictionaryTest.php" line="50" assertions="4" time="0.016990"/>
          <testcase name="testInvoke with data set #2" class="Squingla\Test\Collections\Dictionary\ArrayDictionaryTest" classname="Squingla.Test.Collections.Dictionary.ArrayDictionaryTest" file="/usr/src/collections/test/Dictionary/ArrayDictionaryTest.php" line="50" assertions="4" time="0.019980"/>
          <testcase name="testInvoke with data set #3" class="Squingla\Test\Collections\Dictionary\ArrayDictionaryTest" classname="Squingla.Test.Collections.Dictionary.ArrayDictionaryTest" file="/usr/src/collections/test/Dictionary/ArrayDictionaryTest.php" line="50" assertions="1" time="0.009380"/>
          <testcase name="testInvoke with data set #4" class="Squingla\Test\Collections\Dictionary\ArrayDictionaryTest" classname="Squingla.Test.Collections.Dictionary.ArrayDictionaryTest" file="/usr/src/collections/test/Dictionary/ArrayDictionaryTest.php" line="50" assertions="3" time="0.016227"/>
        </testsuite>
        <testsuite name="Squingla\Test\Collections\Dictionary\ArrayDictionaryTest::testGetOption" tests="5" assertions="27" errors="0" warnings="0" failures="0" skipped="0" time="0.086797">
          <testcase name="testGetOption with data set #0" class="Squingla\Test\Collections\Dictionary\ArrayDictionaryTest" classname="Squingla.Test.Collections.Dictionary.ArrayDictionaryTest" file="/usr/src/collections/test/Dictionary/ArrayDictionaryTest.php" line="63" assertions="7" time="0.018268"/>
          <testcase name="testGetOption with data set #1" class="Squingla\Test\Collections\Dictionary\ArrayDictionaryTest" classname="Squingla.Test.Collections.Dictionary.ArrayDictionaryTest" file="/usr/src/collections/test/Dictionary/ArrayDictionaryTest.php" line="63" assertions="7" time="0.020542"/>
          <testcase name="testGetOption with data set #2" class="Squingla\Test\Collections\Dictionary\ArrayDictionaryTest" classname="Squingla.Test.Collections.Dictionary.ArrayDictionaryTest" file="/usr/src/collections/test/Dictionary/ArrayDictionaryTest.php" line="63" assertions="7" time="0.020067"/>
          <testcase name="testGetOption with data set #3" class="Squingla\Test\Collections\Dictionary\ArrayDictionaryTest" classname="Squingla.Test.Collections.Dictionary.ArrayDictionaryTest" file="/usr/src/collections/test/Dictionary/ArrayDictionaryTest.php" line="63" assertions="1" time="0.009891"/>
          <testcase name="testGetOption with data set #4" class="Squingla\Test\Collections\Dictionary\ArrayDictionaryTest" classname="Squingla.Test.Collections.Dictionary.ArrayDictionaryTest" file="/usr/src/collections/test/Dictionary/ArrayDictionaryTest.php" line="63" assertions="5" time="0.018029"/>
        </testsuite>
        <testsuite name="Squingla\Test\Collections\Dictionary\ArrayDictionaryTest::testHasKey" tests="5" assertions="16" errors="0" warnings="0" failures="0" skipped="0" time="0.066713">
          <testcase name="testHasKey with data set #0" class="Squingla\Test\Collections\Dictionary\ArrayDictionaryTest" classname="Squingla.Test.Collections.Dictionary.ArrayDictionaryTest" file="/usr/src/collections/test/Dictionary/ArrayDictionaryTest.php" line="77" assertions="4" time="0.018687"/>
          <testcase name="testHasKey with data set #1" class="Squingla\Test\Collections\Dictionary\ArrayDictionaryTest" classname="Squingla.Test.Collections.Dictionary.ArrayDictionaryTest" file="/usr/src/collections/test/Dictionary/ArrayDictionaryTest.php" line="77" assertions="4" time="0.015546"/>
          <testcase name="testHasKey with data set #2" class="Squingla\Test\Collections\Dictionary\ArrayDictionaryTest" classname="Squingla.Test.Collections.Dictionary.ArrayDictionaryTest" file="/usr/src/collections/test/Dictionary/ArrayDictionaryTest.php" line="77" assertions="4" time="0.013554"/>
          <testcase name="testHasKey with data set #3" class="Squingla\Test\Collections\Dictionary\ArrayDictionaryTest" classname="Squingla.Test.Collections.Dictionary.ArrayDictionaryTest" file="/usr/src/collections/test/Dictionary/ArrayDictionaryTest.php" line="77" assertions="1" time="0.006279"/>
          <testcase name="testHasKey with data set #4" class="Squingla\Test\Collections\Dictionary\ArrayDictionaryTest" classname="Squingla.Test.Collections.Dictionary.ArrayDictionaryTest" file="/usr/src/collections/test/Dictionary/ArrayDictionaryTest.php" line="77" assertions="3" time="0.012647"/>
        </testsuite>
        <testsuite name="Squingla\Test\Collections\Dictionary\ArrayDictionaryTest::testHasValue" tests="5" assertions="16" errors="0" warnings="0" failures="0" skipped="0" time="0.064158">
          <testcase name="testHasValue with data set #0" class="Squingla\Test\Collections\Dictionary\ArrayDictionaryTest" classname="Squingla.Test.Collections.Dictionary.ArrayDictionaryTest" file="/usr/src/collections/test/Dictionary/ArrayDictionaryTest.php" line="89" assertions="4" time="0.014582"/>
          <testcase name="testHasValue with data set #1" class="Squingla\Test\Collections\Dictionary\ArrayDictionaryTest" classname="Squingla.Test.Collections.Dictionary.ArrayDictionaryTest" file="/usr/src/collections/test/Dictionary/ArrayDictionaryTest.php" line="89" assertions="4" time="0.012907"/>
          <testcase name="testHasValue with data set #2" class="Squingla\Test\Collections\Dictionary\ArrayDictionaryTest" classname="Squingla.Test.Collections.Dictionary.ArrayDictionaryTest" file="/usr/src/collections/test/Dictionary/ArrayDictionaryTest.php" line="89" assertions="4" time="0.014528"/>
          <testcase name="testHasValue with data set #3" class="Squingla\Test\Collections\Dictionary\ArrayDictionaryTest" classname="Squingla.Test.Collections.Dictionary.ArrayDictionaryTest" file="/usr/src/collections/test/Dictionary/ArrayDictionaryTest.php" line="89" assertions="1" time="0.007760"/>
          <testcase name="testHasValue with data set #4" class="Squingla\Test\Collections\Dictionary\ArrayDictionaryTest" classname="Squingla.Test.Collections.Dictionary.ArrayDictionaryTest" file="/usr/src/collections/test/Dictionary/ArrayDictionaryTest.php" line="89" assertions="3" time="0.014382"/>
        </testsuite>
        <testsuite name="Squingla\Test\Collections\Dictionary\ArrayDictionaryTest::testPut" tests="3" assertions="19" errors="0" warnings="0" failures="0" skipped="0" time="0.061332">
          <testcase name="testPut with data set #0" class="Squingla\Test\Collections\Dictionary\ArrayDictionaryTest" classname="Squingla.Test.Collections.Dictionary.ArrayDictionaryTest" file="/usr/src/collections/test/Dictionary/ArrayDictionaryTest.php" line="149" assertions="9" time="0.025845"/>
          <testcase name="testPut with data set #1" class="Squingla\Test\Collections\Dictionary\ArrayDictionaryTest" classname="Squingla.Test.Collections.Dictionary.ArrayDictionaryTest" file="/usr/src/collections/test/Dictionary/ArrayDictionaryTest.php" line="149" assertions="7" time="0.023514"/>
          <testcase name="testPut with data set #2" class="Squingla\Test\Collections\Dictionary\ArrayDictionaryTest" classname="Squingla.Test.Collections.Dictionary.ArrayDictionaryTest" file="/usr/src/collections/test/Dictionary/ArrayDictionaryTest.php" line="149" assertions="3" time="0.011972"/>
        </testsuite>
        <testsuite name="Squingla\Test\Collections\Dictionary\ArrayDictionaryTest::testSet" tests="3" assertions="19" errors="0" warnings="0" failures="0" skipped="0" time="0.068590">
          <testcase name="testSet with data set #0" class="Squingla\Test\Collections\Dictionary\ArrayDictionaryTest" classname="Squingla.Test.Collections.Dictionary.ArrayDictionaryTest" file="/usr/src/collections/test/Dictionary/ArrayDictionaryTest.php" line="167" assertions="9" time="0.028531"/>
          <testcase name="testSet with data set #1" class="Squingla\Test\Collections\Dictionary\ArrayDictionaryTest" classname="Squingla.Test.Collections.Dictionary.ArrayDictionaryTest" file="/usr/src/collections/test/Dictionary/ArrayDictionaryTest.php" line="167" assertions="7" time="0.028679"/>
          <testcase name="testSet with data set #2" class="Squingla\Test\Collections\Dictionary\ArrayDictionaryTest" classname="Squingla.Test.Collections.Dictionary.ArrayDictionaryTest" file="/usr/src/collections/test/Dictionary/ArrayDictionaryTest.php" line="167" assertions="3" time="0.011380"/>
        </testsuite>
        <testsuite name="Squingla\Test\Collections\Dictionary\ArrayDictionaryTest::testAppended" tests="3" assertions="20" errors="0" warnings="0" failures="0" skipped="0" time="0.057721">
          <testcase name="testAppended with data set #0" class="Squingla\Test\Collections\Dictionary\ArrayDictionaryTest" classname="Squingla.Test.Collections.Dictionary.ArrayDictionaryTest" file="/usr/src/collections/test/Dictionary/ArrayDictionaryTest.php" line="17" assertions="8" time="0.022894"/>
          <testcase name="testAppended with data set #1" class="Squingla\Test\Collections\Dictionary\ArrayDictionaryTest" classname="Squingla.Test.Collections.Dictionary.ArrayDictionaryTest" file="/usr/src/collections/test/Dictionary/ArrayDictionaryTest.php" line="17" assertions="4" time="0.010728"/>
          <testcase name="testAppended with data set #2" class="Squingla\Test\Collections\Dictionary\ArrayDictionaryTest" classname="Squingla.Test.Collections.Dictionary.ArrayDictionaryTest" file="/usr/src/collections/test/Dictionary/ArrayDictionaryTest.php" line="17" assertions="8" time="0.024099"/>
        </testsuite>
        <testsuite name="Squingla\Test\Collections\Dictionary\ArrayDictionaryTest::testPrepended" tests="3" assertions="20" errors="0" warnings="0" failures="0" skipped="0" time="0.130823">
          <testcase name="testPrepended with data set #0" class="Squingla\Test\Collections\Dictionary\ArrayDictionaryTest" classname="Squingla.Test.Collections.Dictionary.ArrayDictionaryTest" file="/usr/src/collections/test/Dictionary/ArrayDictionaryTest.php" line="31" assertions="8" time="0.048180"/>
          <testcase name="testPrepended with data set #1" class="Squingla\Test\Collections\Dictionary\ArrayDictionaryTest" classname="Squingla.Test.Collections.Dictionary.ArrayDictionaryTest" file="/usr/src/collections/test/Dictionary/ArrayDictionaryTest.php" line="31" assertions="4" time="0.041480"/>
          <testcase name="testPrepended with data set #2" class="Squingla\Test\Collections\Dictionary\ArrayDictionaryTest" classname="Squingla.Test.Collections.Dictionary.ArrayDictionaryTest" file="/usr/src/collections/test/Dictionary/ArrayDictionaryTest.php" line="31" assertions="8" time="0.041163"/>
        </testsuite>
        <testsuite name="Squingla\Test\Collections\Dictionary\ArrayDictionaryTest::testConcat" tests="2" assertions="20" errors="0" warnings="0" failures="0" skipped="0" time="0.062249">
          <testcase name="testConcat with data set #0" class="Squingla\Test\Collections\Dictionary\ArrayDictionaryTest" classname="Squingla.Test.Collections.Dictionary.ArrayDictionaryTest" file="/usr/src/collections/test/Dictionary/ArrayDictionaryTest.php" line="81" assertions="10" time="0.029699"/>
          <testcase name="testConcat with data set #1" class="Squingla\Test\Collections\Dictionary\ArrayDictionaryTest" classname="Squingla.Test.Collections.Dictionary.ArrayDictionaryTest" file="/usr/src/collections/test/Dictionary/ArrayDictionaryTest.php" line="81" assertions="10" time="0.032550"/>
        </testsuite>
        <testsuite name="Squingla\Test\Collections\Dictionary\ArrayDictionaryTest::testHead" tests="4" assertions="7" errors="0" warnings="0" failures="0" skipped="0" time="0.058538">
          <testcase name="testHead with data set #0" class="Squingla\Test\Collections\Dictionary\ArrayDictionaryTest" classname="Squingla.Test.Collections.Dictionary.ArrayDictionaryTest" file="/usr/src/collections/test/Dictionary/ArrayDictionaryTest.php" line="133" assertions="2" time="0.027393"/>
          <testcase name="testHead with data set #1" class="Squingla\Test\Collections\Dictionary\ArrayDictionaryTest" classname="Squingla.Test.Collections.Dictionary.ArrayDictionaryTest" file="/usr/src/collections/test/Dictionary/ArrayDictionaryTest.php" line="133" assertions="2" time="0.010770"/>
          <testcase name="testHead with data set #2" class="Squingla\Test\Collections\Dictionary\ArrayDictionaryTest" classname="Squingla.Test.Collections.Dictionary.ArrayDictionaryTest" file="/usr/src/collections/test/Dictionary/ArrayDictionaryTest.php" line="133" assertions="2" time="0.011086"/>
          <testcase name="testHead with data set #3" class="Squingla\Test\Collections\Dictionary\ArrayDictionaryTest" classname="Squingla.Test.Collections.Dictionary.ArrayDictionaryTest" file="/usr/src/collections/test/Dictionary/ArrayDictionaryTest.php" line="133" assertions="1" time="0.009289"/>
        </testsuite>
        <testsuite name="Squingla\Test\Collections\Dictionary\ArrayDictionaryTest::testHeadOption" tests="4" assertions="10" errors="0" warnings="0" failures="0" skipped="0" time="0.044950">
          <testcase name="testHeadOption with data set #0" class="Squingla\Test\Collections\Dictionary\ArrayDictionaryTest" classname="Squingla.Test.Collections.Dictionary.ArrayDictionaryTest" file="/usr/src/collections/test/Dictionary/ArrayDictionaryTest.php" line="158" assertions="3" time="0.012074"/>
          <testcase name="testHeadOption with data set #1" class="Squingla\Test\Collections\Dictionary\ArrayDictionaryTest" classname="Squingla.Test.Collections.Dictionary.ArrayDictionaryTest" file="/usr/src/collections/test/Dictionary/ArrayDictionaryTest.php" line="158" assertions="3" time="0.011990"/>
          <testcase name="testHeadOption with data set #2" class="Squingla\Test\Collections\Dictionary\ArrayDictionaryTest" classname="Squingla.Test.Collections.Dictionary.ArrayDictionaryTest" file="/usr/src/collections/test/Dictionary/ArrayDictionaryTest.php" line="158" assertions="3" time="0.011543"/>
          <testcase name="testHeadOption with data set #3" class="Squingla\Test\Collections\Dictionary\ArrayDictionaryTest" classname="Squingla.Test.Collections.Dictionary.ArrayDictionaryTest" file="/usr/src/collections/test/Dictionary/ArrayDictionaryTest.php" line="158" assertions="1" time="0.009344"/>
        </testsuite>
        <testsuite name="Squingla\Test\Collections\Dictionary\ArrayDictionaryTest::testTail" tests="4" assertions="4" errors="0" warnings="0" failures="0" skipped="0" time="0.038294">
          <testcase name="testTail with data set #0" class="Squingla\Test\Collections\Dictionary\ArrayDictionaryTest" classname="Squingla.Test.Collections.Dictionary.ArrayDictionaryTest" file="/usr/src/collections/test/Dictionary/ArrayDictionaryTest.php" line="184" assertions="1" time="0.010869"/>
          <testcase name="testTail with data set #1" class="Squingla\Test\Collections\Dictionary\ArrayDictionaryTest" classname="Squingla.Test.Collections.Dictionary.ArrayDictionaryTest" file="/usr/src/collections/test/Dictionary/ArrayDictionaryTest.php" line="184" assertions="1" time="0.009923"/>
          <testcase name="testTail with data set #2" class="Squingla\Test\Collections\Dictionary\ArrayDictionaryTest" classname="Squingla.Test.Collections.Dictionary.ArrayDictionaryTest" file="/usr/src/collections/test/Dictionary/ArrayDictionaryTest.php" line="184" assertions="1" time="0.009107"/>
          <testcase name="testTail with data set #3" class="Squingla\Test\Collections\Dictionary\ArrayDictionaryTest" classname="Squingla.Test.Collections.Dictionary.ArrayDictionaryTest" file="/usr/src/collections/test/Dictionary/ArrayDictionaryTest.php" line="184" assertions="1" time="0.008395"/>
        </testsuite>
        <testsuite name="Squingla\Test\Collections\Dictionary\ArrayDictionaryTest::testDeconstruct" tests="4" assertions="28" errors="0" warnings="0" failures="0" skipped="0" time="0.108995">
          <testcase name="testDeconstruct with data set #0" class="Squingla\Test\Collections\Dictionary\ArrayDictionaryTest" classname="Squingla.Test.Collections.Dictionary.ArrayDictionaryTest" file="/usr/src/collections/test/Dictionary/ArrayDictionaryTest.php" line="192" assertions="9" time="0.064117"/>
          <testcase name="testDeconstruct with data set #1" class="Squingla\Test\Collections\Dictionary\ArrayDictionaryTest" classname="Squingla.Test.Collections.Dictionary.ArrayDictionaryTest" file="/usr/src/collections/test/Dictionary/ArrayDictionaryTest.php" line="192" assertions="9" time="0.017510"/>
          <testcase name="testDeconstruct with data set #2" class="Squingla\Test\Collections\Dictionary\ArrayDictionaryTest" classname="Squingla.Test.Collections.Dictionary.ArrayDictionaryTest" file="/usr/src/collections/test/Dictionary/ArrayDictionaryTest.php" line="192" assertions="9" time="0.016992"/>
          <testcase name="testDeconstruct with data set #3" class="Squingla\Test\Collections\Dictionary\ArrayDictionaryTest" classname="Squingla.Test.Collections.Dictionary.ArrayDictionaryTest" file="/usr/src/collections/test/Dictionary/ArrayDictionaryTest.php" line="192" assertions="1" time="0.010376"/>
        </testsuite>
        <testsuite name="Squingla\Test\Collections\Dictionary\ArrayDictionaryTest::testDeconstructOption" tests="4" assertions="32" errors="0" warnings="0" failures="0" skipped="0" time="0.063521">
          <testcase name="testDeconstructOption with data set #0" class="Squingla\Test\Collections\Dictionary\ArrayDictionaryTest" classname="Squingla.Test.Collections.Dictionary.ArrayDictionaryTest" file="/usr/src/collections/test/Dictionary/ArrayDictionaryTest.php" line="230" assertions="10" time="0.017046"/>
          <testcase name="testDeconstructOption with data set #1" class="Squingla\Test\Collections\Dictionary\ArrayDictionaryTest" classname="Squingla.Test.Collections.Dictionary.ArrayDictionaryTest" file="/usr/src/collections/test/Dictionary/ArrayDictionaryTest.php" line="230" assertions="10" time="0.017091"/>
          <testcase name="testDeconstructOption with data set #2" class="Squingla\Test\Collections\Dictionary\ArrayDictionaryTest" classname="Squingla.Test.Collections.Dictionary.ArrayDictionaryTest" file="/usr/src/collections/test/Dictionary/ArrayDictionaryTest.php" line="230" assertions="10" time="0.018767"/>
          <testcase name="testDeconstructOption with data set #3" class="Squingla\Test\Collections\Dictionary\ArrayDictionaryTest" classname="Squingla.Test.Collections.Dictionary.ArrayDictionaryTest" file="/usr/src/collections/test/Dictionary/ArrayDictionaryTest.php" line="230" assertions="2" time="0.010618"/>
        </testsuite>
        <testsuite name="Squingla\Test\Collections\Dictionary\ArrayDictionaryTest::testToNative" tests="4" assertions="22" errors="0" warnings="0" failures="0" skipped="0" time="0.054094">
          <testcase name="testToNative with data set #0" class="Squingla\Test\Collections\Dictionary\ArrayDictionaryTest" classname="Squingla.Test.Collections.Dictionary.ArrayDictionaryTest" file="/usr/src/collections/test/Dictionary/ArrayDictionaryTest.php" line="269" assertions="7" time="0.016084"/>
          <testcase name="testToNative with data set #1" class="Squingla\Test\Collections\Dictionary\ArrayDictionaryTest" classname="Squingla.Test.Collections.Dictionary.ArrayDictionaryTest" file="/usr/src/collections/test/Dictionary/ArrayDictionaryTest.php" line="269" assertions="7" time="0.013028"/>
          <testcase name="testToNative with data set #2" class="Squingla\Test\Collections\Dictionary\ArrayDictionaryTest" classname="Squingla.Test.Collections.Dictionary.ArrayDictionaryTest" file="/usr/src/collections/test/Dictionary/ArrayDictionaryTest.php" line="269" assertions="7" time="0.017259"/>
          <testcase name="testToNative with data set #3" class="Squingla\Test\Collections\Dictionary\ArrayDictionaryTest" classname="Squingla.Test.Collections.Dictionary.ArrayDictionaryTest" file="/usr/src/collections/test/Dictionary/ArrayDictionaryTest.php" line="269" assertions="1" time="0.007723"/>
        </testsuite>
      </testsuite>
      <testsuite name="Squingla\Test\Collections\Dictionary\Tuple\SimpleTupleTest" file="/usr/src/collections/test/Dictionary/Tuple/SimpleTupleTest.php" tests="6" assertions="6" errors="0" warnings="0" failures="0" skipped="0" time="0.049740">
        <testsuite name="Squingla\Test\Collections\Dictionary\Tuple\SimpleTupleTest::testGetKey" tests="3" assertions="3" errors="0" warnings="0" failures="0" skipped="0" time="0.022578">
          <testcase name="testGetKey with data set #0" class="Squingla\Test\Collections\Dictionary\Tuple\SimpleTupleTest" classname="Squingla.Test.Collections.Dictionary.Tuple.SimpleTupleTest" file="/usr/src/collections/test/Dictionary/Tuple/SimpleTupleTest.php" line="18" assertions="1" time="0.009517"/>
          <testcase name="testGetKey with data set #1" class="Squingla\Test\Collections\Dictionary\Tuple\SimpleTupleTest" classname="Squingla.Test.Collections.Dictionary.Tuple.SimpleTupleTest" file="/usr/src/collections/test/Dictionary/Tuple/SimpleTupleTest.php" line="18" assertions="1" time="0.006769"/>
          <testcase name="testGetKey with data set #2" class="Squingla\Test\Collections\Dictionary\Tuple\SimpleTupleTest" classname="Squingla.Test.Collections.Dictionary.Tuple.SimpleTupleTest" file="/usr/src/collections/test/Dictionary/Tuple/SimpleTupleTest.php" line="18" assertions="1" time="0.006291"/>
        </testsuite>
        <testsuite name="Squingla\Test\Collections\Dictionary\Tuple\SimpleTupleTest::testGetValue" tests="3" assertions="3" errors="0" warnings="0" failures="0" skipped="0" time="0.027162">
          <testcase name="testGetValue with data set #0" class="Squingla\Test\Collections\Dictionary\Tuple\SimpleTupleTest" classname="Squingla.Test.Collections.Dictionary.Tuple.SimpleTupleTest" file="/usr/src/collections/test/Dictionary/Tuple/SimpleTupleTest.php" line="34" assertions="1" time="0.011252"/>
          <testcase name="testGetValue with data set #1" class="Squingla\Test\Collections\Dictionary\Tuple\SimpleTupleTest" classname="Squingla.Test.Collections.Dictionary.Tuple.SimpleTupleTest" file="/usr/src/collections/test/Dictionary/Tuple/SimpleTupleTest.php" line="34" assertions="1" time="0.008072"/>
          <testcase name="testGetValue with data set #2" class="Squingla\Test\Collections\Dictionary\Tuple\SimpleTupleTest" classname="Squingla.Test.Collections.Dictionary.Tuple.SimpleTupleTest" file="/usr/src/collections/test/Dictionary/Tuple/SimpleTupleTest.php" line="34" assertions="1" time="0.007839"/>
        </testsuite>
      </testsuite>
      <testsuite name="Squingla\Test\Collections\Lists\ArrayListTest" file="/usr/src/collections/test/Lists/ArrayListTest.php" tests="141" assertions="194" errors="0" warnings="0" failures="0" skipped="0" time="1.400127">
        <testsuite name="Squingla\Test\Collections\Lists\ArrayListTest::testGet" tests="5" assertions="5" errors="0" warnings="0" failures="0" skipped="0" time="0.043287">
          <testcase name="testGet with data set #0" class="Squingla\Test\Collections\Lists\ArrayListTest" classname="Squingla.Test.Collections.Lists.ArrayListTest" file="/usr/src/collections/test/Lists/ArrayListTest.php" line="25" assertions="1" time="0.009721"/>
          <testcase name="testGet with data set #1" class="Squingla\Test\Collections\Lists\ArrayListTest" classname="Squingla.Test.Collections.Lists.ArrayListTest" file="/usr/src/collections/test/Lists/ArrayListTest.php" line="25" assertions="1" time="0.008976"/>
          <testcase name="testGet with data set #2" class="Squingla\Test\Collections\Lists\ArrayListTest" classname="Squingla.Test.Collections.Lists.ArrayListTest" file="/usr/src/collections/test/Lists/ArrayListTest.php" line="25" assertions="1" time="0.008443"/>
          <testcase name="testGet with data set #3" class="Squingla\Test\Collections\Lists\ArrayListTest" classname="Squingla.Test.Collections.Lists.ArrayListTest" file="/usr/src/collections/test/Lists/ArrayListTest.php" line="25" assertions="1" time="0.008967"/>
          <testcase name="testGet with data set #4" class="Squingla\Test\Collections\Lists\ArrayListTest" classname="Squingla.Test.Collections.Lists.ArrayListTest" file="/usr/src/collections/test/Lists/ArrayListTest.php" line="25" assertions="1" time="0.007180"/>
        </testsuite>
        <testsuite name="Squingla\Test\Collections\Lists\ArrayListTest::testGetOption" tests="5" assertions="10" errors="0" warnings="0" failures="0" skipped="0" time="0.048126">
          <testcase name="testGetOption with data set #0" class="Squingla\Test\Collections\Lists\ArrayListTest" classname="Squingla.Test.Collections.Lists.ArrayListTest" file="/usr/src/collections/test/Lists/ArrayListTest.php" line="39" assertions="2" time="0.011663"/>
          <testcase name="testGetOption with data set #1" class="Squingla\Test\Collections\Lists\ArrayListTest" classname="Squingla.Test.Collections.Lists.ArrayListTest" file="/usr/src/collections/test/Lists/ArrayListTest.php" line="39" assertions="2" time="0.009845"/>
          <testcase name="testGetOption with data set #2" class="Squingla\Test\Collections\Lists\ArrayListTest" classname="Squingla.Test.Collections.Lists.ArrayListTest" file="/usr/src/collections/test/Lists/ArrayListTest.php" line="39" assertions="2" time="0.008960"/>
          <testcase name="testGetOption with data set #3" class="Squingla\Test\Collections\Lists\ArrayListTest" classname="Squingla.Test.Collections.Lists.ArrayListTest" file="/usr/src/collections/test/Lists/ArrayListTest.php" line="39" assertions="2" time="0.009284"/>
          <testcase name="testGetOption with data set #4" class="Squingla\Test\Collections\Lists\ArrayListTest" classname="Squingla.Test.Collections.Lists.ArrayListTest" file="/usr/src/collections/test/Lists/ArrayListTest.php" line="39" assertions="2" time="0.008375"/>
        </testsuite>
        <testsuite name="Squingla\Test\Collections\Lists\ArrayListTest::testArrayAccess" tests="5" assertions="10" errors="0" warnings="0" failures="0" skipped="0" time="0.051810">
          <testcase name="testArrayAccess with data set #0" class="Squingla\Test\Collections\Lists\ArrayListTest" classname="Squingla.Test.Collections.Lists.ArrayListTest" file="/usr/src/collections/test/Lists/ArrayListTest.php" line="54" assertions="2" time="0.011376"/>
          <testcase name="testArrayAccess with data set #1" class="Squingla\Test\Collections\Lists\ArrayListTest" classname="Squingla.Test.Collections.Lists.ArrayListTest" file="/usr/src/collections/test/Lists/ArrayListTest.php" line="54" assertions="2" time="0.010765"/>
          <testcase name="testArrayAccess with data set #2" class="Squingla\Test\Collections\Lists\ArrayListTest" classname="Squingla.Test.Collections.Lists.ArrayListTest" file="/usr/src/collections/test/Lists/ArrayListTest.php" line="54" assertions="2" time="0.009911"/>
          <testcase name="testArrayAccess with data set #3" class="Squingla\Test\Collections\Lists\ArrayListTest" classname="Squingla.Test.Collections.Lists.ArrayListTest" file="/usr/src/collections/test/Lists/ArrayListTest.php" line="54" assertions="2" time="0.009774"/>
          <testcase name="testArrayAccess with data set #4" class="Squingla\Test\Collections\Lists\ArrayListTest" classname="Squingla.Test.Collections.Lists.ArrayListTest" file="/usr/src/collections/test/Lists/ArrayListTest.php" line="54" assertions="2" time="0.009985"/>
        </testsuite>
        <testsuite name="Squingla\Test\Collections\Lists\ArrayListTest::testInvoke" tests="5" assertions="5" errors="0" warnings="0" failures="0" skipped="0" time="0.047655">
          <testcase name="testInvoke with data set #0" class="Squingla\Test\Collections\Lists\ArrayListTest" classname="Squingla.Test.Collections.Lists.ArrayListTest" file="/usr/src/collections/test/Lists/ArrayListTest.php" line="68" assertions="1" time="0.011390"/>
          <testcase name="testInvoke with data set #1" class="Squingla\Test\Collections\Lists\ArrayListTest" classname="Squingla.Test.Collections.Lists.ArrayListTest" file="/usr/src/collections/test/Lists/ArrayListTest.php" line="68" assertions="1" time="0.008207"/>
          <testcase name="testInvoke with data set #2" class="Squingla\Test\Collections\Lists\ArrayListTest" classname="Squingla.Test.Collections.Lists.ArrayListTest" file="/usr/src/collections/test/Lists/ArrayListTest.php" line="68" assertions="1" time="0.009088"/>
          <testcase name="testInvoke with data set #3" class="Squingla\Test\Collections\Lists\ArrayListTest" classname="Squingla.Test.Collections.Lists.ArrayListTest" file="/usr/src/collections/test/Lists/ArrayListTest.php" line="68" assertions="1" time="0.009547"/>
          <testcase name="testInvoke with data set #4" class="Squingla\Test\Collections\Lists\ArrayListTest" classname="Squingla.Test.Collections.Lists.ArrayListTest" file="/usr/src/collections/test/Lists/ArrayListTest.php" line="68" assertions="1" time="0.009424"/>
        </testsuite>
        <testcase name="testGetInvalidIndex" class="Squingla\Test\Collections\Lists\ArrayListTest" classname="Squingla.Test.Collections.Lists.ArrayListTest" file="/usr/src/collections/test/Lists/ArrayListTest.php" line="86" assertions="1" time="0.011311"/>
        <testcase name="testGetIndexOutOfBounds" class="Squingla\Test\Collections\Lists\ArrayListTest" classname="Squingla.Test.Collections.Lists.ArrayListTest" file="/usr/src/collections/test/Lists/ArrayListTest.php" line="94" assertions="1" time="0.010583"/>
        <testcase name="testGetOptionInvalidIndex" class="Squingla\Test\Collections\Lists\ArrayListTest" classname="Squingla.Test.Collections.Lists.ArrayListTest" file="/usr/src/collections/test/Lists/ArrayListTest.php" line="102" assertions="1" time="0.008442"/>
        <testcase name="testGetOptionIndexOutOfBounds" class="Squingla\Test\Collections\Lists\ArrayListTest" classname="Squingla.Test.Collections.Lists.ArrayListTest" file="/usr/src/collections/test/Lists/ArrayListTest.php" line="109" assertions="1" time="0.008571"/>
        <testsuite name="Squingla\Test\Collections\Lists\ArrayListTest::testDrop" tests="8" assertions="8" errors="0" warnings="0" failures="0" skipped="0" time="0.067931">
          <testcase name="testDrop with data set #0" class="Squingla\Test\Collections\Lists\ArrayListTest" classname="Squingla.Test.Collections.Lists.ArrayListTest" file="/usr/src/collections/test/Lists/ArrayListTest.php" line="122" assertions="1" time="0.009118"/>
          <testcase name="testDrop with data set #1" class="Squingla\Test\Collections\Lists\ArrayListTest" classname="Squingla.Test.Collections.Lists.ArrayListTest" file="/usr/src/collections/test/Lists/ArrayListTest.php" line="122" assertions="1" time="0.008401"/>
          <testcase name="testDrop with data set #2" class="Squingla\Test\Collections\Lists\ArrayListTest" classname="Squingla.Test.Collections.Lists.ArrayListTest" file="/usr/src/collections/test/Lists/ArrayListTest.php" line="122" assertions="1" time="0.008130"/>
          <testcase name="testDrop with data set #3" class="Squingla\Test\Collections\Lists\ArrayListTest" classname="Squingla.Test.Collections.Lists.ArrayListTest" file="/usr/src/collections/test/Lists/ArrayListTest.php" line="122" assertions="1" time="0.008688"/>
          <testcase name="testDrop with data set #4" class="Squingla\Test\Collections\Lists\ArrayListTest" classname="Squingla.Test.Collections.Lists.ArrayListTest" file="/usr/src/collections/test/Lists/ArrayListTest.php" line="122" assertions="1" time="0.007628"/>
          <testcase name="testDrop with data set #5" class="Squingla\Test\Collections\Lists\ArrayListTest" classname="Squingla.Test.Collections.Lists.ArrayListTest" file="/usr/src/collections/test/Lists/ArrayListTest.php" line="122" assertions="1" time="0.007688"/>
          <testcase name="testDrop with data set #6" class="Squingla\Test\Collections\Lists\ArrayListTest" classname="Squingla.Test.Collections.Lists.ArrayListTest" file="/usr/src/collections/test/Lists/ArrayListTest.php" line="122" assertions="1" time="0.008706"/>
          <testcase name="testDrop with data set #7" class="Squingla\Test\Collections\Lists\ArrayListTest" classname="Squingla.Test.Collections.Lists.ArrayListTest" file="/usr/src/collections/test/Lists/ArrayListTest.php" line="122" assertions="1" time="0.009574"/>
        </testsuite>
        <testsuite name="Squingla\Test\Collections\Lists\ArrayListTest::testDropRight" tests="8" assertions="8" errors="0" warnings="0" failures="0" skipped="0" time="0.069353">
          <testcase name="testDropRight with data set #0" class="Squingla\Test\Collections\Lists\ArrayListTest" classname="Squingla.Test.Collections.Lists.ArrayListTest" file="/usr/src/collections/test/Lists/ArrayListTest.php" line="150" assertions="1" time="0.010489"/>
          <testcase name="testDropRight with data set #1" class="Squingla\Test\Collections\Lists\ArrayListTest" classname="Squingla.Test.Collections.Lists.ArrayListTest" file="/usr/src/collections/test/Lists/ArrayListTest.php" line="150" assertions="1" time="0.007634"/>
          <testcase name="testDropRight with data set #2" class="Squingla\Test\Collections\Lists\ArrayListTest" classname="Squingla.Test.Collections.Lists.ArrayListTest" file="/usr/src/collections/test/Lists/ArrayListTest.php" line="150" assertions="1" time="0.008437"/>
          <testcase name="testDropRight with data set #3" class="Squingla\Test\Collections\Lists\ArrayListTest" classname="Squingla.Test.Collections.Lists.ArrayListTest" file="/usr/src/collections/test/Lists/ArrayListTest.php" line="150" assertions="1" time="0.008868"/>
          <testcase name="testDropRight with data set #4" class="Squingla\Test\Collections\Lists\ArrayListTest" classname="Squingla.Test.Collections.Lists.ArrayListTest" file="/usr/src/collections/test/Lists/ArrayListTest.php" line="150" assertions="1" time="0.008040"/>
          <testcase name="testDropRight with data set #5" class="Squingla\Test\Collections\Lists\ArrayListTest" classname="Squingla.Test.Collections.Lists.ArrayListTest" file="/usr/src/collections/test/Lists/ArrayListTest.php" line="150" assertions="1" time="0.008853"/>
          <testcase name="testDropRight with data set #6" class="Squingla\Test\Collections\Lists\ArrayListTest" classname="Squingla.Test.Collections.Lists.ArrayListTest" file="/usr/src/collections/test/Lists/ArrayListTest.php" line="150" assertions="1" time="0.009189"/>
          <testcase name="testDropRight with data set #7" class="Squingla\Test\Collections\Lists\ArrayListTest" classname="Squingla.Test.Collections.Lists.ArrayListTest" file="/usr/src/collections/test/Lists/ArrayListTest.php" line="150" assertions="1" time="0.007843"/>
        </testsuite>
        <testsuite name="Squingla\Test\Collections\Lists\ArrayListTest::testReverse" tests="4" assertions="4" errors="0" warnings="0" failures="0" skipped="0" time="0.033961">
          <testcase name="testReverse with data set #0" class="Squingla\Test\Collections\Lists\ArrayListTest" classname="Squingla.Test.Collections.Lists.ArrayListTest" file="/usr/src/collections/test/Lists/ArrayListTest.php" line="178" assertions="1" time="0.011043"/>
          <testcase name="testReverse with data set #1" class="Squingla\Test\Collections\Lists\ArrayListTest" classname="Squingla.Test.Collections.Lists.ArrayListTest" file="/usr/src/collections/test/Lists/ArrayListTest.php" line="178" assertions="1" time="0.008174"/>
          <testcase name="testReverse with data set #2" class="Squingla\Test\Collections\Lists\ArrayListTest" classname="Squingla.Test.Collections.Lists.ArrayListTest" file="/usr/src/collections/test/Lists/ArrayListTest.php" line="178" assertions="1" time="0.006718"/>
          <testcase name="testReverse with data set #3" class="Squingla\Test\Collections\Lists\ArrayListTest" classname="Squingla.Test.Collections.Lists.ArrayListTest" file="/usr/src/collections/test/Lists/ArrayListTest.php" line="178" assertions="1" time="0.008025"/>
        </testsuite>
        <testsuite name="Squingla\Test\Collections\Lists\ArrayListTest::testIndexOf" tests="10" assertions="10" errors="0" warnings="0" failures="0" skipped="0" time="0.080506">
          <testcase name="testIndexOf with data set #0" class="Squingla\Test\Collections\Lists\ArrayListTest" classname="Squingla.Test.Collections.Lists.ArrayListTest" file="/usr/src/collections/test/Lists/ArrayListTest.php" line="199" assertions="1" time="0.009823"/>
          <testcase name="testIndexOf with data set #1" class="Squingla\Test\Collections\Lists\ArrayListTest" classname="Squingla.Test.Collections.Lists.ArrayListTest" file="/usr/src/collections/test/Lists/ArrayListTest.php" line="199" assertions="1" time="0.007285"/>
          <testcase name="testIndexOf with data set #2" class="Squingla\Test\Collections\Lists\ArrayListTest" classname="Squingla.Test.Collections.Lists.ArrayListTest" file="/usr/src/collections/test/Lists/ArrayListTest.php" line="199" assertions="1" time="0.008828"/>
          <testcase name="testIndexOf with data set #3" class="Squingla\Test\Collections\Lists\ArrayListTest" classname="Squingla.Test.Collections.Lists.ArrayListTest" file="/usr/src/collections/test/Lists/ArrayListTest.php" line="199" assertions="1" time="0.007143"/>
          <testcase name="testIndexOf with data set #4" class="Squingla\Test\Collections\Lists\ArrayListTest" classname="Squingla.Test.Collections.Lists.ArrayListTest" file="/usr/src/collections/test/Lists/ArrayListTest.php" line="199" assertions="1" time="0.006952"/>
          <testcase name="testIndexOf with data set #5" class="Squingla\Test\Collections\Lists\ArrayListTest" classname="Squingla.Test.Collections.Lists.ArrayListTest" file="/usr/src/collections/test/Lists/ArrayListTest.php" line="199" assertions="1" time="0.009060"/>
          <testcase name="testIndexOf with data set #6" class="Squingla\Test\Collections\Lists\ArrayListTest" classname="Squingla.Test.Collections.Lists.ArrayListTest" file="/usr/src/collections/test/Lists/ArrayListTest.php" line="199" assertions="1" time="0.007358"/>
          <testcase name="testIndexOf with data set #7" class="Squingla\Test\Collections\Lists\ArrayListTest" classname="Squingla.Test.Collections.Lists.ArrayListTest" file="/usr/src/collections/test/Lists/ArrayListTest.php" line="199" assertions="1" time="0.008902"/>
          <testcase name="testIndexOf with data set #8" class="Squingla\Test\Collections\Lists\ArrayListTest" classname="Squingla.Test.Collections.Lists.ArrayListTest" file="/usr/src/collections/test/Lists/ArrayListTest.php" line="199" assertions="1" time="0.007176"/>
          <testcase name="testIndexOf with data set #9" class="Squingla\Test\Collections\Lists\ArrayListTest" classname="Squingla.Test.Collections.Lists.ArrayListTest" file="/usr/src/collections/test/Lists/ArrayListTest.php" line="199" assertions="1" time="0.007980"/>
        </testsuite>
        <testsuite name="Squingla\Test\Collections\Lists\ArrayListTest::testIndexWhere" tests="4" assertions="4" errors="0" warnings="0" failures="0" skipped="0" time="0.037777">
          <testcase name="testIndexWhere with data set #0" class="Squingla\Test\Collections\Lists\ArrayListTest" classname="Squingla.Test.Collections.Lists.ArrayListTest" file="/usr/src/collections/test/Lists/ArrayListTest.php" line="230" assertions="1" time="0.010513"/>
          <testcase name="testIndexWhere with data set #1" class="Squingla\Test\Collections\Lists\ArrayListTest" classname="Squingla.Test.Collections.Lists.ArrayListTest" file="/usr/src/collections/test/Lists/ArrayListTest.php" line="230" assertions="1" time="0.009592"/>
          <testcase name="testIndexWhere with data set #2" class="Squingla\Test\Collections\Lists\ArrayListTest" classname="Squingla.Test.Collections.Lists.ArrayListTest" file="/usr/src/collections/test/Lists/ArrayListTest.php" line="230" assertions="1" time="0.008486"/>
          <testcase name="testIndexWhere with data set #3" class="Squingla\Test\Collections\Lists\ArrayListTest" classname="Squingla.Test.Collections.Lists.ArrayListTest" file="/usr/src/collections/test/Lists/ArrayListTest.php" line="230" assertions="1" time="0.009186"/>
        </testsuite>
        <testsuite name="Squingla\Test\Collections\Lists\ArrayListTest::testSlice" tests="8" assertions="8" errors="0" warnings="0" failures="0" skipped="0" time="0.122643">
          <testcase name="testSlice with data set #0" class="Squingla\Test\Collections\Lists\ArrayListTest" classname="Squingla.Test.Collections.Lists.ArrayListTest" file="/usr/src/collections/test/Lists/ArrayListTest.php" line="254" assertions="1" time="0.015603"/>
          <testcase name="testSlice with data set #1" class="Squingla\Test\Collections\Lists\ArrayListTest" classname="Squingla.Test.Collections.Lists.ArrayListTest" file="/usr/src/collections/test/Lists/ArrayListTest.php" line="254" assertions="1" time="0.017757"/>
          <testcase name="testSlice with data set #2" class="Squingla\Test\Collections\Lists\ArrayListTest" classname="Squingla.Test.Collections.Lists.ArrayListTest" file="/usr/src/collections/test/Lists/ArrayListTest.php" line="254" assertions="1" time="0.022303"/>
          <testcase name="testSlice with data set #3" class="Squingla\Test\Collections\Lists\ArrayListTest" classname="Squingla.Test.Collections.Lists.ArrayListTest" file="/usr/src/collections/test/Lists/ArrayListTest.php" line="254" assertions="1" time="0.022279"/>
          <testcase name="testSlice with data set #4" class="Squingla\Test\Collections\Lists\ArrayListTest" classname="Squingla.Test.Collections.Lists.ArrayListTest" file="/usr/src/collections/test/Lists/ArrayListTest.php" line="254" assertions="1" time="0.019862"/>
          <testcase name="testSlice with data set #5" class="Squingla\Test\Collections\Lists\ArrayListTest" classname="Squingla.Test.Collections.Lists.ArrayListTest" file="/usr/src/collections/test/Lists/ArrayListTest.php" line="254" assertions="1" time="0.009031"/>
          <testcase name="testSlice with data set #6" class="Squingla\Test\Collections\Lists\ArrayListTest" classname="Squingla.Test.Collections.Lists.ArrayListTest" file="/usr/src/collections/test/Lists/ArrayListTest.php" line="254" assertions="1" time="0.007744"/>
          <testcase name="testSlice with data set #7" class="Squingla\Test\Collections\Lists\ArrayListTest" classname="Squingla.Test.Collections.Lists.ArrayListTest" file="/usr/src/collections/test/Lists/ArrayListTest.php" line="254" assertions="1" time="0.008063"/>
        </testsuite>
        <testsuite name="Squingla\Test\Collections\Lists\ArrayListTest::testSort" tests="4" assertions="4" errors="0" warnings="0" failures="0" skipped="0" time="0.034166">
          <testcase name="testSort with data set #0" class="Squingla\Test\Collections\Lists\ArrayListTest" classname="Squingla.Test.Collections.Lists.ArrayListTest" file="/usr/src/collections/test/Lists/ArrayListTest.php" line="283" assertions="1" time="0.008544"/>
          <testcase name="testSort with data set #1" class="Squingla\Test\Collections\Lists\ArrayListTest" classname="Squingla.Test.Collections.Lists.ArrayListTest" file="/usr/src/collections/test/Lists/ArrayListTest.php" line="283" assertions="1" time="0.007611"/>
          <testcase name="testSort with data set #2" class="Squingla\Test\Collections\Lists\ArrayListTest" classname="Squingla.Test.Collections.Lists.ArrayListTest" file="/usr/src/collections/test/Lists/ArrayListTest.php" line="283" assertions="1" time="0.008069"/>
          <testcase name="testSort with data set #3" class="Squingla\Test\Collections\Lists\ArrayListTest" classname="Squingla.Test.Collections.Lists.ArrayListTest" file="/usr/src/collections/test/Lists/ArrayListTest.php" line="283" assertions="1" time="0.009942"/>
        </testsuite>
        <testsuite name="Squingla\Test\Collections\Lists\ArrayListTest::testSplitAt" tests="9" assertions="36" errors="0" warnings="0" failures="0" skipped="0" time="0.110222">
          <testcase name="testSplitAt with data set #0" class="Squingla\Test\Collections\Lists\ArrayListTest" classname="Squingla.Test.Collections.Lists.ArrayListTest" file="/usr/src/collections/test/Lists/ArrayListTest.php" line="307" assertions="4" time="0.017364"/>
          <testcase name="testSplitAt with data set #1" class="Squingla\Test\Collections\Lists\ArrayListTest" classname="Squingla.Test.Collections.Lists.ArrayListTest" file="/usr/src/collections/test/Lists/ArrayListTest.php" line="307" assertions="4" time="0.013471"/>
          <testcase name="testSplitAt with data set #2" class="Squingla\Test\Collections\Lists\ArrayListTest" classname="Squingla.Test.Collections.Lists.ArrayListTest" file="/usr/src/collections/test/Lists/ArrayListTest.php" line="307" assertions="4" time="0.011588"/>
          <testcase name="testSplitAt with data set #3" class="Squingla\Test\Collections\Lists\ArrayListTest" classname="Squingla.Test.Collections.Lists.ArrayListTest" file="/usr/src/collections/test/Lists/ArrayListTest.php" line="307" assertions="4" time="0.011044"/>
          <testcase name="testSplitAt with data set #4" class="Squingla\Test\Collections\Lists\ArrayListTest" classname="Squingla.Test.Collections.Lists.ArrayListTest" file="/usr/src/collections/test/Lists/ArrayListTest.php" line="307" assertions="4" time="0.009724"/>
          <testcase name="testSplitAt with data set #5" class="Squingla\Test\Collections\Lists\ArrayListTest" classname="Squingla.Test.Collections.Lists.ArrayListTest" file="/usr/src/collections/test/Lists/ArrayListTest.php" line="307" assertions="4" time="0.010989"/>
          <testcase name="testSplitAt with data set #6" class="Squingla\Test\Collections\Lists\ArrayListTest" classname="Squingla.Test.Collections.Lists.ArrayListTest" file="/usr/src/collections/test/Lists/ArrayListTest.php" line="307" assertions="4" time="0.012305"/>
          <testcase name="testSplitAt with data set #7" class="Squingla\Test\Collections\Lists\ArrayListTest" classname="Squingla.Test.Collections.Lists.ArrayListTest" file="/usr/src/collections/test/Lists/ArrayListTest.php" line="307" assertions="4" time="0.011046"/>
          <testcase name="testSplitAt with data set #8" class="Squingla\Test\Collections\Lists\ArrayListTest" classname="Squingla.Test.Collections.Lists.ArrayListTest" file="/usr/src/collections/test/Lists/ArrayListTest.php" line="307" assertions="4" time="0.012690"/>
        </testsuite>
        <testsuite name="Squingla\Test\Collections\Lists\ArrayListTest::testTake" tests="9" assertions="9" errors="0" warnings="0" failures="0" skipped="0" time="0.073519">
          <testcase name="testTake with data set #0" class="Squingla\Test\Collections\Lists\ArrayListTest" classname="Squingla.Test.Collections.Lists.ArrayListTest" file="/usr/src/collections/test/Lists/ArrayListTest.php" line="327" assertions="1" time="0.008134"/>
          <testcase name="testTake with data set #1" class="Squingla\Test\Collections\Lists\ArrayListTest" classname="Squingla.Test.Collections.Lists.ArrayListTest" file="/usr/src/collections/test/Lists/ArrayListTest.php" line="327" assertions="1" time="0.007860"/>
          <testcase name="testTake with data set #2" class="Squingla\Test\Collections\Lists\ArrayListTest" classname="Squingla.Test.Collections.Lists.ArrayListTest" file="/usr/src/collections/test/Lists/ArrayListTest.php" line="327" assertions="1" time="0.008360"/>
          <testcase name="testTake with data set #3" class="Squingla\Test\Collections\Lists\ArrayListTest" classname="Squingla.Test.Collections.Lists.ArrayListTest" file="/usr/src/collections/test/Lists/ArrayListTest.php" line="327" assertions="1" time="0.008849"/>
          <testcase name="testTake with data set #4" class="Squingla\Test\Collections\Lists\ArrayListTest" classname="Squingla.Test.Collections.Lists.ArrayListTest" file="/usr/src/collections/test/Lists/ArrayListTest.php" line="327" assertions="1" time="0.008959"/>
          <testcase name="testTake with data set #5" class="Squingla\Test\Collections\Lists\ArrayListTest" classname="Squingla.Test.Collections.Lists.ArrayListTest" file="/usr/src/collections/test/Lists/ArrayListTest.php" line="327" assertions="1" time="0.008700"/>
          <testcase name="testTake with data set #6" class="Squingla\Test\Collections\Lists\ArrayListTest" classname="Squingla.Test.Collections.Lists.ArrayListTest" file="/usr/src/collections/test/Lists/ArrayListTest.php" line="327" assertions="1" time="0.006751"/>
          <testcase name="testTake with data set #7" class="Squingla\Test\Collections\Lists\ArrayListTest" classname="Squingla.Test.Collections.Lists.ArrayListTest" file="/usr/src/collections/test/Lists/ArrayListTest.php" line="327" assertions="1" time="0.008433"/>
          <testcase name="testTake with data set #8" class="Squingla\Test\Collections\Lists\ArrayListTest" classname="Squingla.Test.Collections.Lists.ArrayListTest" file="/usr/src/collections/test/Lists/ArrayListTest.php" line="327" assertions="1" time="0.007472"/>
        </testsuite>
        <testsuite name="Squingla\Test\Collections\Lists\ArrayListTest::testTakeRight" tests="9" assertions="9" errors="0" warnings="0" failures="0" skipped="0" time="0.077624">
          <testcase name="testTakeRight with data set #0" class="Squingla\Test\Collections\Lists\ArrayListTest" classname="Squingla.Test.Collections.Lists.ArrayListTest" file="/usr/src/collections/test/Lists/ArrayListTest.php" line="356" assertions="1" time="0.010320"/>
          <testcase name="testTakeRight with data set #1" class="Squingla\Test\Collections\Lists\ArrayListTest" classname="Squingla.Test.Collections.Lists.ArrayListTest" file="/usr/src/collections/test/Lists/ArrayListTest.php" line="356" assertions="1" time="0.008725"/>
          <testcase name="testTakeRight with data set #2" class="Squingla\Test\Collections\Lists\ArrayListTest" classname="Squingla.Test.Collections.Lists.ArrayListTest" file="/usr/src/collections/test/Lists/ArrayListTest.php" line="356" assertions="1" time="0.009568"/>
          <testcase name="testTakeRight with data set #3" class="Squingla\Test\Collections\Lists\ArrayListTest" classname="Squingla.Test.Collections.Lists.ArrayListTest" file="/usr/src/collections/test/Lists/ArrayListTest.php" line="356" assertions="1" time="0.008744"/>
          <testcase name="testTakeRight with data set #4" class="Squingla\Test\Collections\Lists\ArrayListTest" classname="Squingla.Test.Collections.Lists.ArrayListTest" file="/usr/src/collections/test/Lists/ArrayListTest.php" line="356" assertions="1" time="0.008612"/>
          <testcase name="testTakeRight with data set #5" class="Squingla\Test\Collections\Lists\ArrayListTest" classname="Squingla.Test.Collections.Lists.ArrayListTest" file="/usr/src/collections/test/Lists/ArrayListTest.php" line="356" assertions="1" time="0.006999"/>
          <testcase name="testTakeRight with data set #6" class="Squingla\Test\Collections\Lists\ArrayListTest" classname="Squingla.Test.Collections.Lists.ArrayListTest" file="/usr/src/collections/test/Lists/ArrayListTest.php" line="356" assertions="1" time="0.009120"/>
          <testcase name="testTakeRight with data set #7" class="Squingla\Test\Collections\Lists\ArrayListTest" classname="Squingla.Test.Collections.Lists.ArrayListTest" file="/usr/src/collections/test/Lists/ArrayListTest.php" line="356" assertions="1" time="0.008040"/>
          <testcase name="testTakeRight with data set #8" class="Squingla\Test\Collections\Lists\ArrayListTest" classname="Squingla.Test.Collections.Lists.ArrayListTest" file="/usr/src/collections/test/Lists/ArrayListTest.php" line="356" assertions="1" time="0.007497"/>
        </testsuite>
        <testsuite name="Squingla\Test\Collections\Lists\ArrayListTest::testTakeWhile" tests="3" assertions="3" errors="0" warnings="0" failures="0" skipped="0" time="0.027837">
          <testcase name="testTakeWhile with data set #0" class="Squingla\Test\Collections\Lists\ArrayListTest" classname="Squingla.Test.Collections.Lists.ArrayListTest" file="/usr/src/collections/test/Lists/ArrayListTest.php" line="385" assertions="1" time="0.011093"/>
          <testcase name="testTakeWhile with data set #1" class="Squingla\Test\Collections\Lists\ArrayListTest" classname="Squingla.Test.Collections.Lists.ArrayListTest" file="/usr/src/collections/test/Lists/ArrayListTest.php" line="385" assertions="1" time="0.007034"/>
          <testcase name="testTakeWhile with data set #2" class="Squingla\Test\Collections\Lists\ArrayListTest" classname="Squingla.Test.Collections.Lists.ArrayListTest" file="/usr/src/collections/test/Lists/ArrayListTest.php" line="385" assertions="1" time="0.009710"/>
        </testsuite>
        <testcase name="testAppended" class="Squingla\Test\Collections\Lists\ArrayListTest" classname="Squingla.Test.Collections.Lists.ArrayListTest" file="/usr/src/collections/test/Lists/ArrayListTest.php" line="22" assertions="1" time="0.009134"/>
        <testcase name="testAppendedEmpty" class="Squingla\Test\Collections\Lists\ArrayListTest" classname="Squingla.Test.Collections.Lists.ArrayListTest" file="/usr/src/collections/test/Lists/ArrayListTest.php" line="31" assertions="1" time="0.008719"/>
        <testcase name="testPrepended" class="Squingla\Test\Collections\Lists\ArrayListTest" classname="Squingla.Test.Collections.Lists.ArrayListTest" file="/usr/src/collections/test/Lists/ArrayListTest.php" line="40" assertions="1" time="0.008948"/>
        <testcase name="testPrependedEmpty" class="Squingla\Test\Collections\Lists\ArrayListTest" classname="Squingla.Test.Collections.Lists.ArrayListTest" file="/usr/src/collections/test/Lists/ArrayListTest.php" line="49" assertions="1" time="0.008779"/>
        <testcase name="testConcat" class="Squingla\Test\Collections\Lists\ArrayListTest" classname="Squingla.Test.Collections.Lists.ArrayListTest" file="/usr/src/collections/test/Lists/ArrayListTest.php" line="58" assertions="1" time="0.008862"/>
        <testcase name="testHead" class="Squingla\Test\Collections\Lists\ArrayListTest" classname="Squingla.Test.Collections.Lists.ArrayListTest" file="/usr/src/collections/test/Lists/ArrayListTest.php" line="69" assertions="1" time="0.009147"/>
        <testcase name="testHeadOption" class="Squingla\Test\Collections\Lists\ArrayListTest" classname="Squingla.Test.Collections.Lists.ArrayListTest" file="/usr/src/collections/test/Lists/ArrayListTest.php" line="76" assertions="1" time="0.009935"/>
        <testcase name="testHeadEmpty" class="Squingla\Test\Collections\Lists\ArrayListTest" classname="Squingla.Test.Collections.Lists.ArrayListTest" file="/usr/src/collections/test/Lists/ArrayListTest.php" line="83" assertions="1" time="0.008856"/>
        <testcase name="testHeadOptionEmpty" class="Squingla\Test\Collections\Lists\ArrayListTest" classname="Squingla.Test.Collections.Lists.ArrayListTest" file="/usr/src/collections/test/Lists/ArrayListTest.php" line="91" assertions="1" time="0.008977"/>
        <testcase name="testTail" class="Squingla\Test\Collections\Lists\ArrayListTest" classname="Squingla.Test.Collections.Lists.ArrayListTest" file="/usr/src/collections/test/Lists/ArrayListTest.php" line="98" assertions="1" time="0.009473"/>
        <testcase name="testTailEmpty" class="Squingla\Test\Collections\Lists\ArrayListTest" classname="Squingla.Test.Collections.Lists.ArrayListTest" file="/usr/src/collections/test/Lists/ArrayListTest.php" line="106" assertions="1" time="0.006710"/>
        <testcase name="testDeconstruct" class="Squingla\Test\Collections\Lists\ArrayListTest" classname="Squingla.Test.Collections.Lists.ArrayListTest" file="/usr/src/collections/test/Lists/ArrayListTest.php" line="114" assertions="3" time="0.011096"/>
        <testcase name="testDeconstructOption" class="Squingla\Test\Collections\Lists\ArrayListTest" classname="Squingla.Test.Collections.Lists.ArrayListTest" file="/usr/src/collections/test/Lists/ArrayListTest.php" line="124" assertions="4" time="0.011858"/>
        <testcase name="testDeconstructEmpty" class="Squingla\Test\Collections\Lists\ArrayListTest" classname="Squingla.Test.Collections.Lists.ArrayListTest" file="/usr/src/collections/test/Lists/ArrayListTest.php" line="137" assertions="1" time="0.009080"/>
        <testcase name="testDeconstructOptionEmpty" class="Squingla\Test\Collections\Lists\ArrayListTest" classname="Squingla.Test.Collections.Lists.ArrayListTest" file="/usr/src/collections/test/Lists/ArrayListTest.php" line="145" assertions="4" time="0.010568"/>
        <testcase name="testToNative" class="Squingla\Test\Collections\Lists\ArrayListTest" classname="Squingla.Test.Collections.Lists.ArrayListTest" file="/usr/src/collections/test/Lists/ArrayListTest.php" line="158" assertions="1" time="0.010671"/>
[...]
        <testcase name="testHeadEmpty" class="Squingla\Test\Collections\Lists\LinkedListTest" classname="Squingla.Test.Collections.Lists.LinkedListTest" file="/usr/src/collections/test/Lists/LinkedListTest.php" line="83" assertions="1" time="0.008404"/>
        <testcase name="testHeadOptionEmpty" class="Squingla\Test\Collections\Lists\LinkedListTest" classname="Squingla.Test.Collections.Lists.LinkedListTest" file="/usr/src/collections/test/Lists/LinkedListTest.php" line="91" assertions="1" time="0.008329"/>
        <testcase name="testTail" class="Squingla\Test\Collections\Lists\LinkedListTest" classname="Squingla.Test.Collections.Lists.LinkedListTest" file="/usr/src/collections/test/Lists/LinkedListTest.php" line="98" assertions="1" time="0.008977"/>
        <testcase name="testTailEmpty" class="Squingla\Test\Collections\Lists\LinkedListTest" classname="Squingla.Test.Collections.Lists.LinkedListTest" file="/usr/src/collections/test/Lists/LinkedListTest.php" line="106" assertions="1" time="0.008254"/>
        <testcase name="testDeconstruct" class="Squingla\Test\Collections\Lists\LinkedListTest" classname="Squingla.Test.Collections.Lists.LinkedListTest" file="/usr/src/collections/test/Lists/LinkedListTest.php" line="114" assertions="3" time="0.012797"/>
        <testcase name="testDeconstructOption" class="Squingla\Test\Collections\Lists\LinkedListTest" classname="Squingla.Test.Collections.Lists.LinkedListTest" file="/usr/src/collections/test/Lists/LinkedListTest.php" line="124" assertions="4" time="0.011845"/>
        <testcase name="testDeconstructEmpty" class="Squingla\Test\Collections\Lists\LinkedListTest" classname="Squingla.Test.Collections.Lists.LinkedListTest" file="/usr/src/collections/test/Lists/LinkedListTest.php" line="137" assertions="1" time="0.010911"/>
        <testcase name="testDeconstructOptionEmpty" class="Squingla\Test\Collections\Lists\LinkedListTest" classname="Squingla.Test.Collections.Lists.LinkedListTest" file="/usr/src/collections/test/Lists/LinkedListTest.php" line="145" assertions="4" time="0.011837"/>
        <testcase name="testToNative" class="Squingla\Test\Collections\Lists\LinkedListTest" classname="Squingla.Test.Collections.Lists.LinkedListTest" file="/usr/src/collections/test/Lists/LinkedListTest.php" line="158" assertions="1" time="0.009042"/>
        <testcase name="testToNativeEmpty" class="Squingla\Test\Collections\Lists\LinkedListTest" classname="Squingla.Test.Collections.Lists.LinkedListTest" file="/usr/src/collections/test/Lists/LinkedListTest.php" line="166" assertions="1" time="0.008358"/>
        <testcase name="testGetLength" class="Squingla\Test\Collections\Lists\LinkedListTest" classname="Squingla.Test.Collections.Lists.LinkedListTest" file="/usr/src/collections/test/Lists/LinkedListTest.php" line="20" assertions="3" time="0.008718"/>
        <testcase name="testIsEmpty" class="Squingla\Test\Collections\Lists\LinkedListTest" classname="Squingla.Test.Collections.Lists.LinkedListTest" file="/usr/src/collections/test/Lists/LinkedListTest.php" line="27" assertions="2" time="0.010874"/>
        <testcase name="testNonEmpty" class="Squingla\Test\Collections\Lists\LinkedListTest" classname="Squingla.Test.Collections.Lists.LinkedListTest" file="/usr/src/collections/test/Lists/LinkedListTest.php" line="33" assertions="2" time="0.009720"/>
        <testcase name="testCount" class="Squingla\Test\Collections\Lists\LinkedListTest" classname="Squingla.Test.Collections.Lists.LinkedListTest" file="/usr/src/collections/test/Lists/LinkedListTest.php" line="39" assertions="1" time="0.010025"/>
        <testcase name="testFilter" class="Squingla\Test\Collections\Lists\LinkedListTest" classname="Squingla.Test.Collections.Lists.LinkedListTest" file="/usr/src/collections/test/Lists/LinkedListTest.php" line="46" assertions="1" time="0.010769"/>
        <testcase name="testFilterNot" class="Squingla\Test\Collections\Lists\LinkedListTest" classname="Squingla.Test.Collections.Lists.LinkedListTest" file="/usr/src/collections/test/Lists/LinkedListTest.php" line="59" assertions="1" time="0.010429"/>
        <testcase name="testExists" class="Squingla\Test\Collections\Lists\LinkedListTest" classname="Squingla.Test.Collections.Lists.LinkedListTest" file="/usr/src/collections/test/Lists/LinkedListTest.php" line="72" assertions="3" time="0.013130"/>
        <testcase name="testForAll" class="Squingla\Test\Collections\Lists\LinkedListTest" classname="Squingla.Test.Collections.Lists.LinkedListTest" file="/usr/src/collections/test/Lists/LinkedListTest.php" line="79" assertions="3" time="0.014388"/>
        <testcase name="testMap" class="Squingla\Test\Collections\Lists\LinkedListTest" classname="Squingla.Test.Collections.Lists.LinkedListTest" file="/usr/src/collections/test/Lists/LinkedListTest.php" line="86" assertions="1" time="0.011570"/>
        <testcase name="testFlatMap" class="Squingla\Test\Collections\Lists\LinkedListTest" classname="Squingla.Test.Collections.Lists.LinkedListTest" file="/usr/src/collections/test/Lists/LinkedListTest.php" line="100" assertions="1" time="0.018047"/>
        <testcase name="testFoldLeft" class="Squingla\Test\Collections\Lists\LinkedListTest" classname="Squingla.Test.Collections.Lists.LinkedListTest" file="/usr/src/collections/test/Lists/LinkedListTest.php" line="114" assertions="1" time="0.009844"/>
        <testcase name="testFoldLeftEmpty" class="Squingla\Test\Collections\Lists\LinkedListTest" classname="Squingla.Test.Collections.Lists.LinkedListTest" file="/usr/src/collections/test/Lists/LinkedListTest.php" line="121" assertions="1" time="0.009197"/>
        <testcase name="testFoldRight" class="Squingla\Test\Collections\Lists\LinkedListTest" classname="Squingla.Test.Collections.Lists.LinkedListTest" file="/usr/src/collections/test/Lists/LinkedListTest.php" line="129" assertions="1" time="0.011256"/>
        <testcase name="testFoldRightEmpty" class="Squingla\Test\Collections\Lists\LinkedListTest" classname="Squingla.Test.Collections.Lists.LinkedListTest" file="/usr/src/collections/test/Lists/LinkedListTest.php" line="136" assertions="1" time="0.007404"/>
        <testcase name="testForEach" class="Squingla\Test\Collections\Lists\LinkedListTest" classname="Squingla.Test.Collections.Lists.LinkedListTest" file="/usr/src/collections/test/Lists/LinkedListTest.php" line="144" assertions="1" time="0.009430"/>
        <testcase name="testForEachEmpty" class="Squingla\Test\Collections\Lists\LinkedListTest" classname="Squingla.Test.Collections.Lists.LinkedListTest" file="/usr/src/collections/test/Lists/LinkedListTest.php" line="157" assertions="1" time="0.009175"/>
        <testcase name="testReduceLeft" class="Squingla\Test\Collections\Lists\LinkedListTest" classname="Squingla.Test.Collections.Lists.LinkedListTest" file="/usr/src/collections/test/Lists/LinkedListTest.php" line="170" assertions="1" time="0.019744"/>
        <testcase name="testReduceRight" class="Squingla\Test\Collections\Lists\LinkedListTest" classname="Squingla.Test.Collections.Lists.LinkedListTest" file="/usr/src/collections/test/Lists/LinkedListTest.php" line="178" assertions="1" time="0.017206"/>
        <testcase name="testReduceLeftOption" class="Squingla\Test\Collections\Lists\LinkedListTest" classname="Squingla.Test.Collections.Lists.LinkedListTest" file="/usr/src/collections/test/Lists/LinkedListTest.php" line="186" assertions="1" time="0.014181"/>
        <testcase name="testReduceRightOption" class="Squingla\Test\Collections\Lists\LinkedListTest" classname="Squingla.Test.Collections.Lists.LinkedListTest" file="/usr/src/collections/test/Lists/LinkedListTest.php" line="194" assertions="1" time="0.016586"/>
        <testcase name="testReduceLeftEmpty" class="Squingla\Test\Collections\Lists\LinkedListTest" classname="Squingla.Test.Collections.Lists.LinkedListTest" file="/usr/src/collections/test/Lists/LinkedListTest.php" line="202" assertions="1" time="0.008149"/>
        <testcase name="testReduceRightEmpty" class="Squingla\Test\Collections\Lists\LinkedListTest" classname="Squingla.Test.Collections.Lists.LinkedListTest" file="/usr/src/collections/test/Lists/LinkedListTest.php" line="210" assertions="1" time="0.010250"/>
        <testcase name="testReduceLeftOptionEmpty" class="Squingla\Test\Collections\Lists\LinkedListTest" classname="Squingla.Test.Collections.Lists.LinkedListTest" file="/usr/src/collections/test/Lists/LinkedListTest.php" line="218" assertions="1" time="0.009344"/>
        <testcase name="testReduceRightOptionEmpty" class="Squingla\Test\Collections\Lists\LinkedListTest" classname="Squingla.Test.Collections.Lists.LinkedListTest" file="/usr/src/collections/test/Lists/LinkedListTest.php" line="226" assertions="1" time="0.008159"/>
      </testsuite>
      <testsuite name="Squingla\Test\Collections\OptionalNoneTest" file="/usr/src/collections/test/OptionalNoneTest.php" tests="22" assertions="23" errors="0" warnings="0" failures="0" skipped="0" time="0.274998">
        <testcase name="testIteration" class="Squingla\Test\Collections\OptionalNoneTest" classname="Squingla.Test.Collections.OptionalNoneTest" file="/usr/src/collections/test/OptionalNoneTest.php" line="12" assertions="1" time="0.026101"/>
        <testcase name="testGetLength" class="Squingla\Test\Collections\OptionalNoneTest" classname="Squingla.Test.Collections.OptionalNoneTest" file="/usr/src/collections/test/OptionalNoneTest.php" line="24" assertions="1" time="0.008327"/>
        <testcase name="testIsEmpty" class="Squingla\Test\Collections\OptionalNoneTest" classname="Squingla.Test.Collections.OptionalNoneTest" file="/usr/src/collections/test/OptionalNoneTest.php" line="29" assertions="1" time="0.010973"/>
        <testcase name="testNonEmpty" class="Squingla\Test\Collections\OptionalNoneTest" classname="Squingla.Test.Collections.OptionalNoneTest" file="/usr/src/collections/test/OptionalNoneTest.php" line="34" assertions="1" time="0.015871"/>
        <testcase name="testCount" class="Squingla\Test\Collections\OptionalNoneTest" classname="Squingla.Test.Collections.OptionalNoneTest" file="/usr/src/collections/test/OptionalNoneTest.php" line="39" assertions="1" time="0.012876"/>
        <testcase name="testFilter" class="Squingla\Test\Collections\OptionalNoneTest" classname="Squingla.Test.Collections.OptionalNoneTest" file="/usr/src/collections/test/OptionalNoneTest.php" line="44" assertions="1" time="0.019580"/>
        <testcase name="testFilterNot" class="Squingla\Test\Collections\OptionalNoneTest" classname="Squingla.Test.Collections.OptionalNoneTest" file="/usr/src/collections/test/OptionalNoneTest.php" line="49" assertions="1" time="0.023258"/>
        <testcase name="testExists" class="Squingla\Test\Collections\OptionalNoneTest" classname="Squingla.Test.Collections.OptionalNoneTest" file="/usr/src/collections/test/OptionalNoneTest.php" line="54" assertions="1" time="0.021410"/>
        <testcase name="testForAll" class="Squingla\Test\Collections\OptionalNoneTest" classname="Squingla.Test.Collections.OptionalNoneTest" file="/usr/src/collections/test/OptionalNoneTest.php" line="59" assertions="1" time="0.014009"/>
        <testcase name="testMap" class="Squingla\Test\Collections\OptionalNoneTest" classname="Squingla.Test.Collections.OptionalNoneTest" file="/usr/src/collections/test/OptionalNoneTest.php" line="64" assertions="1" time="0.008095"/>
        <testcase name="testFlatMap" class="Squingla\Test\Collections\OptionalNoneTest" classname="Squingla.Test.Collections.OptionalNoneTest" file="/usr/src/collections/test/OptionalNoneTest.php" line="69" assertions="1" time="0.008430"/>
        <testcase name="testFoldLeft" class="Squingla\Test\Collections\OptionalNoneTest" classname="Squingla.Test.Collections.OptionalNoneTest" file="/usr/src/collections/test/OptionalNoneTest.php" line="74" assertions="1" time="0.007898"/>
        <testcase name="testFoldRight" class="Squingla\Test\Collections\OptionalNoneTest" classname="Squingla.Test.Collections.OptionalNoneTest" file="/usr/src/collections/test/OptionalNoneTest.php" line="82" assertions="1" time="0.006299"/>
        <testcase name="testForEach" class="Squingla\Test\Collections\OptionalNoneTest" classname="Squingla.Test.Collections.OptionalNoneTest" file="/usr/src/collections/test/OptionalNoneTest.php" line="90" assertions="1" time="0.008140"/>
        <testcase name="testReduceLeft" class="Squingla\Test\Collections\OptionalNoneTest" classname="Squingla.Test.Collections.OptionalNoneTest" file="/usr/src/collections/test/OptionalNoneTest.php" line="102" assertions="1" time="0.008197"/>
        <testcase name="testReduceLeftOption" class="Squingla\Test\Collections\OptionalNoneTest" classname="Squingla.Test.Collections.OptionalNoneTest" file="/usr/src/collections/test/OptionalNoneTest.php" line="110" assertions="1" time="0.008143"/>
        <testcase name="testReduceRight" class="Squingla\Test\Collections\OptionalNoneTest" classname="Squingla.Test.Collections.OptionalNoneTest" file="/usr/src/collections/test/OptionalNoneTest.php" line="118" assertions="1" time="0.008997"/>
        <testcase name="testReduceRightOption" class="Squingla\Test\Collections\OptionalNoneTest" classname="Squingla.Test.Collections.OptionalNoneTest" file="/usr/src/collections/test/OptionalNoneTest.php" line="126" assertions="1" time="0.007145"/>
        <testcase name="testGet" class="Squingla\Test\Collections\OptionalNoneTest" classname="Squingla.Test.Collections.OptionalNoneTest" file="/usr/src/collections/test/OptionalNoneTest.php" line="134" assertions="1" time="0.008556"/>
        <testcase name="testGetOrNull" class="Squingla\Test\Collections\OptionalNoneTest" classname="Squingla.Test.Collections.OptionalNoneTest" file="/usr/src/collections/test/OptionalNoneTest.php" line="140" assertions="1" time="0.025736"/>
        <testcase name="testGetOrElse" class="Squingla\Test\Collections\OptionalNoneTest" classname="Squingla.Test.Collections.OptionalNoneTest" file="/usr/src/collections/test/OptionalNoneTest.php" line="145" assertions="1" time="0.008075"/>
        <testcase name="testOrElse" class="Squingla\Test\Collections\OptionalNoneTest" classname="Squingla.Test.Collections.OptionalNoneTest" file="/usr/src/collections/test/OptionalNoneTest.php" line="152" assertions="2" time="0.008880"/>
      </testsuite>
      <testsuite name="Squingla\Test\Collections\OptionalSomeTest" file="/usr/src/collections/test/OptionalSomeTest.php" tests="22" assertions="33" errors="0" warnings="0" failures="0" skipped="0" time="0.185629">
        <testcase name="testIteration" class="Squingla\Test\Collections\OptionalSomeTest" classname="Squingla.Test.Collections.OptionalSomeTest" file="/usr/src/collections/test/OptionalSomeTest.php" line="10" assertions="1" time="0.008023"/>
        <testcase name="testGetLength" class="Squingla\Test\Collections\OptionalSomeTest" classname="Squingla.Test.Collections.OptionalSomeTest" file="/usr/src/collections/test/OptionalSomeTest.php" line="22" assertions="1" time="0.007795"/>
        <testcase name="testIsEmpty" class="Squingla\Test\Collections\OptionalSomeTest" classname="Squingla.Test.Collections.OptionalSomeTest" file="/usr/src/collections/test/OptionalSomeTest.php" line="27" assertions="1" time="0.007977"/>
        <testcase name="testNonEmpty" class="Squingla\Test\Collections\OptionalSomeTest" classname="Squingla.Test.Collections.OptionalSomeTest" file="/usr/src/collections/test/OptionalSomeTest.php" line="32" assertions="1" time="0.008226"/>
        <testcase name="testCount" class="Squingla\Test\Collections\OptionalSomeTest" classname="Squingla.Test.Collections.OptionalSomeTest" file="/usr/src/collections/test/OptionalSomeTest.php" line="37" assertions="2" time="0.009046"/>
        <testcase name="testFilter" class="Squingla\Test\Collections\OptionalSomeTest" classname="Squingla.Test.Collections.OptionalSomeTest" file="/usr/src/collections/test/OptionalSomeTest.php" line="43" assertions="2" time="0.009580"/>
        <testcase name="testFilterNot" class="Squingla\Test\Collections\OptionalSomeTest" classname="Squingla.Test.Collections.OptionalSomeTest" file="/usr/src/collections/test/OptionalSomeTest.php" line="51" assertions="2" time="0.009089"/>
        <testcase name="testExists" class="Squingla\Test\Collections\OptionalSomeTest" classname="Squingla.Test.Collections.OptionalSomeTest" file="/usr/src/collections/test/OptionalSomeTest.php" line="59" assertions="2" time="0.009012"/>
        <testcase name="testForAll" class="Squingla\Test\Collections\OptionalSomeTest" classname="Squingla.Test.Collections.OptionalSomeTest" file="/usr/src/collections/test/OptionalSomeTest.php" line="67" assertions="2" time="0.008068"/>
        <testcase name="testMap" class="Squingla\Test\Collections\OptionalSomeTest" classname="Squingla.Test.Collections.OptionalSomeTest" file="/usr/src/collections/test/OptionalSomeTest.php" line="75" assertions="2" time="0.009127"/>
        <testcase name="testFlatMap" class="Squingla\Test\Collections\OptionalSomeTest" classname="Squingla.Test.Collections.OptionalSomeTest" file="/usr/src/collections/test/OptionalSomeTest.php" line="84" assertions="3" time="0.010213"/>
        <testcase name="testFoldLeft" class="Squingla\Test\Collections\OptionalSomeTest" classname="Squingla.Test.Collections.OptionalSomeTest" file="/usr/src/collections/test/OptionalSomeTest.php" line="95" assertions="1" time="0.007384"/>
        <testcase name="testFoldRight" class="Squingla\Test\Collections\OptionalSomeTest" classname="Squingla.Test.Collections.OptionalSomeTest" file="/usr/src/collections/test/OptionalSomeTest.php" line="102" assertions="1" time="0.007957"/>
        <testcase name="testForEach" class="Squingla\Test\Collections\OptionalSomeTest" classname="Squingla.Test.Collections.OptionalSomeTest" file="/usr/src/collections/test/OptionalSomeTest.php" line="109" assertions="1" time="0.007935"/>
        <testcase name="testReduceLeft" class="Squingla\Test\Collections\OptionalSomeTest" classname="Squingla.Test.Collections.OptionalSomeTest" file="/usr/src/collections/test/OptionalSomeTest.php" line="121" assertions="1" time="0.007588"/>
        <testcase name="testReduceLeftOption" class="Squingla\Test\Collections\OptionalSomeTest" classname="Squingla.Test.Collections.OptionalSomeTest" file="/usr/src/collections/test/OptionalSomeTest.php" line="128" assertions="2" time="0.008397"/>
        <testcase name="testReduceRight" class="Squingla\Test\Collections\OptionalSomeTest" classname="Squingla.Test.Collections.OptionalSomeTest" file="/usr/src/collections/test/OptionalSomeTest.php" line="136" assertions="1" time="0.008243"/>
        <testcase name="testReduceRightOption" class="Squingla\Test\Collections\OptionalSomeTest" classname="Squingla.Test.Collections.OptionalSomeTest" file="/usr/src/collections/test/OptionalSomeTest.php" line="143" assertions="2" time="0.008979"/>
        <testcase name="testGet" class="Squingla\Test\Collections\OptionalSomeTest" classname="Squingla.Test.Collections.OptionalSomeTest" file="/usr/src/collections/test/OptionalSomeTest.php" line="151" assertions="1" time="0.008618"/>
        <testcase name="testGetOrNull" class="Squingla\Test\Collections\OptionalSomeTest" classname="Squingla.Test.Collections.OptionalSomeTest" file="/usr/src/collections/test/OptionalSomeTest.php" line="157" assertions="1" time="0.008555"/>
        <testcase name="testGetOrElse" class="Squingla\Test\Collections\OptionalSomeTest" classname="Squingla.Test.Collections.OptionalSomeTest" file="/usr/src/collections/test/OptionalSomeTest.php" line="163" assertions="1" time="0.006938"/>
        <testcase name="testOrElse" class="Squingla\Test\Collections\OptionalSomeTest" classname="Squingla.Test.Collections.OptionalSomeTest" file="/usr/src/collections/test/OptionalSomeTest.php" line="169" assertions="2" time="0.008878"/>
      </testsuite>
    </testsuite>
  </testsuite>
</testsuites>
